-- path: Content/ScriptC/NewRoco/Modules/Core/Battle/Common/BattleField.luac
-- format: decrypted standard Lua 5.4 bytecode
-- note: disassembly, not original source

main source="@NewRoco\\Modules\\Core\\Battle\\Common\\BattleField.lua" lines=0-0 params=0 vararg=1 stack=255 upvalues=1
constants (44):
  K[0] = "require"
  K[1] = "Utils.KdTree"
  K[2] = "NewRoco.Modules.Core.Battle.Common.BattleConst"
  K[3] = "NewRoco.Modules.Core.Battle.Common.BattleFieldConst"
  K[4] = "NewRoco.Modules.Core.Scene.Common.SceneUtils"
  K[5] = "NewRoco.Modules.Core.Scene.Common.DebugUtils"
  K[6] = "debugClientContrast"
  K[7] = true
  K[8] = "EncounterRotateTable"
  K[9] = "OffsetTable"
  K[10] = "UE4"
  K[11] = "FVector"
  K[12] = "debugBattlePointLine"
  K[13] = false
  K[14] = "debugHitWallLine"
  K[15] = "debugLastEnterBattlePoint"
  K[16] = nil
  K[17] = "debugLastEnterBattleRotateAns"
  K[18] = "debugLastEnterBattleOriRotate"
  K[19] = "debugLastEnterBattleRotateBit"
  K[20] = "debugLastUseFullStation"
  K[21] = "PrepareBattleField"
  K[22] = "CalcEncounterRotate"
  K[23] = "mapData"
  K[24] = "lastDataFileName"
  K[25] = "lastDataMapID"
  K[26] = -1
  K[27] = "ChangeScene"
  K[28] = "LoadCurSceneData"
  K[29] = "TransAns"
  K[30] = "PostUseDataFromServerOrClientLocal"
  K[31] = "FindNearestBattlePoint"
  K[32] = "IsSuitableForFighting"
  K[33] = "FindNearestBattlePoint3D"
  K[34] = "GetPetSlope"
  K[35] = "CheckCurrent"
  K[36] = "UE4"
  K[37] = "FVector"
  K[38] = "playerPos"
  K[39] = "enemyPos"
  K[40] = 0.7071
  K[41] = -0.7071
  K[42] = "UnitTest3D"
  K[43] = "RunUnitTest3D"
upvalues (1):
  U[0] = instack=0 idx=0 kind=23 name="_ENV"
locals (12):
  L[0] = "kdTree" pc=5-206
  L[1] = "BattleConst" pc=8-206
  L[2] = "BattleFieldConst" pc=11-206
  L[3] = "SceneUtils" pc=14-206
  L[4] = "DebugUtils" pc=17-206
  L[5] = "BattleData" pc=19-206
  L[6] = "BattleField" pc=21-206
  L[7] = "upVec" pc=124-206
  L[8] = "playerTest" pc=134-206
  L[9] = "enemyTest" pc=144-206
  L[10] = "PointTests" pc=149-206
  L[11] = "EllipseTests" pc=200-206
instructions (206):
  [0001] VARARGPREP     A=0 B=0 C=0 k=0 Bx=0 sBx=-65535 Ax=0 sJ=-16777215 raw=0x00000051
  [0002] GETTABUP       A=0 B=0 C=0 k=0 Bx=0 sBx=-65535 Ax=0 sJ=-16777215 raw=0x0000000B ; R[0] = U[0][K[0] "require"]
  [0003] LOADK          A=1 B=0 C=0 k=1 Bx=1 sBx=-65534 Ax=257 sJ=-16776958 raw=0x00008083 ; R[1] = K[1] "Utils.KdTree"
  [0004] CALL           A=0 B=2 C=2 k=0 Bx=1028 sBx=-64507 Ax=263168 sJ=-16514047 raw=0x02020044
  [0005] CALL           A=0 B=1 C=2 k=0 Bx=1026 sBx=-64509 Ax=262656 sJ=-16514559 raw=0x02010044
  [0006] GETTABUP       A=1 B=0 C=0 k=0 Bx=0 sBx=-65535 Ax=1 sJ=-16777214 raw=0x0000008B ; R[1] = U[0][K[0] "require"]
  [0007] LOADK          A=2 B=1 C=0 k=0 Bx=2 sBx=-65533 Ax=514 sJ=-16776701 raw=0x00010103 ; R[2] = K[2] "NewRoco.Modules.Core.Battle.Common.BattleConst"
  [0008] CALL           A=1 B=2 C=2 k=0 Bx=1028 sBx=-64507 Ax=263169 sJ=-16514046 raw=0x020200C4
  [0009] GETTABUP       A=2 B=0 C=0 k=0 Bx=0 sBx=-65535 Ax=2 sJ=-16777213 raw=0x0000010B ; R[2] = U[0][K[0] "require"]
  [0010] LOADK          A=3 B=1 C=0 k=1 Bx=3 sBx=-65532 Ax=771 sJ=-16776444 raw=0x00018183 ; R[3] = K[3] "NewRoco.Modules.Core.Battle.Common.BattleFieldConst"
  [0011] CALL           A=2 B=2 C=2 k=0 Bx=1028 sBx=-64507 Ax=263170 sJ=-16514045 raw=0x02020144
  [0012] GETTABUP       A=3 B=0 C=0 k=0 Bx=0 sBx=-65535 Ax=3 sJ=-16777212 raw=0x0000018B ; R[3] = U[0][K[0] "require"]
  [0013] LOADK          A=4 B=2 C=0 k=0 Bx=4 sBx=-65531 Ax=1028 sJ=-16776187 raw=0x00020203 ; R[4] = K[4] "NewRoco.Modules.Core.Scene.Common.SceneUtils"
  [0014] CALL           A=3 B=2 C=2 k=0 Bx=1028 sBx=-64507 Ax=263171 sJ=-16514044 raw=0x020201C4
  [0015] GETTABUP       A=4 B=0 C=0 k=0 Bx=0 sBx=-65535 Ax=4 sJ=-16777211 raw=0x0000020B ; R[4] = U[0][K[0] "require"]
  [0016] LOADK          A=5 B=2 C=0 k=1 Bx=5 sBx=-65530 Ax=1285 sJ=-16775930 raw=0x00028283 ; R[5] = K[5] "NewRoco.Modules.Core.Scene.Common.DebugUtils"
  [0017] CALL           A=4 B=2 C=2 k=0 Bx=1028 sBx=-64507 Ax=263172 sJ=-16514043 raw=0x02020244
  [0018] NEWTABLE       A=5 B=0 C=0 k=0 Bx=0 sBx=-65535 Ax=5 sJ=-16777210 raw=0x00000293
  [0019] EXTRAARG       A=0 B=0 C=0 k=0 Bx=0 sBx=-65535 Ax=0 sJ=-16777215 raw=0x00000052
  [0020] NEWTABLE       A=6 B=0 C=0 k=0 Bx=0 sBx=-65535 Ax=6 sJ=-16777209 raw=0x00000313
  [0021] EXTRAARG       A=0 B=0 C=0 k=0 Bx=0 sBx=-65535 Ax=0 sJ=-16777215 raw=0x00000052
  [0022] SETFIELD       A=6 B=6 C=7 k=1 Bx=3597 sBx=-61938 Ax=920838 sJ=-15856377 raw=0x07068312 ; R[6][K[6] "debugClientContrast"] = R[7]
  [0023] NEWTABLE       A=7 B=0 C=8 k=0 Bx=4096 sBx=-61439 Ax=1048583 sJ=-15728632 raw=0x08000393
  [0024] EXTRAARG       A=0 B=0 C=0 k=0 Bx=0 sBx=-65535 Ax=0 sJ=-16777215 raw=0x00000052
  [0025] LOADI          A=8 B=89 C=128 k=1 Bx=65715 sBx=180 Ax=16823048 sJ=45833 raw=0x80598401
  [0026] LOADI          A=9 B=112 C=128 k=0 Bx=65760 sBx=225 Ax=16834569 sJ=57354 raw=0x80700481
  [0027] LOADI          A=10 B=210 C=127 k=1 Bx=65445 sBx=-90 Ax=16753930 sJ=-23285 raw=0x7FD28501
  [0028] LOADI          A=11 B=233 C=127 k=0 Bx=65490 sBx=-45 Ax=16765451 sJ=-11764 raw=0x7FE90581
  [0029] LOADI          A=12 B=255 C=127 k=1 Bx=65535 sBx=0 Ax=16776972 sJ=-243 raw=0x7FFF8601
  [0030] LOADI          A=13 B=22 C=128 k=0 Bx=65580 sBx=45 Ax=16788493 sJ=11278 raw=0x80160681
  [0031] LOADI          A=14 B=44 C=128 k=1 Bx=65625 sBx=90 Ax=16800014 sJ=22799 raw=0x802C8701
  [0032] LOADI          A=15 B=67 C=128 k=0 Bx=65670 sBx=135 Ax=16811535 sJ=34320 raw=0x80430781
  [0033] SETLIST        A=7 B=8 C=0 k=0 Bx=16 sBx=-65519 Ax=4103 sJ=-16773112 raw=0x000803CE
  [0034] SETFIELD       A=6 B=8 C=7 k=0 Bx=3600 sBx=-61935 Ax=921606 sJ=-15855609 raw=0x07080312 ; R[6][K[8] "EncounterRotateTable"] = R[7]
  [0035] NEWTABLE       A=7 B=0 C=7 k=0 Bx=3584 sBx=-61951 Ax=917511 sJ=-15859704 raw=0x07000393
  [0036] EXTRAARG       A=0 B=0 C=0 k=0 Bx=0 sBx=-65535 Ax=0 sJ=-16777215 raw=0x00000052
  [0037] GETTABUP       A=8 B=0 C=10 k=0 Bx=5120 sBx=-60415 Ax=1310728 sJ=-15466487 raw=0x0A00040B ; R[8] = U[0][K[10] "UE4"]
  [0038] GETFIELD       A=8 B=8 C=11 k=0 Bx=5648 sBx=-59887 Ax=1445896 sJ=-15331319 raw=0x0B08040E ; R[8] = R[8][K[11] "FVector"]
  [0039] LOADI          A=9 B=255 C=127 k=1 Bx=65535 sBx=0 Ax=16776969 sJ=-246 raw=0x7FFF8481
  [0040] LOADI          A=10 B=130 C=127 k=1 Bx=65285 sBx=-250 Ax=16712970 sJ=-64245 raw=0x7F828501
  [0041] LOADI          A=11 B=255 C=127 k=1 Bx=65535 sBx=0 Ax=16776971 sJ=-244 raw=0x7FFF8581
  [0042] CALL           A=8 B=4 C=2 k=0 Bx=1032 sBx=-64503 Ax=264200 sJ=-16513015 raw=0x02040444
  [0043] GETTABUP       A=9 B=0 C=10 k=0 Bx=5120 sBx=-60415 Ax=1310729 sJ=-15466486 raw=0x0A00048B ; R[9] = U[0][K[10] "UE4"]
  [0044] GETFIELD       A=9 B=9 C=11 k=0 Bx=5650 sBx=-59885 Ax=1446409 sJ=-15330806 raw=0x0B09048E ; R[9] = R[9][K[11] "FVector"]
  [0045] LOADI          A=10 B=78 C=128 k=1 Bx=65693 sBx=158 Ax=16817418 sJ=40203 raw=0x804E8501
  [0046] LOADI          A=11 B=176 C=127 k=1 Bx=65377 sBx=-158 Ax=16736523 sJ=-40692 raw=0x7FB08581
  [0047] LOADI          A=12 B=255 C=127 k=1 Bx=65535 sBx=0 Ax=16776972 sJ=-243 raw=0x7FFF8601
  [0048] CALL           A=9 B=4 C=2 k=0 Bx=1032 sBx=-64503 Ax=264201 sJ=-16513014 raw=0x020404C4
  [0049] GETTABUP       A=10 B=0 C=10 k=0 Bx=5120 sBx=-60415 Ax=1310730 sJ=-15466485 raw=0x0A00050B ; R[10] = U[0][K[10] "UE4"]
  [0050] GETFIELD       A=10 B=10 C=11 k=0 Bx=5652 sBx=-59883 Ax=1446922 sJ=-15330293 raw=0x0B0A050E ; R[10] = R[10][K[11] "FVector"]
  [0051] LOADI          A=11 B=124 C=128 k=1 Bx=65785 sBx=250 Ax=16840971 sJ=63756 raw=0x807C8581
  [0052] LOADI          A=12 B=255 C=127 k=1 Bx=65535 sBx=0 Ax=16776972 sJ=-243 raw=0x7FFF8601
  [0053] LOADI          A=13 B=255 C=127 k=1 Bx=65535 sBx=0 Ax=16776973 sJ=-242 raw=0x7FFF8681
  [0054] CALL           A=10 B=4 C=2 k=0 Bx=1032 sBx=-64503 Ax=264202 sJ=-16513013 raw=0x02040544
  [0055] GETTABUP       A=11 B=0 C=10 k=0 Bx=5120 sBx=-60415 Ax=1310731 sJ=-15466484 raw=0x0A00058B ; R[11] = U[0][K[10] "UE4"]
  [0056] GETFIELD       A=11 B=11 C=11 k=0 Bx=5654 sBx=-59881 Ax=1447435 sJ=-15329780 raw=0x0B0B058E ; R[11] = R[11][K[11] "FVector"]
  [0057] LOADI          A=12 B=78 C=128 k=1 Bx=65693 sBx=158 Ax=16817420 sJ=40205 raw=0x804E8601
  [0058] LOADI          A=13 B=78 C=128 k=1 Bx=65693 sBx=158 Ax=16817421 sJ=40206 raw=0x804E8681
  [0059] LOADI          A=14 B=255 C=127 k=1 Bx=65535 sBx=0 Ax=16776974 sJ=-241 raw=0x7FFF8701
  [0060] CALL           A=11 B=4 C=2 k=0 Bx=1032 sBx=-64503 Ax=264203 sJ=-16513012 raw=0x020405C4
  [0061] GETTABUP       A=12 B=0 C=10 k=0 Bx=5120 sBx=-60415 Ax=1310732 sJ=-15466483 raw=0x0A00060B ; R[12] = U[0][K[10] "UE4"]
  [0062] GETFIELD       A=12 B=12 C=11 k=0 Bx=5656 sBx=-59879 Ax=1447948 sJ=-15329267 raw=0x0B0C060E ; R[12] = R[12][K[11] "FVector"]
  [0063] LOADI          A=13 B=255 C=127 k=1 Bx=65535 sBx=0 Ax=16776973 sJ=-242 raw=0x7FFF8681
  [0064] LOADI          A=14 B=124 C=128 k=1 Bx=65785 sBx=250 Ax=16840974 sJ=63759 raw=0x807C8701
  [0065] LOADI          A=15 B=255 C=127 k=1 Bx=65535 sBx=0 Ax=16776975 sJ=-240 raw=0x7FFF8781
  [0066] CALL           A=12 B=4 C=2 k=0 Bx=1032 sBx=-64503 Ax=264204 sJ=-16513011 raw=0x02040644
  [0067] GETTABUP       A=13 B=0 C=10 k=0 Bx=5120 sBx=-60415 Ax=1310733 sJ=-15466482 raw=0x0A00068B ; R[13] = U[0][K[10] "UE4"]
  [0068] GETFIELD       A=13 B=13 C=11 k=0 Bx=5658 sBx=-59877 Ax=1448461 sJ=-15328754 raw=0x0B0D068E ; R[13] = R[13][K[11] "FVector"]
  [0069] LOADI          A=14 B=176 C=127 k=1 Bx=65377 sBx=-158 Ax=16736526 sJ=-40689 raw=0x7FB08701
  [0070] LOADI          A=15 B=78 C=128 k=1 Bx=65693 sBx=158 Ax=16817423 sJ=40208 raw=0x804E8781
  [0071] LOADI          A=16 B=255 C=127 k=1 Bx=65535 sBx=0 Ax=16776976 sJ=-239 raw=0x7FFF8801
  [0072] CALL           A=13 B=4 C=2 k=0 Bx=1032 sBx=-64503 Ax=264205 sJ=-16513010 raw=0x020406C4
  [0073] GETTABUP       A=14 B=0 C=10 k=0 Bx=5120 sBx=-60415 Ax=1310734 sJ=-15466481 raw=0x0A00070B ; R[14] = U[0][K[10] "UE4"]
  [0074] GETFIELD       A=14 B=14 C=11 k=0 Bx=5660 sBx=-59875 Ax=1448974 sJ=-15328241 raw=0x0B0E070E ; R[14] = R[14][K[11] "FVector"]
  [0075] LOADI          A=15 B=130 C=127 k=1 Bx=65285 sBx=-250 Ax=16712975 sJ=-64240 raw=0x7F828781
  [0076] LOADI          A=16 B=255 C=127 k=1 Bx=65535 sBx=0 Ax=16776976 sJ=-239 raw=0x7FFF8801
  [0077] LOADI          A=17 B=255 C=127 k=1 Bx=65535 sBx=0 Ax=16776977 sJ=-238 raw=0x7FFF8881
  [0078] CALL           A=14 B=4 C=2 k=0 Bx=1032 sBx=-64503 Ax=264206 sJ=-16513009 raw=0x02040744
  [0079] GETTABUP       A=15 B=0 C=10 k=0 Bx=5120 sBx=-60415 Ax=1310735 sJ=-15466480 raw=0x0A00078B ; R[15] = U[0][K[10] "UE4"]
  [0080] GETFIELD       A=15 B=15 C=11 k=0 Bx=5662 sBx=-59873 Ax=1449487 sJ=-15327728 raw=0x0B0F078E ; R[15] = R[15][K[11] "FVector"]
  [0081] LOADI          A=16 B=176 C=127 k=1 Bx=65377 sBx=-158 Ax=16736528 sJ=-40687 raw=0x7FB08801
  [0082] LOADI          A=17 B=176 C=127 k=1 Bx=65377 sBx=-158 Ax=16736529 sJ=-40686 raw=0x7FB08881
  [0083] LOADI          A=18 B=255 C=127 k=1 Bx=65535 sBx=0 Ax=16776978 sJ=-237 raw=0x7FFF8901
  [0084] CALL           A=15 B=4 C=0 k=0 Bx=8 sBx=-65527 Ax=2063 sJ=-16775152 raw=0x000407C4
  [0085] SETLIST        A=7 B=0 C=0 k=0 Bx=0 sBx=-65535 Ax=7 sJ=-16777208 raw=0x000003CE
  [0086] SETFIELD       A=6 B=9 C=7 k=0 Bx=3602 sBx=-61933 Ax=922118 sJ=-15855097 raw=0x07090312 ; R[6][K[9] "OffsetTable"] = R[7]
  [0087] SETFIELD       A=6 B=12 C=13 k=1 Bx=6681 sBx=-58854 Ax=1710342 sJ=-15066873 raw=0x0D0C8312 ; R[6][K[12] "debugBattlePointLine"] = R[13]
  [0088] SETFIELD       A=6 B=14 C=13 k=1 Bx=6685 sBx=-58850 Ax=1711366 sJ=-15065849 raw=0x0D0E8312 ; R[6][K[14] "debugHitWallLine"] = R[13]
  [0089] SETFIELD       A=6 B=15 C=16 k=1 Bx=8223 sBx=-57312 Ax=2105094 sJ=-14672121 raw=0x100F8312 ; R[6][K[15] "debugLastEnterBattlePoint"] = R[16]
  [0090] SETFIELD       A=6 B=17 C=16 k=1 Bx=8227 sBx=-57308 Ax=2106118 sJ=-14671097 raw=0x10118312 ; R[6][K[17] "debugLastEnterBattleRotateAns"] = R[16]
  [0091] SETFIELD       A=6 B=18 C=16 k=1 Bx=8229 sBx=-57306 Ax=2106630 sJ=-14670585 raw=0x10128312 ; R[6][K[18] "debugLastEnterBattleOriRotate"] = R[16]
  [0092] SETFIELD       A=6 B=19 C=16 k=1 Bx=8231 sBx=-57304 Ax=2107142 sJ=-14670073 raw=0x10138312 ; R[6][K[19] "debugLastEnterBattleRotateBit"] = R[16]
  [0093] SETFIELD       A=6 B=20 C=16 k=1 Bx=8233 sBx=-57302 Ax=2107654 sJ=-14669561 raw=0x10148312 ; R[6][K[20] "debugLastUseFullStation"] = R[16]
  [0094] CLOSURE        A=7 B=0 C=0 k=0 Bx=0 sBx=-65535 Ax=7 sJ=-16777208 raw=0x000003CF ; R[7] = function[0]
  [0095] SETFIELD       A=6 B=21 C=7 k=0 Bx=3626 sBx=-61909 Ax=928262 sJ=-15848953 raw=0x07150312 ; R[6][K[21] "PrepareBattleField"] = R[7]
  [0096] CLOSURE        A=7 B=0 C=0 k=1 Bx=1 sBx=-65534 Ax=263 sJ=-16776952 raw=0x000083CF ; R[7] = function[1]
  [0097] SETFIELD       A=6 B=22 C=7 k=0 Bx=3628 sBx=-61907 Ax=928774 sJ=-15848441 raw=0x07160312 ; R[6][K[22] "CalcEncounterRotate"] = R[7]
  [0098] SETFIELD       A=6 B=23 C=16 k=1 Bx=8239 sBx=-57296 Ax=2109190 sJ=-14668025 raw=0x10178312 ; R[6][K[23] "mapData"] = R[16]
  [0099] SETFIELD       A=6 B=24 C=16 k=1 Bx=8241 sBx=-57294 Ax=2109702 sJ=-14667513 raw=0x10188312 ; R[6][K[24] "lastDataFileName"] = R[16]
  [0100] SETFIELD       A=6 B=25 C=26 k=1 Bx=13363 sBx=-52172 Ax=3420934 sJ=-13356281 raw=0x1A198312 ; R[6][K[25] "lastDataMapID"] = R[26]
  [0101] CLOSURE        A=7 B=1 C=0 k=0 Bx=2 sBx=-65533 Ax=519 sJ=-16776696 raw=0x000103CF ; R[7] = function[2]
  [0102] SETFIELD       A=6 B=27 C=7 k=0 Bx=3638 sBx=-61897 Ax=931334 sJ=-15845881 raw=0x071B0312 ; R[6][K[27] "ChangeScene"] = R[7]
  [0103] CLOSURE        A=7 B=1 C=0 k=1 Bx=3 sBx=-65532 Ax=775 sJ=-16776440 raw=0x000183CF ; R[7] = function[3]
  [0104] SETFIELD       A=6 B=28 C=7 k=0 Bx=3640 sBx=-61895 Ax=931846 sJ=-15845369 raw=0x071C0312 ; R[6][K[28] "LoadCurSceneData"] = R[7]
  [0105] CLOSURE        A=7 B=2 C=0 k=0 Bx=4 sBx=-65531 Ax=1031 sJ=-16776184 raw=0x000203CF ; R[7] = function[4]
  [0106] SETFIELD       A=6 B=29 C=7 k=0 Bx=3642 sBx=-61893 Ax=932358 sJ=-15844857 raw=0x071D0312 ; R[6][K[29] "TransAns"] = R[7]
  [0107] CLOSURE        A=7 B=2 C=0 k=1 Bx=5 sBx=-65530 Ax=1287 sJ=-16775928 raw=0x000283CF ; R[7] = function[5]
  [0108] SETFIELD       A=6 B=30 C=7 k=0 Bx=3644 sBx=-61891 Ax=932870 sJ=-15844345 raw=0x071E0312 ; R[6][K[30] "PostUseDataFromServerOrClientLocal"] = R[7]
  [0109] CLOSURE        A=7 B=3 C=0 k=0 Bx=6 sBx=-65529 Ax=1543 sJ=-16775672 raw=0x000303CF ; R[7] = function[6]
  [0110] SETFIELD       A=6 B=31 C=7 k=0 Bx=3646 sBx=-61889 Ax=933382 sJ=-15843833 raw=0x071F0312 ; R[6][K[31] "FindNearestBattlePoint"] = R[7]
  [0111] CLOSURE        A=7 B=3 C=0 k=1 Bx=7 sBx=-65528 Ax=1799 sJ=-16775416 raw=0x000383CF ; R[7] = function[7]
  [0112] SETFIELD       A=6 B=32 C=7 k=0 Bx=3648 sBx=-61887 Ax=933894 sJ=-15843321 raw=0x07200312 ; R[6][K[32] "IsSuitableForFighting"] = R[7]
  [0113] CLOSURE        A=7 B=4 C=0 k=0 Bx=8 sBx=-65527 Ax=2055 sJ=-16775160 raw=0x000403CF ; R[7] = function[8]
  [0114] SETFIELD       A=6 B=33 C=7 k=0 Bx=3650 sBx=-61885 Ax=934406 sJ=-15842809 raw=0x07210312 ; R[6][K[33] "FindNearestBattlePoint3D"] = R[7]
  [0115] CLOSURE        A=7 B=4 C=0 k=1 Bx=9 sBx=-65526 Ax=2311 sJ=-16774904 raw=0x000483CF ; R[7] = function[9]
  [0116] SETFIELD       A=6 B=34 C=7 k=0 Bx=3652 sBx=-61883 Ax=934918 sJ=-15842297 raw=0x07220312 ; R[6][K[34] "GetPetSlope"] = R[7]
  [0117] CLOSURE        A=7 B=5 C=0 k=0 Bx=10 sBx=-65525 Ax=2567 sJ=-16774648 raw=0x000503CF ; R[7] = function[10]
  [0118] SETFIELD       A=6 B=35 C=7 k=0 Bx=3654 sBx=-61881 Ax=935430 sJ=-15841785 raw=0x07230312 ; R[6][K[35] "CheckCurrent"] = R[7]
  [0119] GETTABUP       A=7 B=0 C=36 k=0 Bx=18432 sBx=-47103 Ax=4718599 sJ=-12058616 raw=0x2400038B ; R[7] = U[0][K[36] "UE4"]
  [0120] GETFIELD       A=7 B=7 C=37 k=0 Bx=18958 sBx=-46577 Ax=4853255 sJ=-11923960 raw=0x2507038E ; R[7] = R[7][K[37] "FVector"]
  [0121] LOADI          A=8 B=255 C=127 k=1 Bx=65535 sBx=0 Ax=16776968 sJ=-247 raw=0x7FFF8401
  [0122] LOADI          A=9 B=255 C=127 k=1 Bx=65535 sBx=0 Ax=16776969 sJ=-246 raw=0x7FFF8481
  [0123] LOADI          A=10 B=0 C=128 k=0 Bx=65536 sBx=1 Ax=16777226 sJ=11 raw=0x80000501
  [0124] CALL           A=7 B=4 C=2 k=0 Bx=1032 sBx=-64503 Ax=264199 sJ=-16513016 raw=0x020403C4
  [0125] NEWTABLE       A=8 B=0 C=2 k=0 Bx=1024 sBx=-64511 Ax=262152 sJ=-16515063 raw=0x02000413
  [0126] EXTRAARG       A=0 B=0 C=0 k=0 Bx=0 sBx=-65535 Ax=0 sJ=-16777215 raw=0x00000052
  [0127] GETTABUP       A=9 B=0 C=36 k=0 Bx=18432 sBx=-47103 Ax=4718601 sJ=-12058614 raw=0x2400048B ; R[9] = U[0][K[36] "UE4"]
  [0128] GETFIELD       A=9 B=9 C=37 k=0 Bx=18962 sBx=-46573 Ax=4854281 sJ=-11922934 raw=0x2509048E ; R[9] = R[9][K[37] "FVector"]
  [0129] LOADI          A=10 B=255 C=127 k=1 Bx=65535 sBx=0 Ax=16776970 sJ=-245 raw=0x7FFF8501
  [0130] LOADI          A=11 B=83 C=129 k=1 Bx=66215 sBx=680 Ax=16951051 sJ=173836 raw=0x81538581
  [0131] LOADI          A=12 B=255 C=127 k=1 Bx=65535 sBx=0 Ax=16776972 sJ=-243 raw=0x7FFF8601
  [0132] CALL           A=9 B=4 C=2 k=0 Bx=1032 sBx=-64503 Ax=264201 sJ=-16513014 raw=0x020404C4
  [0133] LOADK          A=10 B=19 C=0 k=0 Bx=38 sBx=-65497 Ax=9738 sJ=-16767477 raw=0x00130503 ; R[10] = K[38] "playerPos"
  [0134] SETLIST        A=8 B=2 C=0 k=0 Bx=4 sBx=-65531 Ax=1032 sJ=-16776183 raw=0x0002044E
  [0135] NEWTABLE       A=9 B=0 C=2 k=0 Bx=1024 sBx=-64511 Ax=262153 sJ=-16515062 raw=0x02000493
  [0136] EXTRAARG       A=0 B=0 C=0 k=0 Bx=0 sBx=-65535 Ax=0 sJ=-16777215 raw=0x00000052
  [0137] GETTABUP       A=10 B=0 C=36 k=0 Bx=18432 sBx=-47103 Ax=4718602 sJ=-12058613 raw=0x2400050B ; R[10] = U[0][K[36] "UE4"]
  [0138] GETFIELD       A=10 B=10 C=37 k=0 Bx=18964 sBx=-46571 Ax=4854794 sJ=-11922421 raw=0x250A050E ; R[10] = R[10][K[37] "FVector"]
  [0139] LOADI          A=11 B=255 C=127 k=1 Bx=65535 sBx=0 Ax=16776971 sJ=-244 raw=0x7FFF8581
  [0140] LOADI          A=12 B=171 C=126 k=1 Bx=64855 sBx=-680 Ax=16602892 sJ=-174323 raw=0x7EAB8601
  [0141] LOADI          A=13 B=255 C=127 k=1 Bx=65535 sBx=0 Ax=16776973 sJ=-242 raw=0x7FFF8681
  [0142] CALL           A=10 B=4 C=2 k=0 Bx=1032 sBx=-64503 Ax=264202 sJ=-16513013 raw=0x02040544
  [0143] LOADK          A=11 B=19 C=0 k=1 Bx=39 sBx=-65496 Ax=9995 sJ=-16767220 raw=0x00138583 ; R[11] = K[39] "enemyPos"
  [0144] SETLIST        A=9 B=2 C=0 k=0 Bx=4 sBx=-65531 Ax=1033 sJ=-16776182 raw=0x000204CE
  [0145] NEWTABLE       A=10 B=0 C=2 k=0 Bx=1024 sBx=-64511 Ax=262154 sJ=-16515061 raw=0x02000513
  [0146] EXTRAARG       A=0 B=0 C=0 k=0 Bx=0 sBx=-65535 Ax=0 sJ=-16777215 raw=0x00000052
  [0147] MOVE           A=11 B=8 C=0 k=0 Bx=16 sBx=-65519 Ax=4107 sJ=-16773108 raw=0x00080580
  [0148] MOVE           A=12 B=9 C=0 k=0 Bx=18 sBx=-65517 Ax=4620 sJ=-16772595 raw=0x00090600
  [0149] SETLIST        A=10 B=2 C=0 k=0 Bx=4 sBx=-65531 Ax=1034 sJ=-16776181 raw=0x0002054E
  [0150] NEWTABLE       A=11 B=0 C=7 k=0 Bx=3584 sBx=-61951 Ax=917515 sJ=-15859700 raw=0x07000593
  [0151] EXTRAARG       A=0 B=0 C=0 k=0 Bx=0 sBx=-65535 Ax=0 sJ=-16777215 raw=0x00000052
  [0152] GETTABUP       A=12 B=0 C=36 k=0 Bx=18432 sBx=-47103 Ax=4718604 sJ=-12058611 raw=0x2400060B ; R[12] = U[0][K[36] "UE4"]
  [0153] GETFIELD       A=12 B=12 C=37 k=0 Bx=18968 sBx=-46567 Ax=4855820 sJ=-11921395 raw=0x250C060E ; R[12] = R[12][K[37] "FVector"]
  [0154] LOADI          A=13 B=0 C=128 k=0 Bx=65536 sBx=1 Ax=16777229 sJ=14 raw=0x80000681
  [0155] LOADI          A=14 B=255 C=127 k=1 Bx=65535 sBx=0 Ax=16776974 sJ=-241 raw=0x7FFF8701
  [0156] LOADI          A=15 B=255 C=127 k=1 Bx=65535 sBx=0 Ax=16776975 sJ=-240 raw=0x7FFF8781
  [0157] CALL           A=12 B=4 C=2 k=0 Bx=1032 sBx=-64503 Ax=264204 sJ=-16513011 raw=0x02040644
  [0158] GETTABUP       A=13 B=0 C=36 k=0 Bx=18432 sBx=-47103 Ax=4718605 sJ=-12058610 raw=0x2400068B ; R[13] = U[0][K[36] "UE4"]
  [0159] GETFIELD       A=13 B=13 C=37 k=0 Bx=18970 sBx=-46565 Ax=4856333 sJ=-11920882 raw=0x250D068E ; R[13] = R[13][K[37] "FVector"]
  [0160] LOADK          A=14 B=20 C=0 k=0 Bx=40 sBx=-65495 Ax=10254 sJ=-16766961 raw=0x00140703 ; R[14] = K[40] 0.7071
  [0161] LOADK          A=15 B=20 C=0 k=0 Bx=40 sBx=-65495 Ax=10255 sJ=-16766960 raw=0x00140783 ; R[15] = K[40] 0.7071
  [0162] LOADI          A=16 B=255 C=127 k=1 Bx=65535 sBx=0 Ax=16776976 sJ=-239 raw=0x7FFF8801
  [0163] CALL           A=13 B=4 C=2 k=0 Bx=1032 sBx=-64503 Ax=264205 sJ=-16513010 raw=0x020406C4
  [0164] GETTABUP       A=14 B=0 C=36 k=0 Bx=18432 sBx=-47103 Ax=4718606 sJ=-12058609 raw=0x2400070B ; R[14] = U[0][K[36] "UE4"]
  [0165] GETFIELD       A=14 B=14 C=37 k=0 Bx=18972 sBx=-46563 Ax=4856846 sJ=-11920369 raw=0x250E070E ; R[14] = R[14][K[37] "FVector"]
  [0166] LOADI          A=15 B=255 C=127 k=1 Bx=65535 sBx=0 Ax=16776975 sJ=-240 raw=0x7FFF8781
  [0167] LOADI          A=16 B=0 C=128 k=0 Bx=65536 sBx=1 Ax=16777232 sJ=17 raw=0x80000801
  [0168] LOADI          A=17 B=255 C=127 k=1 Bx=65535 sBx=0 Ax=16776977 sJ=-238 raw=0x7FFF8881
  [0169] CALL           A=14 B=4 C=2 k=0 Bx=1032 sBx=-64503 Ax=264206 sJ=-16513009 raw=0x02040744
  [0170] GETTABUP       A=15 B=0 C=36 k=0 Bx=18432 sBx=-47103 Ax=4718607 sJ=-12058608 raw=0x2400078B ; R[15] = U[0][K[36] "UE4"]
  [0171] GETFIELD       A=15 B=15 C=37 k=0 Bx=18974 sBx=-46561 Ax=4857359 sJ=-11919856 raw=0x250F078E ; R[15] = R[15][K[37] "FVector"]
  [0172] LOADK          A=16 B=20 C=0 k=1 Bx=41 sBx=-65494 Ax=10512 sJ=-16766703 raw=0x00148803 ; R[16] = K[41] -0.7071
  [0173] LOADK          A=17 B=20 C=0 k=0 Bx=40 sBx=-65495 Ax=10257 sJ=-16766958 raw=0x00140883 ; R[17] = K[40] 0.7071
  [0174] LOADI          A=18 B=255 C=127 k=1 Bx=65535 sBx=0 Ax=16776978 sJ=-237 raw=0x7FFF8901
  [0175] CALL           A=15 B=4 C=2 k=0 Bx=1032 sBx=-64503 Ax=264207 sJ=-16513008 raw=0x020407C4
  [0176] GETTABUP       A=16 B=0 C=36 k=0 Bx=18432 sBx=-47103 Ax=4718608 sJ=-12058607 raw=0x2400080B ; R[16] = U[0][K[36] "UE4"]
  [0177] GETFIELD       A=16 B=16 C=37 k=0 Bx=18976 sBx=-46559 Ax=4857872 sJ=-11919343 raw=0x2510080E ; R[16] = R[16][K[37] "FVector"]
  [0178] LOADI          A=17 B=255 C=127 k=0 Bx=65534 sBx=-1 Ax=16776721 sJ=-494 raw=0x7FFF0881
  [0179] LOADI          A=18 B=255 C=127 k=1 Bx=65535 sBx=0 Ax=16776978 sJ=-237 raw=0x7FFF8901
  [0180] LOADI          A=19 B=255 C=127 k=1 Bx=65535 sBx=0 Ax=16776979 sJ=-236 raw=0x7FFF8981
  [0181] CALL           A=16 B=4 C=2 k=0 Bx=1032 sBx=-64503 Ax=264208 sJ=-16513007 raw=0x02040844
  [0182] GETTABUP       A=17 B=0 C=36 k=0 Bx=18432 sBx=-47103 Ax=4718609 sJ=-12058606 raw=0x2400088B ; R[17] = U[0][K[36] "UE4"]
  [0183] GETFIELD       A=17 B=17 C=37 k=0 Bx=18978 sBx=-46557 Ax=4858385 sJ=-11918830 raw=0x2511088E ; R[17] = R[17][K[37] "FVector"]
  [0184] LOADK          A=18 B=20 C=0 k=1 Bx=41 sBx=-65494 Ax=10514 sJ=-16766701 raw=0x00148903 ; R[18] = K[41] -0.7071
  [0185] LOADK          A=19 B=20 C=0 k=1 Bx=41 sBx=-65494 Ax=10515 sJ=-16766700 raw=0x00148983 ; R[19] = K[41] -0.7071
  [0186] LOADI          A=20 B=255 C=127 k=1 Bx=65535 sBx=0 Ax=16776980 sJ=-235 raw=0x7FFF8A01
  [0187] CALL           A=17 B=4 C=2 k=0 Bx=1032 sBx=-64503 Ax=264209 sJ=-16513006 raw=0x020408C4
  [0188] GETTABUP       A=18 B=0 C=36 k=0 Bx=18432 sBx=-47103 Ax=4718610 sJ=-12058605 raw=0x2400090B ; R[18] = U[0][K[36] "UE4"]
  [0189] GETFIELD       A=18 B=18 C=37 k=0 Bx=18980 sBx=-46555 Ax=4858898 sJ=-11918317 raw=0x2512090E ; R[18] = R[18][K[37] "FVector"]
  [0190] LOADI          A=19 B=255 C=127 k=1 Bx=65535 sBx=0 Ax=16776979 sJ=-236 raw=0x7FFF8981
  [0191] LOADI          A=20 B=255 C=127 k=0 Bx=65534 sBx=-1 Ax=16776724 sJ=-491 raw=0x7FFF0A01
  [0192] LOADI          A=21 B=255 C=127 k=1 Bx=65535 sBx=0 Ax=16776981 sJ=-234 raw=0x7FFF8A81
  [0193] CALL           A=18 B=4 C=2 k=0 Bx=1032 sBx=-64503 Ax=264210 sJ=-16513005 raw=0x02040944
  [0194] GETTABUP       A=19 B=0 C=36 k=0 Bx=18432 sBx=-47103 Ax=4718611 sJ=-12058604 raw=0x2400098B ; R[19] = U[0][K[36] "UE4"]
  [0195] GETFIELD       A=19 B=19 C=37 k=0 Bx=18982 sBx=-46553 Ax=4859411 sJ=-11917804 raw=0x2513098E ; R[19] = R[19][K[37] "FVector"]
  [0196] LOADK          A=20 B=20 C=0 k=0 Bx=40 sBx=-65495 Ax=10260 sJ=-16766955 raw=0x00140A03 ; R[20] = K[40] 0.7071
  [0197] LOADK          A=21 B=20 C=0 k=1 Bx=41 sBx=-65494 Ax=10517 sJ=-16766698 raw=0x00148A83 ; R[21] = K[41] -0.7071
  [0198] LOADI          A=22 B=255 C=127 k=1 Bx=65535 sBx=0 Ax=16776982 sJ=-233 raw=0x7FFF8B01
  [0199] CALL           A=19 B=4 C=0 k=0 Bx=8 sBx=-65527 Ax=2067 sJ=-16775148 raw=0x000409C4
  [0200] SETLIST        A=11 B=0 C=0 k=0 Bx=0 sBx=-65535 Ax=11 sJ=-16777204 raw=0x000005CE
  [0201] CLOSURE        A=12 B=5 C=0 k=1 Bx=11 sBx=-65524 Ax=2828 sJ=-16774387 raw=0x0005864F ; R[12] = function[11]
  [0202] SETFIELD       A=6 B=42 C=12 k=0 Bx=6228 sBx=-59307 Ax=1594374 sJ=-15182841 raw=0x0C2A0312 ; R[6][K[42] "UnitTest3D"] = R[12]
  [0203] CLOSURE        A=12 B=6 C=0 k=0 Bx=12 sBx=-65523 Ax=3084 sJ=-16774131 raw=0x0006064F ; R[12] = function[12]
  [0204] SETFIELD       A=6 B=43 C=12 k=0 Bx=6230 sBx=-59305 Ax=1594886 sJ=-15182329 raw=0x0C2B0312 ; R[6][K[43] "RunUnitTest3D"] = R[12]
  [0205] RETURN         A=6 B=2 C=1 k=1 Bx=517 sBx=-65018 Ax=132358 sJ=-16644857 raw=0x01028346
  [0206] RETURN         A=12 B=1 C=1 k=1 Bx=515 sBx=-65020 Ax=131852 sJ=-16645363 raw=0x01018646

  function[0] source="" lines=50-95 params=0 vararg=0 stack=255 upvalues=1
  constants (3):
    K[0] = "Log"
    K[1] = "Debug"
    K[2] = "BattleField.PrepareBattleField"
  upvalues (1):
    U[0] = instack=0 idx=0 kind=2 name="_ENV"
  instructions (5):
    [0001] GETTABUP       A=0 B=0 C=0 k=0 Bx=0 sBx=-65535 Ax=0 sJ=-16777215 raw=0x0000000B ; R[0] = U[0][K[0] "Log"]
    [0002] GETFIELD       A=0 B=0 C=1 k=0 Bx=512 sBx=-65023 Ax=131072 sJ=-16646143 raw=0x0100000E ; R[0] = R[0][K[1] "Debug"]
    [0003] LOADK          A=1 B=1 C=0 k=0 Bx=2 sBx=-65533 Ax=513 sJ=-16776702 raw=0x00010083 ; R[1] = K[2] "BattleField.PrepareBattleField"
    [0004] CALL           A=0 B=2 C=1 k=0 Bx=516 sBx=-65019 Ax=132096 sJ=-16645119 raw=0x01020044
    [0005] RETURN0        A=0 B=1 C=0 k=0 Bx=2 sBx=-65533 Ax=512 sJ=-16776703 raw=0x00010047

  function[1] source="" lines=98-122 params=1 vararg=0 stack=255 upvalues=0
  constants (3):
    K[0] = 2
    K[1] = 4
    K[2] = 8
  locals (7):
    L[0] = "rotate" pc=0-72
    L[1] = "ans" pc=1-72
    L[2] = "rotate" pc=4-72
    L[3] = "(for state)" pc=7-70
    L[4] = "(for state)" pc=7-70
    L[5] = "(for state)" pc=7-70
    L[6] = "i" pc=8-69
  instructions (72):
    [0001] LOADI          A=1 B=255 C=127 k=1 Bx=65535 sBx=0 Ax=16776961 sJ=-254 raw=0x7FFF8081
    [0002] TESTSET        A=2 B=0 C=0 k=1 Bx=1 sBx=-65534 Ax=258 sJ=-16776957 raw=0x00008143
    [0003] JMP            A=0 B=0 C=128 k=0 Bx=65536 sBx=1 Ax=16777216 sJ=1 raw=0x80000038
    [0004] LOADI          A=2 B=255 C=127 k=1 Bx=65535 sBx=0 Ax=16776962 sJ=-253 raw=0x7FFF8101
    [0005] LOADI          A=3 B=0 C=128 k=0 Bx=65536 sBx=1 Ax=16777219 sJ=4 raw=0x80000181
    [0006] LOADI          A=4 B=3 C=128 k=1 Bx=65543 sBx=8 Ax=16779012 sJ=1797 raw=0x80038201
    [0007] LOADI          A=5 B=0 C=128 k=0 Bx=65536 sBx=1 Ax=16777221 sJ=6 raw=0x80000281
    [0008] FORPREP        A=3 B=30 C=0 k=1 Bx=61 sBx=-65474 Ax=15619 sJ=-16761596 raw=0x001E81CA
    [0009] EQI            A=6 B=128 C=0 k=1 Bx=257 sBx=-65278 Ax=65798 sJ=-16711417 raw=0x0080833D
    [0010] JMP            A=1 B=0 C=128 k=0 Bx=65536 sBx=1 Ax=16777217 sJ=2 raw=0x800000B8
    [0011] EQI            A=6 B=132 C=0 k=0 Bx=264 sBx=-65271 Ax=67590 sJ=-16709625 raw=0x0084033D
    [0012] JMP            A=10 B=0 C=128 k=0 Bx=65536 sBx=1 Ax=16777226 sJ=11 raw=0x80000538
    [0013] MODK           A=7 B=2 C=0 k=0 Bx=4 sBx=-65531 Ax=1031 sJ=-16776184 raw=0x00020399 ; K[0] 2
    [0014] MMBINK         A=2 B=0 C=9 k=0 Bx=4608 sBx=-60927 Ax=1179650 sJ=-15597565 raw=0x09000130
    [0015] EQI            A=7 B=128 C=0 k=0 Bx=256 sBx=-65279 Ax=65543 sJ=-16711672 raw=0x008003BD
    [0016] JMP            A=52 B=0 C=128 k=0 Bx=65536 sBx=1 Ax=16777268 sJ=53 raw=0x80001A38
    [0017] ADDI           A=7 B=6 C=126 k=0 Bx=64524 sBx=-1011 Ax=16518151 sJ=-259064 raw=0x7E060395
    [0018] MMBINI         A=6 B=128 C=7 k=0 Bx=3840 sBx=-61695 Ax=983046 sJ=-15794169 raw=0x0780032F
    [0019] SHLI           A=7 B=7 C=128 k=0 Bx=65550 sBx=15 Ax=16780807 sJ=3592 raw=0x800703A1
    [0020] MMBINI         A=7 B=128 C=16 k=1 Bx=8449 sBx=-57086 Ax=2162951 sJ=-14614264 raw=0x108083AF
    [0021] ADD            A=1 B=1 C=7 k=0 Bx=3586 sBx=-61949 Ax=918017 sJ=-15859198 raw=0x070100A2
    [0022] MMBIN          A=1 B=7 C=6 k=0 Bx=3086 sBx=-62449 Ax=790017 sJ=-15987198 raw=0x060700AE
    [0023] JMP            A=45 B=0 C=128 k=0 Bx=65536 sBx=1 Ax=16777261 sJ=46 raw=0x800016B8
    [0024] EQI            A=6 B=130 C=0 k=1 Bx=261 sBx=-65274 Ax=66822 sJ=-16710393 raw=0x0082833D
    [0025] JMP            A=1 B=0 C=128 k=0 Bx=65536 sBx=1 Ax=16777217 sJ=2 raw=0x800000B8
    [0026] EQI            A=6 B=134 C=0 k=0 Bx=268 sBx=-65267 Ax=68614 sJ=-16708601 raw=0x0086033D
    [0027] JMP            A=12 B=0 C=128 k=0 Bx=65536 sBx=1 Ax=16777228 sJ=13 raw=0x80000638
    [0028] DIVK           A=7 B=2 C=0 k=0 Bx=4 sBx=-65531 Ax=1031 sJ=-16776184 raw=0x0002039B ; K[0] 2
    [0029] MMBINK         A=2 B=0 C=11 k=0 Bx=5632 sBx=-59903 Ax=1441794 sJ=-15335421 raw=0x0B000130
    [0030] MODK           A=7 B=7 C=0 k=0 Bx=14 sBx=-65521 Ax=3591 sJ=-16773624 raw=0x00070399 ; K[0] 2
    [0031] MMBINK         A=7 B=0 C=9 k=0 Bx=4608 sBx=-60927 Ax=1179655 sJ=-15597560 raw=0x090003B0
    [0032] EQI            A=7 B=128 C=0 k=0 Bx=256 sBx=-65279 Ax=65543 sJ=-16711672 raw=0x008003BD
    [0033] JMP            A=35 B=0 C=128 k=0 Bx=65536 sBx=1 Ax=16777251 sJ=36 raw=0x800011B8
    [0034] ADDI           A=7 B=6 C=126 k=0 Bx=64524 sBx=-1011 Ax=16518151 sJ=-259064 raw=0x7E060395
    [0035] MMBINI         A=6 B=128 C=7 k=0 Bx=3840 sBx=-61695 Ax=983046 sJ=-15794169 raw=0x0780032F
    [0036] SHLI           A=7 B=7 C=128 k=0 Bx=65550 sBx=15 Ax=16780807 sJ=3592 raw=0x800703A1
    [0037] MMBINI         A=7 B=128 C=16 k=1 Bx=8449 sBx=-57086 Ax=2162951 sJ=-14614264 raw=0x108083AF
    [0038] ADD            A=1 B=1 C=7 k=0 Bx=3586 sBx=-61949 Ax=918017 sJ=-15859198 raw=0x070100A2
    [0039] MMBIN          A=1 B=7 C=6 k=0 Bx=3086 sBx=-62449 Ax=790017 sJ=-15987198 raw=0x060700AE
    [0040] JMP            A=28 B=0 C=128 k=0 Bx=65536 sBx=1 Ax=16777244 sJ=29 raw=0x80000E38
    [0041] EQI            A=6 B=129 C=0 k=1 Bx=259 sBx=-65276 Ax=66310 sJ=-16710905 raw=0x0081833D
    [0042] JMP            A=1 B=0 C=128 k=0 Bx=65536 sBx=1 Ax=16777217 sJ=2 raw=0x800000B8
    [0043] EQI            A=6 B=133 C=0 k=0 Bx=266 sBx=-65269 Ax=68102 sJ=-16709113 raw=0x0085033D
    [0044] JMP            A=12 B=0 C=128 k=0 Bx=65536 sBx=1 Ax=16777228 sJ=13 raw=0x80000638
    [0045] DIVK           A=7 B=2 C=1 k=0 Bx=516 sBx=-65019 Ax=132103 sJ=-16645112 raw=0x0102039B ; K[1] 4
    [0046] MMBINK         A=2 B=1 C=11 k=0 Bx=5634 sBx=-59901 Ax=1442306 sJ=-15334909 raw=0x0B010130
    [0047] MODK           A=7 B=7 C=0 k=0 Bx=14 sBx=-65521 Ax=3591 sJ=-16773624 raw=0x00070399 ; K[0] 2
    [0048] MMBINK         A=7 B=0 C=9 k=0 Bx=4608 sBx=-60927 Ax=1179655 sJ=-15597560 raw=0x090003B0
    [0049] EQI            A=7 B=128 C=0 k=0 Bx=256 sBx=-65279 Ax=65543 sJ=-16711672 raw=0x008003BD
    [0050] JMP            A=18 B=0 C=128 k=0 Bx=65536 sBx=1 Ax=16777234 sJ=19 raw=0x80000938
    [0051] ADDI           A=7 B=6 C=126 k=0 Bx=64524 sBx=-1011 Ax=16518151 sJ=-259064 raw=0x7E060395
    [0052] MMBINI         A=6 B=128 C=7 k=0 Bx=3840 sBx=-61695 Ax=983046 sJ=-15794169 raw=0x0780032F
    [0053] SHLI           A=7 B=7 C=128 k=0 Bx=65550 sBx=15 Ax=16780807 sJ=3592 raw=0x800703A1
    [0054] MMBINI         A=7 B=128 C=16 k=1 Bx=8449 sBx=-57086 Ax=2162951 sJ=-14614264 raw=0x108083AF
    [0055] ADD            A=1 B=1 C=7 k=0 Bx=3586 sBx=-61949 Ax=918017 sJ=-15859198 raw=0x070100A2
    [0056] MMBIN          A=1 B=7 C=6 k=0 Bx=3086 sBx=-62449 Ax=790017 sJ=-15987198 raw=0x060700AE
    [0057] JMP            A=11 B=0 C=128 k=0 Bx=65536 sBx=1 Ax=16777227 sJ=12 raw=0x800005B8
    [0058] DIVK           A=7 B=2 C=2 k=0 Bx=1028 sBx=-64507 Ax=263175 sJ=-16514040 raw=0x0202039B ; K[2] 8
    [0059] MMBINK         A=2 B=2 C=11 k=0 Bx=5636 sBx=-59899 Ax=1442818 sJ=-15334397 raw=0x0B020130
    [0060] MODK           A=7 B=7 C=0 k=0 Bx=14 sBx=-65521 Ax=3591 sJ=-16773624 raw=0x00070399 ; K[0] 2
    [0061] MMBINK         A=7 B=0 C=9 k=0 Bx=4608 sBx=-60927 Ax=1179655 sJ=-15597560 raw=0x090003B0
    [0062] EQI            A=7 B=128 C=0 k=0 Bx=256 sBx=-65279 Ax=65543 sJ=-16711672 raw=0x008003BD
    [0063] JMP            A=5 B=0 C=128 k=0 Bx=65536 sBx=1 Ax=16777221 sJ=6 raw=0x800002B8
    [0064] ADDI           A=7 B=6 C=126 k=0 Bx=64524 sBx=-1011 Ax=16518151 sJ=-259064 raw=0x7E060395
    [0065] MMBINI         A=6 B=128 C=7 k=0 Bx=3840 sBx=-61695 Ax=983046 sJ=-15794169 raw=0x0780032F
    [0066] SHLI           A=7 B=7 C=128 k=0 Bx=65550 sBx=15 Ax=16780807 sJ=3592 raw=0x800703A1
    [0067] MMBINI         A=7 B=128 C=16 k=1 Bx=8449 sBx=-57086 Ax=2162951 sJ=-14614264 raw=0x108083AF
    [0068] ADD            A=1 B=1 C=7 k=0 Bx=3586 sBx=-61949 Ax=918017 sJ=-15859198 raw=0x070100A2
    [0069] MMBIN          A=1 B=7 C=6 k=0 Bx=3086 sBx=-62449 Ax=790017 sJ=-15987198 raw=0x060700AE
    [0070] FORLOOP        A=3 B=31 C=0 k=0 Bx=62 sBx=-65473 Ax=15875 sJ=-16761340 raw=0x001F01C9
    [0071] RETURN1        A=1 B=2 C=0 k=0 Bx=4 sBx=-65531 Ax=1025 sJ=-16776190 raw=0x000200C8
    [0072] RETURN0        A=3 B=1 C=0 k=0 Bx=2 sBx=-65533 Ax=515 sJ=-16776700 raw=0x000101C7

  function[2] source="" lines=133-159 params=1 vararg=0 stack=255 upvalues=2
  constants (17):
    K[0] = "lastDataFileName"
    K[1] = "unload"
    K[2] = "mapData"
    K[3] = nil
    K[4] = "lastDataMapID"
    K[5] = -1
    K[6] = "_G"
    K[7] = "DataConfigManager"
    K[8] = "GetSceneResConf"
    K[9] = 10003
    K[10] = "string"
    K[11] = "format"
    K[12] = "NewRoco.Modules.Core.Battle.Data.BattleFieldData.BattleField_%s_Layer1"
    K[13] = "main_source"
    K[14] = "UE4"
    K[15] = "UNRCBattleFieldDataManager"
    K[16] = "ClearDisplayActor"
  upvalues (2):
    U[0] = instack=6 idx=0 kind=0 name="BattleField"
    U[1] = instack=0 idx=0 kind=5 name="_ENV"
  locals (2):
    L[0] = "id" pc=0-28
    L[1] = "scene_res_conf" pc=14-28
  instructions (28):
    [0001] GETTABUP       A=1 B=0 C=0 k=0 Bx=0 sBx=-65535 Ax=1 sJ=-16777214 raw=0x0000008B ; R[1] = U[0][K[0] "lastDataFileName"]
    [0002] TEST           A=1 B=0 C=0 k=0 Bx=0 sBx=-65535 Ax=1 sJ=-16777214 raw=0x000000C2
    [0003] JMP            A=5 B=0 C=128 k=0 Bx=65536 sBx=1 Ax=16777221 sJ=6 raw=0x800002B8
    [0004] GETTABUP       A=1 B=1 C=1 k=0 Bx=514 sBx=-65021 Ax=131585 sJ=-16645630 raw=0x0101008B ; R[1] = U[1][K[1] "unload"]
    [0005] GETTABUP       A=2 B=0 C=0 k=0 Bx=0 sBx=-65535 Ax=2 sJ=-16777213 raw=0x0000010B ; R[2] = U[0][K[0] "lastDataFileName"]
    [0006] CALL           A=1 B=2 C=1 k=0 Bx=516 sBx=-65019 Ax=132097 sJ=-16645118 raw=0x010200C4
    [0007] SETTABUP       A=0 B=2 C=3 k=1 Bx=1541 sBx=-63994 Ax=394496 sJ=-16382719 raw=0x0302800F
    [0008] SETTABUP       A=0 B=0 C=3 k=1 Bx=1537 sBx=-63998 Ax=393472 sJ=-16383743 raw=0x0300800F
    [0009] SETTABUP       A=0 B=4 C=5 k=1 Bx=2569 sBx=-62966 Ax=657664 sJ=-16119551 raw=0x0504800F
    [0010] GETTABUP       A=1 B=1 C=6 k=0 Bx=3074 sBx=-62461 Ax=786945 sJ=-15990270 raw=0x0601008B ; R[1] = U[1][K[6] "_G"]
    [0011] GETFIELD       A=1 B=1 C=7 k=0 Bx=3586 sBx=-61949 Ax=918017 sJ=-15859198 raw=0x0701008E ; R[1] = R[1][K[7] "DataConfigManager"]
    [0012] SELF           A=1 B=1 C=8 k=1 Bx=4099 sBx=-61436 Ax=1049345 sJ=-15727870 raw=0x08018094
    [0013] MOVE           A=3 B=0 C=0 k=0 Bx=0 sBx=-65535 Ax=3 sJ=-16777212 raw=0x00000180
    [0014] CALL           A=1 B=3 C=2 k=0 Bx=1030 sBx=-64505 Ax=263681 sJ=-16513534 raw=0x020300C4
    [0015] EQK            A=0 B=9 C=0 k=1 Bx=19 sBx=-65516 Ax=4864 sJ=-16772351 raw=0x0009803C
    [0016] JMP            A=6 B=0 C=128 k=0 Bx=65536 sBx=1 Ax=16777222 sJ=7 raw=0x80000338
    [0017] GETTABUP       A=2 B=1 C=10 k=0 Bx=5122 sBx=-60413 Ax=1311234 sJ=-15465981 raw=0x0A01010B ; R[2] = U[1][K[10] "string"]
    [0018] GETFIELD       A=2 B=2 C=11 k=0 Bx=5636 sBx=-59899 Ax=1442818 sJ=-15334397 raw=0x0B02010E ; R[2] = R[2][K[11] "format"]
    [0019] LOADK          A=3 B=6 C=0 k=0 Bx=12 sBx=-65523 Ax=3075 sJ=-16774140 raw=0x00060183 ; R[3] = K[12] "NewRoco.Modules.Core.Battle.Data.BattleFieldData.BattleField_%s_Layer1"
    [0020] GETFIELD       A=4 B=1 C=13 k=0 Bx=6658 sBx=-58877 Ax=1704452 sJ=-15072763 raw=0x0D01020E ; R[4] = R[1][K[13] "main_source"]
    [0021] CALL           A=2 B=3 C=2 k=0 Bx=1030 sBx=-64505 Ax=263682 sJ=-16513533 raw=0x02030144
    [0022] SETTABUP       A=0 B=0 C=2 k=0 Bx=1024 sBx=-64511 Ax=262144 sJ=-16515071 raw=0x0200000F
    [0023] SETTABUP       A=0 B=4 C=0 k=0 Bx=8 sBx=-65527 Ax=2048 sJ=-16775167 raw=0x0004000F
    [0024] GETTABUP       A=2 B=1 C=14 k=0 Bx=7170 sBx=-58365 Ax=1835522 sJ=-14941693 raw=0x0E01010B ; R[2] = U[1][K[14] "UE4"]
    [0025] GETFIELD       A=2 B=2 C=15 k=0 Bx=7684 sBx=-57851 Ax=1967106 sJ=-14810109 raw=0x0F02010E ; R[2] = R[2][K[15] "UNRCBattleFieldDataManager"]
    [0026] GETFIELD       A=2 B=2 C=16 k=0 Bx=8196 sBx=-57339 Ax=2098178 sJ=-14679037 raw=0x1002010E ; R[2] = R[2][K[16] "ClearDisplayActor"]
    [0027] CALL           A=2 B=1 C=1 k=0 Bx=514 sBx=-65021 Ax=131586 sJ=-16645629 raw=0x01010144
    [0028] RETURN0        A=2 B=1 C=0 k=0 Bx=2 sBx=-65533 Ax=514 sJ=-16776701 raw=0x00010147

  function[3] source="" lines=161-170 params=0 vararg=0 stack=255 upvalues=2
  constants (10):
    K[0] = "Log"
    K[1] = "Debug"
    K[2] = "BattleField.LoadCurSceneData"
    K[3] = "lastDataMapID"
    K[4] = "lastDataFileName"
    K[5] = 10003
    K[6] = "pcall"
    K[7] = "\u6218\u6597\u9009\u70B9\u6570\u636E\u52A0\u8F7D\u6210\u529F "
    K[8] = "Error"
    K[9] = "BattleField.ChangeScene \u5F53\u524D\u5173\u5361\u53EF\u80FD\u6CA1\u6709\u6218\u6597\u9009\u70B9\u6570\u636E\uFF0C\u8BF7\u68C0\u67E5\u5BFC\u51FA\u6D41\u6C34\u7EBF\u6216\u914D\u7F6E"
  upvalues (2):
    U[0] = instack=0 idx=0 kind=1 name="_ENV"
    U[1] = instack=6 idx=0 kind=4 name="BattleField"
  instructions (30):
    [0001] GETTABUP       A=0 B=0 C=0 k=0 Bx=0 sBx=-65535 Ax=0 sJ=-16777215 raw=0x0000000B ; R[0] = U[0][K[0] "Log"]
    [0002] GETFIELD       A=0 B=0 C=1 k=0 Bx=512 sBx=-65023 Ax=131072 sJ=-16646143 raw=0x0100000E ; R[0] = R[0][K[1] "Debug"]
    [0003] LOADK          A=1 B=1 C=0 k=0 Bx=2 sBx=-65533 Ax=513 sJ=-16776702 raw=0x00010083 ; R[1] = K[2] "BattleField.LoadCurSceneData"
    [0004] GETTABUP       A=2 B=1 C=3 k=0 Bx=1538 sBx=-63997 Ax=393730 sJ=-16383485 raw=0x0301010B ; R[2] = U[1][K[3] "lastDataMapID"]
    [0005] GETTABUP       A=3 B=1 C=4 k=0 Bx=2050 sBx=-63485 Ax=524803 sJ=-16252412 raw=0x0401018B ; R[3] = U[1][K[4] "lastDataFileName"]
    [0006] CALL           A=0 B=4 C=1 k=0 Bx=520 sBx=-65015 Ax=133120 sJ=-16644095 raw=0x01040044
    [0007] GETTABUP       A=0 B=1 C=3 k=0 Bx=1538 sBx=-63997 Ax=393728 sJ=-16383487 raw=0x0301000B ; R[0] = U[1][K[3] "lastDataMapID"]
    [0008] EQI            A=0 B=126 C=0 k=1 Bx=253 sBx=-65282 Ax=64768 sJ=-16712447 raw=0x007E803D
    [0009] JMP            A=19 B=0 C=128 k=0 Bx=65536 sBx=1 Ax=16777235 sJ=20 raw=0x800009B8
    [0010] GETTABUP       A=0 B=1 C=3 k=0 Bx=1538 sBx=-63997 Ax=393728 sJ=-16383487 raw=0x0301000B ; R[0] = U[1][K[3] "lastDataMapID"]
    [0011] EQK            A=0 B=5 C=0 k=1 Bx=11 sBx=-65524 Ax=2816 sJ=-16774399 raw=0x0005803C
    [0012] JMP            A=16 B=0 C=128 k=0 Bx=65536 sBx=1 Ax=16777232 sJ=17 raw=0x80000838
    [0013] GETTABUP       A=0 B=0 C=6 k=0 Bx=3072 sBx=-62463 Ax=786432 sJ=-15990783 raw=0x0600000B ; R[0] = U[0][K[6] "pcall"]
    [0014] CLOSURE        A=1 B=0 C=0 k=0 Bx=0 sBx=-65535 Ax=1 sJ=-16777214 raw=0x000000CF ; R[1] = function[0]
    [0015] GETTABUP       A=2 B=1 C=4 k=0 Bx=2050 sBx=-63485 Ax=524802 sJ=-16252413 raw=0x0401010B ; R[2] = U[1][K[4] "lastDataFileName"]
    [0016] CALL           A=0 B=3 C=2 k=0 Bx=1030 sBx=-64505 Ax=263680 sJ=-16513535 raw=0x02030044
    [0017] TEST           A=0 B=0 C=0 k=0 Bx=0 sBx=-65535 Ax=0 sJ=-16777215 raw=0x00000042
    [0018] JMP            A=5 B=0 C=128 k=0 Bx=65536 sBx=1 Ax=16777221 sJ=6 raw=0x800002B8
    [0019] GETTABUP       A=0 B=0 C=0 k=0 Bx=0 sBx=-65535 Ax=0 sJ=-16777215 raw=0x0000000B ; R[0] = U[0][K[0] "Log"]
    [0020] GETFIELD       A=0 B=0 C=1 k=0 Bx=512 sBx=-65023 Ax=131072 sJ=-16646143 raw=0x0100000E ; R[0] = R[0][K[1] "Debug"]
    [0021] LOADK          A=1 B=3 C=0 k=1 Bx=7 sBx=-65528 Ax=1793 sJ=-16775422 raw=0x00038083 ; R[1] = K[7] "\u6218\u6597\u9009\u70B9\u6570\u636E\u52A0\u8F7D\u6210\u529F "
    [0022] GETTABUP       A=2 B=1 C=3 k=0 Bx=1538 sBx=-63997 Ax=393730 sJ=-16383485 raw=0x0301010B ; R[2] = U[1][K[3] "lastDataMapID"]
    [0023] CALL           A=0 B=3 C=1 k=0 Bx=518 sBx=-65017 Ax=132608 sJ=-16644607 raw=0x01030044
    [0024] JMP            A=4 B=0 C=128 k=0 Bx=65536 sBx=1 Ax=16777220 sJ=5 raw=0x80000238
    [0025] GETTABUP       A=0 B=0 C=0 k=0 Bx=0 sBx=-65535 Ax=0 sJ=-16777215 raw=0x0000000B ; R[0] = U[0][K[0] "Log"]
    [0026] GETFIELD       A=0 B=0 C=8 k=0 Bx=4096 sBx=-61439 Ax=1048576 sJ=-15728639 raw=0x0800000E ; R[0] = R[0][K[8] "Error"]
    [0027] LOADK          A=1 B=4 C=0 k=1 Bx=9 sBx=-65526 Ax=2305 sJ=-16774910 raw=0x00048083 ; R[1] = K[9] "BattleField.ChangeScene \u5F53\u524D\u5173\u5361\u53EF\u80FD\u6CA1\u6709\u6218\u6597\u9009\u70B9\u6570\u636E\uFF0C\u8BF7\u68C0\u67E5\u5BFC\u51FA\u6D41\u6C34\u7EBF\u6216\u914D\u7F6E"
    [0028] GETTABUP       A=2 B=1 C=3 k=0 Bx=1538 sBx=-63997 Ax=393730 sJ=-16383485 raw=0x0301010B ; R[2] = U[1][K[3] "lastDataMapID"]
    [0029] CALL           A=0 B=3 C=1 k=0 Bx=518 sBx=-65017 Ax=132608 sJ=-16644607 raw=0x01030044
    [0030] RETURN0        A=0 B=1 C=0 k=0 Bx=2 sBx=-65533 Ax=512 sJ=-16776703 raw=0x00010047

    function[0] source="" lines=164-164 params=1 vararg=0 stack=255 upvalues=2
    constants (2):
      K[0] = "mapData"
      K[1] = "require"
    upvalues (2):
      U[0] = instack=1 idx=0 kind=0 name="BattleField"
      U[1] = instack=0 idx=0 kind=3 name="_ENV"
    locals (1):
      L[0] = "filename" pc=0-5
    instructions (5):
      [0001] GETTABUP       A=1 B=1 C=1 k=0 Bx=514 sBx=-65021 Ax=131585 sJ=-16645630 raw=0x0101008B ; R[1] = U[1][K[1] "require"]
      [0002] MOVE           A=2 B=0 C=0 k=0 Bx=0 sBx=-65535 Ax=2 sJ=-16777213 raw=0x00000100
      [0003] CALL           A=1 B=2 C=2 k=0 Bx=1028 sBx=-64507 Ax=263169 sJ=-16514046 raw=0x020200C4
      [0004] SETTABUP       A=0 B=0 C=1 k=0 Bx=512 sBx=-65023 Ax=131072 sJ=-16646143 raw=0x0100000F
      [0005] RETURN0        A=1 B=1 C=0 k=0 Bx=2 sBx=-65533 Ax=513 sJ=-16776702 raw=0x000100C7

  function[4] source="" lines=175-218 params=3 vararg=0 stack=255 upvalues=2
  constants (10):
    K[0] = "debugLastEnterBattleRotateBit"
    K[1] = nil
    K[2] = "debugForceForward"
    K[3] = "OffsetTable"
    K[4] = "X"
    K[5] = "Y"
    K[6] = "EncounterRotateTable"
    K[7] = "Log"
    K[8] = "Error"
    K[9] = "\u6CE8\u610F\uFF1A\u8BE5\u5F3A\u5236\u65B9\u5411\u5B9E\u9645\u4E0D\u5B58\u5728\uFF0C\u6D4B\u8BD5\u53EF\u80FD\u65E0\u610F\u4E49"
  upvalues (2):
    U[0] = instack=6 idx=0 kind=0 name="BattleField"
    U[1] = instack=0 idx=0 kind=16 name="_ENV"
  locals (14):
    L[0] = "playerLocation" pc=0-89
    L[1] = "nearest" pc=0-89
    L[2] = "rotate" pc=0-89
    L[3] = "squareDisToPlayer" pc=1-89
    L[4] = "ans" pc=2-89
    L[5] = "rotateAns" pc=2-89
    L[6] = "(for state)" pc=11-56
    L[7] = "(for state)" pc=11-56
    L[8] = "(for state)" pc=11-56
    L[9] = "i" pc=12-55
    L[10] = "foward" pc=20-55
    L[11] = "center" pc=24-55
    L[12] = "sqdis" pc=46-55
    L[13] = "i" pc=60-85
  instructions (89):
    [0001] LOADI          A=3 B=255 C=127 k=0 Bx=65534 sBx=-1 Ax=16776707 sJ=-508 raw=0x7FFF0181
    [0002] LOADNIL        A=4 B=1 C=0 k=0 Bx=2 sBx=-65533 Ax=516 sJ=-16776699 raw=0x00010208
    [0003] MOVE           A=4 B=1 C=0 k=0 Bx=2 sBx=-65533 Ax=516 sJ=-16776699 raw=0x00010200
    [0004] MOVE           A=5 B=2 C=0 k=0 Bx=4 sBx=-65531 Ax=1029 sJ=-16776186 raw=0x00020280
    [0005] SETTABUP       A=0 B=0 C=1 k=1 Bx=513 sBx=-65022 Ax=131328 sJ=-16645887 raw=0x0100800F
    [0006] GETTABUP       A=6 B=0 C=2 k=0 Bx=1024 sBx=-64511 Ax=262150 sJ=-16515065 raw=0x0200030B ; R[6] = U[0][K[2] "debugForceForward"]
    [0007] TEST           A=6 B=0 C=0 k=1 Bx=1 sBx=-65534 Ax=262 sJ=-16776953 raw=0x00008342
    [0008] JMP            A=48 B=0 C=128 k=0 Bx=65536 sBx=1 Ax=16777264 sJ=49 raw=0x80001838
    [0009] LOADI          A=6 B=255 C=127 k=1 Bx=65535 sBx=0 Ax=16776966 sJ=-249 raw=0x7FFF8301
    [0010] LOADI          A=7 B=3 C=128 k=0 Bx=65542 sBx=7 Ax=16778759 sJ=1544 raw=0x80030381
    [0011] LOADI          A=8 B=0 C=128 k=0 Bx=65536 sBx=1 Ax=16777224 sJ=9 raw=0x80000401
    [0012] FORPREP        A=6 B=21 C=0 k=1 Bx=43 sBx=-65492 Ax=11014 sJ=-16766201 raw=0x0015834A
    [0013] SHLI           A=10 B=9 C=128 k=0 Bx=65554 sBx=19 Ax=16781834 sJ=4619 raw=0x80090521
    [0014] MMBINI         A=9 B=128 C=16 k=1 Bx=8449 sBx=-57086 Ax=2162953 sJ=-14614262 raw=0x108084AF
    [0015] BAND           A=10 B=2 C=10 k=0 Bx=5124 sBx=-60411 Ax=1311754 sJ=-15465461 raw=0x0A020529
    [0016] MMBIN          A=2 B=10 C=13 k=0 Bx=6676 sBx=-58859 Ax=1709058 sJ=-15068157 raw=0x0D0A012E
    [0017] EQI            A=10 B=127 C=0 k=1 Bx=255 sBx=-65280 Ax=65290 sJ=-16711925 raw=0x007F853D
    [0018] JMP            A=36 B=0 C=128 k=0 Bx=65536 sBx=1 Ax=16777252 sJ=37 raw=0x80001238
    [0019] ADDI           A=10 B=9 C=128 k=0 Bx=65554 sBx=19 Ax=16781834 sJ=4619 raw=0x80090515
    [0020] MMBINI         A=9 B=128 C=6 k=0 Bx=3328 sBx=-62207 Ax=851977 sJ=-15925238 raw=0x068004AF
    [0021] GETTABUP       A=11 B=0 C=3 k=0 Bx=1536 sBx=-63999 Ax=393227 sJ=-16383988 raw=0x0300058B ; R[11] = U[0][K[3] "OffsetTable"]
    [0022] GETTABLE       A=11 B=11 C=10 k=0 Bx=5142 sBx=-60393 Ax=1316363 sJ=-15460852 raw=0x0A0B058C
    [0023] ADD            A=11 B=1 C=11 k=0 Bx=5634 sBx=-59901 Ax=1442315 sJ=-15334900 raw=0x0B0105A2
    [0024] MMBIN          A=1 B=11 C=6 k=0 Bx=3094 sBx=-62441 Ax=792065 sJ=-15985150 raw=0x060B00AE
    [0025] GETFIELD       A=12 B=11 C=4 k=0 Bx=2070 sBx=-63465 Ax=529932 sJ=-16247283 raw=0x040B060E ; R[12] = R[11][K[4] "X"]
    [0026] GETFIELD       A=13 B=0 C=4 k=0 Bx=2048 sBx=-63487 Ax=524301 sJ=-16252914 raw=0x0400068E ; R[13] = R[0][K[4] "X"]
    [0027] SUB            A=12 B=12 C=13 k=0 Bx=6680 sBx=-58855 Ax=1710092 sJ=-15067123 raw=0x0D0C0623
    [0028] MMBIN          A=12 B=13 C=7 k=0 Bx=3610 sBx=-61925 Ax=924172 sJ=-15853043 raw=0x070D062E
    [0029] GETFIELD       A=13 B=11 C=4 k=0 Bx=2070 sBx=-63465 Ax=529933 sJ=-16247282 raw=0x040B068E ; R[13] = R[11][K[4] "X"]
    [0030] GETFIELD       A=14 B=0 C=4 k=0 Bx=2048 sBx=-63487 Ax=524302 sJ=-16252913 raw=0x0400070E ; R[14] = R[0][K[4] "X"]
    [0031] SUB            A=13 B=13 C=14 k=0 Bx=7194 sBx=-58341 Ax=1841677 sJ=-14935538 raw=0x0E0D06A3
    [0032] MMBIN          A=13 B=14 C=7 k=0 Bx=3612 sBx=-61923 Ax=924685 sJ=-15852530 raw=0x070E06AE
    [0033] MUL            A=12 B=12 C=13 k=0 Bx=6680 sBx=-58855 Ax=1710092 sJ=-15067123 raw=0x0D0C0624
    [0034] MMBIN          A=12 B=13 C=8 k=0 Bx=4122 sBx=-61413 Ax=1055244 sJ=-15721971 raw=0x080D062E
    [0035] GETFIELD       A=13 B=11 C=5 k=0 Bx=2582 sBx=-62953 Ax=661005 sJ=-16116210 raw=0x050B068E ; R[13] = R[11][K[5] "Y"]
    [0036] GETFIELD       A=14 B=0 C=5 k=0 Bx=2560 sBx=-62975 Ax=655374 sJ=-16121841 raw=0x0500070E ; R[14] = R[0][K[5] "Y"]
    [0037] SUB            A=13 B=13 C=14 k=0 Bx=7194 sBx=-58341 Ax=1841677 sJ=-14935538 raw=0x0E0D06A3
    [0038] MMBIN          A=13 B=14 C=7 k=0 Bx=3612 sBx=-61923 Ax=924685 sJ=-15852530 raw=0x070E06AE
    [0039] GETFIELD       A=14 B=11 C=5 k=0 Bx=2582 sBx=-62953 Ax=661006 sJ=-16116209 raw=0x050B070E ; R[14] = R[11][K[5] "Y"]
    [0040] GETFIELD       A=15 B=0 C=5 k=0 Bx=2560 sBx=-62975 Ax=655375 sJ=-16121840 raw=0x0500078E ; R[15] = R[0][K[5] "Y"]
    [0041] SUB            A=14 B=14 C=15 k=0 Bx=7708 sBx=-57827 Ax=1973262 sJ=-14803953 raw=0x0F0E0723
    [0042] MMBIN          A=14 B=15 C=7 k=0 Bx=3614 sBx=-61921 Ax=925198 sJ=-15852017 raw=0x070F072E
    [0043] MUL            A=13 B=13 C=14 k=0 Bx=7194 sBx=-58341 Ax=1841677 sJ=-14935538 raw=0x0E0D06A4
    [0044] MMBIN          A=13 B=14 C=8 k=0 Bx=4124 sBx=-61411 Ax=1055757 sJ=-15721458 raw=0x080E06AE
    [0045] ADD            A=12 B=12 C=13 k=0 Bx=6680 sBx=-58855 Ax=1710092 sJ=-15067123 raw=0x0D0C0622
    [0046] MMBIN          A=12 B=13 C=6 k=0 Bx=3098 sBx=-62437 Ax=793100 sJ=-15984115 raw=0x060D062E
    [0047] LT             A=12 B=3 C=0 k=1 Bx=7 sBx=-65528 Ax=1804 sJ=-16775411 raw=0x0003863A
    [0048] JMP            A=1 B=0 C=128 k=0 Bx=65536 sBx=1 Ax=16777217 sJ=2 raw=0x800000B8
    [0049] LTI            A=3 B=127 C=0 k=0 Bx=254 sBx=-65281 Ax=65027 sJ=-16712188 raw=0x007F01BE
    [0050] JMP            A=4 B=0 C=128 k=0 Bx=65536 sBx=1 Ax=16777220 sJ=5 raw=0x80000238
    [0051] MOVE           A=3 B=12 C=0 k=0 Bx=24 sBx=-65511 Ax=6147 sJ=-16771068 raw=0x000C0180
    [0052] MOVE           A=4 B=11 C=0 k=0 Bx=22 sBx=-65513 Ax=5636 sJ=-16771579 raw=0x000B0200
    [0053] GETTABUP       A=13 B=0 C=6 k=0 Bx=3072 sBx=-62463 Ax=786445 sJ=-15990770 raw=0x0600068B ; R[13] = U[0][K[6] "EncounterRotateTable"]
    [0054] GETTABLE       A=5 B=13 C=10 k=0 Bx=5146 sBx=-60389 Ax=1317381 sJ=-15459834 raw=0x0A0D028C
    [0055] SETTABUP       A=0 B=0 C=9 k=0 Bx=4608 sBx=-60927 Ax=1179648 sJ=-15597567 raw=0x0900000F
    [0056] FORLOOP        A=6 B=22 C=0 k=0 Bx=44 sBx=-65491 Ax=11270 sJ=-16765945 raw=0x00160349
    [0057] JMP            A=27 B=0 C=128 k=0 Bx=65536 sBx=1 Ax=16777243 sJ=28 raw=0x80000DB8
    [0058] GETTABUP       A=6 B=0 C=2 k=0 Bx=1024 sBx=-64511 Ax=262150 sJ=-16515065 raw=0x0200030B ; R[6] = U[0][K[2] "debugForceForward"]
    [0059] ADDI           A=6 B=6 C=128 k=0 Bx=65548 sBx=13 Ax=16780294 sJ=3079 raw=0x80060315
    [0060] MMBINI         A=6 B=128 C=6 k=0 Bx=3328 sBx=-62207 Ax=851974 sJ=-15925241 raw=0x0680032F
    [0061] GETTABUP       A=7 B=0 C=2 k=0 Bx=1024 sBx=-64511 Ax=262151 sJ=-16515064 raw=0x0200038B ; R[7] = U[0][K[2] "debugForceForward"]
    [0062] SHLI           A=7 B=7 C=128 k=0 Bx=65550 sBx=15 Ax=16780807 sJ=3592 raw=0x800703A1
    [0063] MMBINI         A=7 B=128 C=16 k=1 Bx=8449 sBx=-57086 Ax=2162951 sJ=-14614264 raw=0x108083AF
    [0064] BAND           A=7 B=2 C=7 k=0 Bx=3588 sBx=-61947 Ax=918535 sJ=-15858680 raw=0x070203A9
    [0065] MMBIN          A=2 B=7 C=13 k=0 Bx=6670 sBx=-58865 Ax=1707522 sJ=-15069693 raw=0x0D07012E
    [0066] EQI            A=7 B=127 C=0 k=0 Bx=254 sBx=-65281 Ax=65031 sJ=-16712184 raw=0x007F03BD
    [0067] JMP            A=3 B=0 C=128 k=0 Bx=65536 sBx=1 Ax=16777219 sJ=4 raw=0x800001B8
    [0068] GETTABUP       A=7 B=1 C=7 k=0 Bx=3586 sBx=-61949 Ax=918023 sJ=-15859192 raw=0x0701038B ; R[7] = U[1][K[7] "Log"]
    [0069] GETFIELD       A=7 B=7 C=8 k=0 Bx=4110 sBx=-61425 Ax=1052167 sJ=-15725048 raw=0x0807038E ; R[7] = R[7][K[8] "Error"]
    [0070] LOADK          A=8 B=4 C=0 k=1 Bx=9 sBx=-65526 Ax=2312 sJ=-16774903 raw=0x00048403 ; R[8] = K[9] "\u6CE8\u610F\uFF1A\u8BE5\u5F3A\u5236\u65B9\u5411\u5B9E\u9645\u4E0D\u5B58\u5728\uFF0C\u6D4B\u8BD5\u53EF\u80FD\u65E0\u610F\u4E49"
    [0071] CALL           A=7 B=2 C=1 k=0 Bx=516 sBx=-65019 Ax=132103 sJ=-16645112 raw=0x010203C4
    [0072] TEST           A=1 B=0 C=0 k=0 Bx=0 sBx=-65535 Ax=1 sJ=-16777214 raw=0x000000C2
    [0073] JMP            A=11 B=0 C=128 k=0 Bx=65536 sBx=1 Ax=16777227 sJ=12 raw=0x800005B8
    [0074] GETTABUP       A=7 B=0 C=3 k=0 Bx=1536 sBx=-63999 Ax=393223 sJ=-16383992 raw=0x0300038B ; R[7] = U[0][K[3] "OffsetTable"]
    [0075] GETTABLE       A=7 B=7 C=6 k=0 Bx=3086 sBx=-62449 Ax=790023 sJ=-15987192 raw=0x0607038C
    [0076] TEST           A=7 B=0 C=0 k=0 Bx=0 sBx=-65535 Ax=7 sJ=-16777208 raw=0x000003C2
    [0077] JMP            A=7 B=0 C=128 k=0 Bx=65536 sBx=1 Ax=16777223 sJ=8 raw=0x800003B8
    [0078] GETTABUP       A=7 B=0 C=3 k=0 Bx=1536 sBx=-63999 Ax=393223 sJ=-16383992 raw=0x0300038B ; R[7] = U[0][K[3] "OffsetTable"]
    [0079] GETTABLE       A=7 B=7 C=6 k=0 Bx=3086 sBx=-62449 Ax=790023 sJ=-15987192 raw=0x0607038C
    [0080] ADD            A=4 B=1 C=7 k=0 Bx=3586 sBx=-61949 Ax=918020 sJ=-15859195 raw=0x07010222
    [0081] MMBIN          A=1 B=7 C=6 k=0 Bx=3086 sBx=-62449 Ax=790017 sJ=-15987198 raw=0x060700AE
    [0082] GETTABUP       A=7 B=0 C=6 k=0 Bx=3072 sBx=-62463 Ax=786439 sJ=-15990776 raw=0x0600038B ; R[7] = U[0][K[6] "EncounterRotateTable"]
    [0083] GETTABLE       A=5 B=7 C=6 k=0 Bx=3086 sBx=-62449 Ax=790021 sJ=-15987194 raw=0x0607028C
    [0084] GETTABUP       A=7 B=0 C=2 k=0 Bx=1024 sBx=-64511 Ax=262151 sJ=-16515064 raw=0x0200038B ; R[7] = U[0][K[2] "debugForceForward"]
    [0085] SETTABUP       A=0 B=0 C=7 k=0 Bx=3584 sBx=-61951 Ax=917504 sJ=-15859711 raw=0x0700000F
    [0086] MOVE           A=6 B=4 C=0 k=0 Bx=8 sBx=-65527 Ax=2054 sJ=-16775161 raw=0x00040300
    [0087] MOVE           A=7 B=5 C=0 k=0 Bx=10 sBx=-65525 Ax=2567 sJ=-16774648 raw=0x00050380
    [0088] RETURN         A=6 B=3 C=0 k=0 Bx=6 sBx=-65529 Ax=1542 sJ=-16775673 raw=0x00030346
    [0089] RETURN0        A=6 B=1 C=0 k=0 Bx=2 sBx=-65533 Ax=518 sJ=-16776697 raw=0x00010347

  function[5] source="" lines=226-322 params=6 vararg=0 stack=255 upvalues=3
  constants (46):
    K[0] = "TransAns"
    K[1] = "Log"
    K[2] = "Error"
    K[3] = "\u6CA1\u6709\u627E\u5230\u53EF\u6218\u6597\u70B9"
    K[4] = "X"
    K[5] = "Y"
    K[6] = "Z"
    K[7] = "UE4"
    K[8] = "UKismetSystemLibrary"
    K[9] = "Abs_DrawDebugSphere"
    K[10] = "_G"
    K[11] = "UE4Helper"
    K[12] = "GetCurrentWorld"
    K[13] = "FLinearColor"
    K[14] = "FVector"
    K[15] = 200
    K[16] = "UNRCStatics"
    K[17] = "ConvertToObjectType"
    K[18] = "ECollisionChannel"
    K[19] = "ECC_WorldStatic"
    K[20] = "table"
    K[21] = "insert"
    K[22] = "ECC_GameTraceChannel13"
    K[23] = "GetPosInLand_ByVisible"
    K[24] = "Debug"
    K[25] = "\u9009\u70B9\u65F6\u8C03\u7528\u8D34\u5730\u51FD\u6570\u5931\u8D25\uFF0C\u867D\u7136\u53EF\u80FD\u4E0D\u5F71\u54CD\u6700\u7EC8\u7ED3\u679C\uFF0C\u4F46\u53EF\u80FD\u6709\u9690\u60A3"
    K[26] = "Final Pos"
    K[27] = "debugBattlePointLine"
    K[28] = 10000
    K[29] = "Abs_DrawDebugLine"
    K[30] = 100
    K[31] = "math"
    K[32] = "sqrt"
    K[33] = 3
    K[34] = "debugLastEnterBattleRotateBit"
    K[35] = "PrintScreenMsgRed"
    K[36] = "string"
    K[37] = "format"
    K[38] = "rotate:%d \u65CB\u8F6CBit:%d"
    K[39] = "rotate:%d"
    K[40] = "\u5E73\u9762\u8DDD\u79BB: %f, \u4E09\u7EF4\u8DDD\u79BB: %f, disSquare: %f"
    K[41] = "Final Pos: %f, %f, %f"
    K[42] = "Enter Pos: %f, %f, %f"
    K[43] = "debugLastEnterBattlePoint"
    K[44] = "debugLastBattleFieldAns"
    K[45] = "debugLastBattleFieldRotateAns"
  upvalues (3):
    U[0] = instack=6 idx=0 kind=0 name="BattleField"
    U[1] = instack=0 idx=0 kind=1 name="_ENV"
    U[2] = instack=3 idx=0 kind=25 name="SceneUtils"
  locals (19):
    L[0] = "pos" pc=0-317
    L[1] = "playerLocation" pc=0-317
    L[2] = "bSitu" pc=0-317
    L[3] = "nearest" pc=0-317
    L[4] = "rotate" pc=0-317
    L[5] = "debugFlag" pc=0-317
    L[6] = "bMoved" pc=1-317
    L[7] = "ans" pc=6-317
    L[8] = "rotateAns" pc=6-317
    L[9] = "channel" pc=80-317
    L[10] = "oriAns" pc=92-317
    L[11] = "lineBegin" pc=136-297
    L[12] = "lineEnd" pc=144-297
    L[13] = "disx" pc=200-297
    L[14] = "disy" pc=206-297
    L[15] = "disz" pc=212-297
    L[16] = "disxy" pc=221-297
    L[17] = "disxyz" pc=234-297
    L[18] = "disSquare" pc=246-297
  instructions (317):
    [0001] LOADNIL        A=6 B=0 C=0 k=0 Bx=0 sBx=-65535 Ax=6 sJ=-16777209 raw=0x00000308
    [0002] TEST           A=2 B=0 C=0 k=0 Bx=0 sBx=-65535 Ax=2 sJ=-16777213 raw=0x00000142
    [0003] JMP            A=0 B=0 C=128 k=0 Bx=65536 sBx=1 Ax=16777216 sJ=1 raw=0x80000038
    [0004] MOVE           A=3 B=0 C=0 k=0 Bx=0 sBx=-65535 Ax=3 sJ=-16777212 raw=0x00000180
    [0005] NOT            A=6 B=2 C=0 k=0 Bx=4 sBx=-65531 Ax=1030 sJ=-16776185 raw=0x00020333
    [0006] LOADNIL        A=7 B=1 C=0 k=0 Bx=2 sBx=-65533 Ax=519 sJ=-16776696 raw=0x00010388
    [0007] GETTABUP       A=9 B=0 C=0 k=0 Bx=0 sBx=-65535 Ax=9 sJ=-16777206 raw=0x0000048B ; R[9] = U[0][K[0] "TransAns"]
    [0008] MOVE           A=10 B=1 C=0 k=0 Bx=2 sBx=-65533 Ax=522 sJ=-16776693 raw=0x00010500
    [0009] MOVE           A=11 B=3 C=0 k=0 Bx=6 sBx=-65529 Ax=1547 sJ=-16775668 raw=0x00030580
    [0010] MOVE           A=12 B=4 C=0 k=0 Bx=8 sBx=-65527 Ax=2060 sJ=-16775155 raw=0x00040600
    [0011] CALL           A=9 B=4 C=3 k=0 Bx=1544 sBx=-63991 Ax=395273 sJ=-16381942 raw=0x030404C4
    [0012] MOVE           A=8 B=10 C=0 k=0 Bx=20 sBx=-65515 Ax=5128 sJ=-16772087 raw=0x000A0400
    [0013] MOVE           A=7 B=9 C=0 k=0 Bx=18 sBx=-65517 Ax=4615 sJ=-16772600 raw=0x00090380
    [0014] TEST           A=7 B=0 C=0 k=1 Bx=1 sBx=-65534 Ax=263 sJ=-16776952 raw=0x000083C2
    [0015] JMP            A=7 B=0 C=128 k=0 Bx=65536 sBx=1 Ax=16777223 sJ=8 raw=0x800003B8
    [0016] GETTABUP       A=9 B=1 C=1 k=0 Bx=514 sBx=-65021 Ax=131593 sJ=-16645622 raw=0x0101048B ; R[9] = U[1][K[1] "Log"]
    [0017] GETFIELD       A=9 B=9 C=2 k=0 Bx=1042 sBx=-64493 Ax=266761 sJ=-16510454 raw=0x0209048E ; R[9] = R[9][K[2] "Error"]
    [0018] LOADK          A=10 B=1 C=0 k=1 Bx=3 sBx=-65532 Ax=778 sJ=-16776437 raw=0x00018503 ; R[10] = K[3] "\u6CA1\u6709\u627E\u5230\u53EF\u6218\u6597\u70B9"
    [0019] GETFIELD       A=11 B=0 C=4 k=0 Bx=2048 sBx=-63487 Ax=524299 sJ=-16252916 raw=0x0400058E ; R[11] = R[0][K[4] "X"]
    [0020] GETFIELD       A=12 B=0 C=5 k=0 Bx=2560 sBx=-62975 Ax=655372 sJ=-16121843 raw=0x0500060E ; R[12] = R[0][K[5] "Y"]
    [0021] GETFIELD       A=13 B=0 C=6 k=0 Bx=3072 sBx=-62463 Ax=786445 sJ=-15990770 raw=0x0600068E ; R[13] = R[0][K[6] "Z"]
    [0022] CALL           A=9 B=5 C=1 k=0 Bx=522 sBx=-65013 Ax=133641 sJ=-16643574 raw=0x010504C4
    [0023] JMP            A=46 B=0 C=128 k=0 Bx=65536 sBx=1 Ax=16777262 sJ=47 raw=0x80001738
    [0024] TEST           A=5 B=0 C=0 k=0 Bx=0 sBx=-65535 Ax=5 sJ=-16777210 raw=0x000002C2
    [0025] JMP            A=44 B=0 C=128 k=0 Bx=65536 sBx=1 Ax=16777260 sJ=45 raw=0x80001638
    [0026] GETTABUP       A=9 B=1 C=7 k=0 Bx=3586 sBx=-61949 Ax=918025 sJ=-15859190 raw=0x0701048B ; R[9] = U[1][K[7] "UE4"]
    [0027] GETFIELD       A=9 B=9 C=8 k=0 Bx=4114 sBx=-61421 Ax=1053193 sJ=-15724022 raw=0x0809048E ; R[9] = R[9][K[8] "UKismetSystemLibrary"]
    [0028] GETFIELD       A=9 B=9 C=9 k=0 Bx=4626 sBx=-60909 Ax=1184265 sJ=-15592950 raw=0x0909048E ; R[9] = R[9][K[9] "Abs_DrawDebugSphere"]
    [0029] GETTABUP       A=10 B=1 C=10 k=0 Bx=5122 sBx=-60413 Ax=1311242 sJ=-15465973 raw=0x0A01050B ; R[10] = U[1][K[10] "_G"]
    [0030] GETFIELD       A=10 B=10 C=11 k=0 Bx=5652 sBx=-59883 Ax=1446922 sJ=-15330293 raw=0x0B0A050E ; R[10] = R[10][K[11] "UE4Helper"]
    [0031] GETFIELD       A=10 B=10 C=12 k=0 Bx=6164 sBx=-59371 Ax=1577994 sJ=-15199221 raw=0x0C0A050E ; R[10] = R[10][K[12] "GetCurrentWorld"]
    [0032] CALL           A=10 B=1 C=2 k=0 Bx=1026 sBx=-64509 Ax=262666 sJ=-16514549 raw=0x02010544
    [0033] MOVE           A=11 B=7 C=0 k=0 Bx=14 sBx=-65521 Ax=3595 sJ=-16773620 raw=0x00070580
    [0034] LOADI          A=12 B=24 C=128 k=1 Bx=65585 sBx=50 Ax=16789772 sJ=12557 raw=0x80188601
    [0035] LOADI          A=13 B=5 C=128 k=1 Bx=65547 sBx=12 Ax=16780045 sJ=2830 raw=0x80058681
    [0036] GETTABUP       A=14 B=1 C=7 k=0 Bx=3586 sBx=-61949 Ax=918030 sJ=-15859185 raw=0x0701070B ; R[14] = U[1][K[7] "UE4"]
    [0037] GETFIELD       A=14 B=14 C=13 k=0 Bx=6684 sBx=-58851 Ax=1711118 sJ=-15066097 raw=0x0D0E070E ; R[14] = R[14][K[13] "FLinearColor"]
    [0038] LOADI          A=15 B=0 C=128 k=0 Bx=65536 sBx=1 Ax=16777231 sJ=16 raw=0x80000781
    [0039] LOADI          A=16 B=0 C=128 k=0 Bx=65536 sBx=1 Ax=16777232 sJ=17 raw=0x80000801
    [0040] LOADI          A=17 B=0 C=128 k=0 Bx=65536 sBx=1 Ax=16777233 sJ=18 raw=0x80000881
    [0041] LOADI          A=18 B=0 C=128 k=0 Bx=65536 sBx=1 Ax=16777234 sJ=19 raw=0x80000901
    [0042] CALL           A=14 B=5 C=2 k=0 Bx=1034 sBx=-64501 Ax=264718 sJ=-16512497 raw=0x02050744
    [0043] LOADI          A=15 B=49 C=128 k=1 Bx=65635 sBx=100 Ax=16802575 sJ=25360 raw=0x80318781
    [0044] CALL           A=9 B=7 C=1 k=0 Bx=526 sBx=-65009 Ax=134665 sJ=-16642550 raw=0x010704C4
    [0045] GETTABUP       A=9 B=1 C=7 k=0 Bx=3586 sBx=-61949 Ax=918025 sJ=-15859190 raw=0x0701048B ; R[9] = U[1][K[7] "UE4"]
    [0046] GETFIELD       A=9 B=9 C=8 k=0 Bx=4114 sBx=-61421 Ax=1053193 sJ=-15724022 raw=0x0809048E ; R[9] = R[9][K[8] "UKismetSystemLibrary"]
    [0047] GETFIELD       A=9 B=9 C=9 k=0 Bx=4626 sBx=-60909 Ax=1184265 sJ=-15592950 raw=0x0909048E ; R[9] = R[9][K[9] "Abs_DrawDebugSphere"]
    [0048] GETTABUP       A=10 B=1 C=10 k=0 Bx=5122 sBx=-60413 Ax=1311242 sJ=-15465973 raw=0x0A01050B ; R[10] = U[1][K[10] "_G"]
    [0049] GETFIELD       A=10 B=10 C=11 k=0 Bx=5652 sBx=-59883 Ax=1446922 sJ=-15330293 raw=0x0B0A050E ; R[10] = R[10][K[11] "UE4Helper"]
    [0050] GETFIELD       A=10 B=10 C=12 k=0 Bx=6164 sBx=-59371 Ax=1577994 sJ=-15199221 raw=0x0C0A050E ; R[10] = R[10][K[12] "GetCurrentWorld"]
    [0051] CALL           A=10 B=1 C=2 k=0 Bx=1026 sBx=-64509 Ax=262666 sJ=-16514549 raw=0x02010544
    [0052] GETTABUP       A=11 B=1 C=7 k=0 Bx=3586 sBx=-61949 Ax=918027 sJ=-15859188 raw=0x0701058B ; R[11] = U[1][K[7] "UE4"]
    [0053] GETFIELD       A=11 B=11 C=14 k=0 Bx=7190 sBx=-58345 Ax=1840651 sJ=-14936564 raw=0x0E0B058E ; R[11] = R[11][K[14] "FVector"]
    [0054] GETFIELD       A=12 B=7 C=4 k=0 Bx=2062 sBx=-63473 Ax=527884 sJ=-16249331 raw=0x0407060E ; R[12] = R[7][K[4] "X"]
    [0055] GETFIELD       A=13 B=7 C=5 k=0 Bx=2574 sBx=-62961 Ax=658957 sJ=-16118258 raw=0x0507068E ; R[13] = R[7][K[5] "Y"]
    [0056] GETFIELD       A=14 B=7 C=6 k=0 Bx=3086 sBx=-62449 Ax=790030 sJ=-15987185 raw=0x0607070E ; R[14] = R[7][K[6] "Z"]
    [0057] ADDK           A=14 B=14 C=15 k=0 Bx=7708 sBx=-57827 Ax=1973262 sJ=-14803953 raw=0x0F0E0716 ; K[15] 200
    [0058] MMBINK         A=14 B=15 C=6 k=0 Bx=3102 sBx=-62433 Ax=794126 sJ=-15983089 raw=0x060F0730
    [0059] CALL           A=11 B=4 C=2 k=0 Bx=1032 sBx=-64503 Ax=264203 sJ=-16513012 raw=0x020405C4
    [0060] LOADI          A=12 B=24 C=128 k=1 Bx=65585 sBx=50 Ax=16789772 sJ=12557 raw=0x80188601
    [0061] LOADI          A=13 B=5 C=128 k=1 Bx=65547 sBx=12 Ax=16780045 sJ=2830 raw=0x80058681
    [0062] GETTABUP       A=14 B=1 C=7 k=0 Bx=3586 sBx=-61949 Ax=918030 sJ=-15859185 raw=0x0701070B ; R[14] = U[1][K[7] "UE4"]
    [0063] GETFIELD       A=14 B=14 C=13 k=0 Bx=6684 sBx=-58851 Ax=1711118 sJ=-15066097 raw=0x0D0E070E ; R[14] = R[14][K[13] "FLinearColor"]
    [0064] LOADI          A=15 B=255 C=127 k=1 Bx=65535 sBx=0 Ax=16776975 sJ=-240 raw=0x7FFF8781
    [0065] LOADI          A=16 B=255 C=127 k=1 Bx=65535 sBx=0 Ax=16776976 sJ=-239 raw=0x7FFF8801
    [0066] LOADI          A=17 B=0 C=128 k=0 Bx=65536 sBx=1 Ax=16777233 sJ=18 raw=0x80000881
    [0067] LOADI          A=18 B=0 C=128 k=0 Bx=65536 sBx=1 Ax=16777234 sJ=19 raw=0x80000901
    [0068] CALL           A=14 B=5 C=2 k=0 Bx=1034 sBx=-64501 Ax=264718 sJ=-16512497 raw=0x02050744
    [0069] LOADI          A=15 B=49 C=128 k=1 Bx=65635 sBx=100 Ax=16802575 sJ=25360 raw=0x80318781
    [0070] CALL           A=9 B=7 C=1 k=0 Bx=526 sBx=-65009 Ax=134665 sJ=-16642550 raw=0x010704C4
    [0071] NEWTABLE       A=9 B=0 C=0 k=0 Bx=0 sBx=-65535 Ax=9 sJ=-16777206 raw=0x00000493
    [0072] EXTRAARG       A=0 B=0 C=0 k=0 Bx=0 sBx=-65535 Ax=0 sJ=-16777215 raw=0x00000052
    [0073] GETTABUP       A=10 B=1 C=7 k=0 Bx=3586 sBx=-61949 Ax=918026 sJ=-15859189 raw=0x0701050B ; R[10] = U[1][K[7] "UE4"]
    [0074] GETFIELD       A=10 B=10 C=16 k=0 Bx=8212 sBx=-57323 Ax=2102282 sJ=-14674933 raw=0x100A050E ; R[10] = R[10][K[16] "UNRCStatics"]
    [0075] GETFIELD       A=10 B=10 C=17 k=0 Bx=8724 sBx=-56811 Ax=2233354 sJ=-14543861 raw=0x110A050E ; R[10] = R[10][K[17] "ConvertToObjectType"]
    [0076] GETTABUP       A=11 B=1 C=7 k=0 Bx=3586 sBx=-61949 Ax=918027 sJ=-15859188 raw=0x0701058B ; R[11] = U[1][K[7] "UE4"]
    [0077] GETFIELD       A=11 B=11 C=18 k=0 Bx=9238 sBx=-56297 Ax=2364939 sJ=-14412276 raw=0x120B058E ; R[11] = R[11][K[18] "ECollisionChannel"]
    [0078] GETFIELD       A=11 B=11 C=19 k=0 Bx=9750 sBx=-55785 Ax=2496011 sJ=-14281204 raw=0x130B058E ; R[11] = R[11][K[19] "ECC_WorldStatic"]
    [0079] CALL           A=10 B=2 C=0 k=0 Bx=4 sBx=-65531 Ax=1034 sJ=-16776181 raw=0x00020544
    [0080] SETLIST        A=9 B=0 C=0 k=0 Bx=0 sBx=-65535 Ax=9 sJ=-16777206 raw=0x000004CE
    [0081] GETTABUP       A=10 B=1 C=20 k=0 Bx=10242 sBx=-55293 Ax=2621962 sJ=-14155253 raw=0x1401050B ; R[10] = U[1][K[20] "table"]
    [0082] GETFIELD       A=10 B=10 C=21 k=0 Bx=10772 sBx=-54763 Ax=2757642 sJ=-14019573 raw=0x150A050E ; R[10] = R[10][K[21] "insert"]
    [0083] MOVE           A=11 B=9 C=0 k=0 Bx=18 sBx=-65517 Ax=4619 sJ=-16772596 raw=0x00090580
    [0084] GETTABUP       A=12 B=1 C=7 k=0 Bx=3586 sBx=-61949 Ax=918028 sJ=-15859187 raw=0x0701060B ; R[12] = U[1][K[7] "UE4"]
    [0085] GETFIELD       A=12 B=12 C=16 k=0 Bx=8216 sBx=-57319 Ax=2103308 sJ=-14673907 raw=0x100C060E ; R[12] = R[12][K[16] "UNRCStatics"]
    [0086] GETFIELD       A=12 B=12 C=17 k=0 Bx=8728 sBx=-56807 Ax=2234380 sJ=-14542835 raw=0x110C060E ; R[12] = R[12][K[17] "ConvertToObjectType"]
    [0087] GETTABUP       A=13 B=1 C=7 k=0 Bx=3586 sBx=-61949 Ax=918029 sJ=-15859186 raw=0x0701068B ; R[13] = U[1][K[7] "UE4"]
    [0088] GETFIELD       A=13 B=13 C=18 k=0 Bx=9242 sBx=-56293 Ax=2365965 sJ=-14411250 raw=0x120D068E ; R[13] = R[13][K[18] "ECollisionChannel"]
    [0089] GETFIELD       A=13 B=13 C=22 k=0 Bx=11290 sBx=-54245 Ax=2890253 sJ=-13886962 raw=0x160D068E ; R[13] = R[13][K[22] "ECC_GameTraceChannel13"]
    [0090] CALL           A=12 B=2 C=0 k=0 Bx=4 sBx=-65531 Ax=1036 sJ=-16776179 raw=0x00020644
    [0091] CALL           A=10 B=0 C=1 k=0 Bx=512 sBx=-65023 Ax=131082 sJ=-16646133 raw=0x01000544
    [0092] MOVE           A=10 B=7 C=0 k=0 Bx=14 sBx=-65521 Ax=3594 sJ=-16773621 raw=0x00070500
    [0093] GETTABUP       A=11 B=2 C=23 k=0 Bx=11780 sBx=-53755 Ax=3015691 sJ=-13761524 raw=0x1702058B ; R[11] = U[2][K[23] "GetPosInLand_ByVisible"]
    [0094] MOVE           A=12 B=7 C=0 k=0 Bx=14 sBx=-65521 Ax=3596 sJ=-16773619 raw=0x00070600
    [0095] LOADNIL        A=13 B=0 C=0 k=0 Bx=0 sBx=-65535 Ax=13 sJ=-16777202 raw=0x00000688
    [0096] LOADI          A=14 B=99 C=128 k=1 Bx=65735 sBx=200 Ax=16828174 sJ=50959 raw=0x80638701
    [0097] LOADI          A=15 B=47 C=245 k=1 Bx=125535 sBx=60000 Ax=32136975 sJ=15359760 raw=0xF52F8781
    [0098] LOADNIL        A=16 B=0 C=0 k=0 Bx=0 sBx=-65535 Ax=16 sJ=-16777199 raw=0x00000808
    [0099] MOVE           A=17 B=9 C=0 k=0 Bx=18 sBx=-65517 Ax=4625 sJ=-16772590 raw=0x00090880
    [0100] LOADTRUE       A=18 B=0 C=0 k=0 Bx=0 sBx=-65535 Ax=18 sJ=-16777197 raw=0x00000907
    [0101] MOVE           A=19 B=5 C=0 k=0 Bx=10 sBx=-65525 Ax=2579 sJ=-16774636 raw=0x00050980
    [0102] CALL           A=11 B=9 C=2 k=0 Bx=1042 sBx=-64493 Ax=266763 sJ=-16510452 raw=0x020905C4
    [0103] MOVE           A=7 B=11 C=0 k=0 Bx=22 sBx=-65513 Ax=5639 sJ=-16771576 raw=0x000B0380
    [0104] TEST           A=7 B=0 C=0 k=0 Bx=0 sBx=-65535 Ax=7 sJ=-16777208 raw=0x000003C2
    [0105] JMP            A=9 B=0 C=128 k=0 Bx=65536 sBx=1 Ax=16777225 sJ=10 raw=0x800004B8
    [0106] GETTABUP       A=11 B=1 C=7 k=0 Bx=3586 sBx=-61949 Ax=918027 sJ=-15859188 raw=0x0701058B ; R[11] = U[1][K[7] "UE4"]
    [0107] GETFIELD       A=11 B=11 C=14 k=0 Bx=7190 sBx=-58345 Ax=1840651 sJ=-14936564 raw=0x0E0B058E ; R[11] = R[11][K[14] "FVector"]
    [0108] GETFIELD       A=12 B=7 C=4 k=0 Bx=2062 sBx=-63473 Ax=527884 sJ=-16249331 raw=0x0407060E ; R[12] = R[7][K[4] "X"]
    [0109] GETFIELD       A=13 B=7 C=5 k=0 Bx=2574 sBx=-62961 Ax=658957 sJ=-16118258 raw=0x0507068E ; R[13] = R[7][K[5] "Y"]
    [0110] GETFIELD       A=14 B=7 C=6 k=0 Bx=3086 sBx=-62449 Ax=790030 sJ=-15987185 raw=0x0607070E ; R[14] = R[7][K[6] "Z"]
    [0111] ADDI           A=14 B=14 C=137 k=0 Bx=70172 sBx=4637 Ax=17964046 sJ=1186831 raw=0x890E0715
    [0112] MMBINI         A=14 B=137 C=6 k=0 Bx=3346 sBx=-62189 Ax=856590 sJ=-15920625 raw=0x0689072F
    [0113] CALL           A=11 B=4 C=2 k=0 Bx=1032 sBx=-64503 Ax=264203 sJ=-16513012 raw=0x020405C4
    [0114] MOVE           A=7 B=11 C=0 k=0 Bx=22 sBx=-65513 Ax=5639 sJ=-16771576 raw=0x000B0380
    [0115] JMP            A=4 B=0 C=128 k=0 Bx=65536 sBx=1 Ax=16777220 sJ=5 raw=0x80000238
    [0116] GETTABUP       A=11 B=1 C=1 k=0 Bx=514 sBx=-65021 Ax=131595 sJ=-16645620 raw=0x0101058B ; R[11] = U[1][K[1] "Log"]
    [0117] GETFIELD       A=11 B=11 C=24 k=0 Bx=12310 sBx=-53225 Ax=3151371 sJ=-13625844 raw=0x180B058E ; R[11] = R[11][K[24] "Debug"]
    [0118] LOADK          A=12 B=12 C=0 k=1 Bx=25 sBx=-65510 Ax=6412 sJ=-16770803 raw=0x000C8603 ; R[12] = K[25] "\u9009\u70B9\u65F6\u8C03\u7528\u8D34\u5730\u51FD\u6570\u5931\u8D25\uFF0C\u867D\u7136\u53EF\u80FD\u4E0D\u5F71\u54CD\u6700\u7EC8\u7ED3\u679C\uFF0C\u4F46\u53EF\u80FD\u6709\u9690\u60A3"
    [0119] CALL           A=11 B=2 C=1 k=0 Bx=516 sBx=-65019 Ax=132107 sJ=-16645108 raw=0x010205C4
    [0120] MOVE           A=7 B=10 C=0 k=0 Bx=20 sBx=-65515 Ax=5127 sJ=-16772088 raw=0x000A0380
    [0121] GETTABUP       A=11 B=1 C=1 k=0 Bx=514 sBx=-65021 Ax=131595 sJ=-16645620 raw=0x0101058B ; R[11] = U[1][K[1] "Log"]
    [0122] GETFIELD       A=11 B=11 C=24 k=0 Bx=12310 sBx=-53225 Ax=3151371 sJ=-13625844 raw=0x180B058E ; R[11] = R[11][K[24] "Debug"]
    [0123] LOADK          A=12 B=13 C=0 k=0 Bx=26 sBx=-65509 Ax=6668 sJ=-16770547 raw=0x000D0603 ; R[12] = K[26] "Final Pos"
    [0124] MOVE           A=13 B=7 C=0 k=0 Bx=14 sBx=-65521 Ax=3597 sJ=-16773618 raw=0x00070680
    [0125] CALL           A=11 B=3 C=1 k=0 Bx=518 sBx=-65017 Ax=132619 sJ=-16644596 raw=0x010305C4
    [0126] TEST           A=5 B=0 C=0 k=1 Bx=1 sBx=-65534 Ax=261 sJ=-16776954 raw=0x000082C2
    [0127] JMP            A=2 B=0 C=128 k=0 Bx=65536 sBx=1 Ax=16777218 sJ=3 raw=0x80000138
    [0128] GETTABUP       A=11 B=0 C=27 k=0 Bx=13824 sBx=-51711 Ax=3538955 sJ=-13238260 raw=0x1B00058B ; R[11] = U[0][K[27] "debugBattlePointLine"]
    [0129] TEST           A=11 B=0 C=0 k=0 Bx=0 sBx=-65535 Ax=11 sJ=-16777204 raw=0x000005C2
    [0130] JMP            A=166 B=0 C=128 k=0 Bx=65536 sBx=1 Ax=16777382 sJ=167 raw=0x80005338
    [0131] GETTABUP       A=11 B=1 C=7 k=0 Bx=3586 sBx=-61949 Ax=918027 sJ=-15859188 raw=0x0701058B ; R[11] = U[1][K[7] "UE4"]
    [0132] GETFIELD       A=11 B=11 C=14 k=0 Bx=7190 sBx=-58345 Ax=1840651 sJ=-14936564 raw=0x0E0B058E ; R[11] = R[11][K[14] "FVector"]
    [0133] GETFIELD       A=12 B=7 C=4 k=0 Bx=2062 sBx=-63473 Ax=527884 sJ=-16249331 raw=0x0407060E ; R[12] = R[7][K[4] "X"]
    [0134] GETFIELD       A=13 B=7 C=5 k=0 Bx=2574 sBx=-62961 Ax=658957 sJ=-16118258 raw=0x0507068E ; R[13] = R[7][K[5] "Y"]
    [0135] GETFIELD       A=14 B=7 C=6 k=0 Bx=3086 sBx=-62449 Ax=790030 sJ=-15987185 raw=0x0607070E ; R[14] = R[7][K[6] "Z"]
    [0136] CALL           A=11 B=4 C=2 k=0 Bx=1032 sBx=-64503 Ax=264203 sJ=-16513012 raw=0x020405C4
    [0137] GETTABUP       A=12 B=1 C=7 k=0 Bx=3586 sBx=-61949 Ax=918028 sJ=-15859187 raw=0x0701060B ; R[12] = U[1][K[7] "UE4"]
    [0138] GETFIELD       A=12 B=12 C=14 k=0 Bx=7192 sBx=-58343 Ax=1841164 sJ=-14936051 raw=0x0E0C060E ; R[12] = R[12][K[14] "FVector"]
    [0139] GETFIELD       A=13 B=7 C=4 k=0 Bx=2062 sBx=-63473 Ax=527885 sJ=-16249330 raw=0x0407068E ; R[13] = R[7][K[4] "X"]
    [0140] GETFIELD       A=14 B=7 C=5 k=0 Bx=2574 sBx=-62961 Ax=658958 sJ=-16118257 raw=0x0507070E ; R[14] = R[7][K[5] "Y"]
    [0141] GETFIELD       A=15 B=7 C=6 k=0 Bx=3086 sBx=-62449 Ax=790031 sJ=-15987184 raw=0x0607078E ; R[15] = R[7][K[6] "Z"]
    [0142] ADDK           A=15 B=15 C=28 k=0 Bx=14366 sBx=-51169 Ax=3677711 sJ=-13099504 raw=0x1C0F0796 ; K[28] 10000
    [0143] MMBINK         A=15 B=28 C=6 k=0 Bx=3128 sBx=-62407 Ax=800783 sJ=-15976432 raw=0x061C07B0
    [0144] CALL           A=12 B=4 C=2 k=0 Bx=1032 sBx=-64503 Ax=264204 sJ=-16513011 raw=0x02040644
    [0145] GETTABUP       A=13 B=1 C=7 k=0 Bx=3586 sBx=-61949 Ax=918029 sJ=-15859186 raw=0x0701068B ; R[13] = U[1][K[7] "UE4"]
    [0146] GETFIELD       A=13 B=13 C=8 k=0 Bx=4122 sBx=-61413 Ax=1055245 sJ=-15721970 raw=0x080D068E ; R[13] = R[13][K[8] "UKismetSystemLibrary"]
    [0147] GETFIELD       A=13 B=13 C=29 k=0 Bx=14874 sBx=-50661 Ax=3807757 sJ=-12969458 raw=0x1D0D068E ; R[13] = R[13][K[29] "Abs_DrawDebugLine"]
    [0148] GETTABUP       A=14 B=1 C=10 k=0 Bx=5122 sBx=-60413 Ax=1311246 sJ=-15465969 raw=0x0A01070B ; R[14] = U[1][K[10] "_G"]
    [0149] GETFIELD       A=14 B=14 C=11 k=0 Bx=5660 sBx=-59875 Ax=1448974 sJ=-15328241 raw=0x0B0E070E ; R[14] = R[14][K[11] "UE4Helper"]
    [0150] GETFIELD       A=14 B=14 C=12 k=0 Bx=6172 sBx=-59363 Ax=1580046 sJ=-15197169 raw=0x0C0E070E ; R[14] = R[14][K[12] "GetCurrentWorld"]
    [0151] CALL           A=14 B=1 C=2 k=0 Bx=1026 sBx=-64509 Ax=262670 sJ=-16514545 raw=0x02010744
    [0152] MOVE           A=15 B=11 C=0 k=0 Bx=22 sBx=-65513 Ax=5647 sJ=-16771568 raw=0x000B0780
    [0153] MOVE           A=16 B=12 C=0 k=0 Bx=24 sBx=-65511 Ax=6160 sJ=-16771055 raw=0x000C0800
    [0154] GETTABUP       A=17 B=1 C=7 k=0 Bx=3586 sBx=-61949 Ax=918033 sJ=-15859182 raw=0x0701088B ; R[17] = U[1][K[7] "UE4"]
    [0155] GETFIELD       A=17 B=17 C=13 k=0 Bx=6690 sBx=-58845 Ax=1712657 sJ=-15064558 raw=0x0D11088E ; R[17] = R[17][K[13] "FLinearColor"]
    [0156] LOADI          A=18 B=0 C=128 k=0 Bx=65536 sBx=1 Ax=16777234 sJ=19 raw=0x80000901
    [0157] LOADI          A=19 B=255 C=127 k=1 Bx=65535 sBx=0 Ax=16776979 sJ=-236 raw=0x7FFF8981
    [0158] LOADI          A=20 B=255 C=127 k=1 Bx=65535 sBx=0 Ax=16776980 sJ=-235 raw=0x7FFF8A01
    [0159] LOADI          A=21 B=0 C=128 k=0 Bx=65536 sBx=1 Ax=16777237 sJ=22 raw=0x80000A81
    [0160] CALL           A=17 B=5 C=2 k=0 Bx=1034 sBx=-64501 Ax=264721 sJ=-16512494 raw=0x020508C4
    [0161] LOADI          A=18 B=49 C=128 k=1 Bx=65635 sBx=100 Ax=16802578 sJ=25363 raw=0x80318901
    [0162] CALL           A=13 B=6 C=1 k=0 Bx=524 sBx=-65011 Ax=134157 sJ=-16643058 raw=0x010606C4
    [0163] GETTABUP       A=13 B=1 C=7 k=0 Bx=3586 sBx=-61949 Ax=918029 sJ=-15859186 raw=0x0701068B ; R[13] = U[1][K[7] "UE4"]
    [0164] GETFIELD       A=13 B=13 C=14 k=0 Bx=7194 sBx=-58341 Ax=1841677 sJ=-14935538 raw=0x0E0D068E ; R[13] = R[13][K[14] "FVector"]
    [0165] GETFIELD       A=14 B=3 C=4 k=0 Bx=2054 sBx=-63481 Ax=525838 sJ=-16251377 raw=0x0403070E ; R[14] = R[3][K[4] "X"]
    [0166] GETFIELD       A=15 B=3 C=5 k=0 Bx=2566 sBx=-62969 Ax=656911 sJ=-16120304 raw=0x0503078E ; R[15] = R[3][K[5] "Y"]
    [0167] GETFIELD       A=16 B=3 C=6 k=0 Bx=3078 sBx=-62457 Ax=787984 sJ=-15989231 raw=0x0603080E ; R[16] = R[3][K[6] "Z"]
    [0168] CALL           A=13 B=4 C=2 k=0 Bx=1032 sBx=-64503 Ax=264205 sJ=-16513010 raw=0x020406C4
    [0169] MOVE           A=11 B=13 C=0 k=0 Bx=26 sBx=-65509 Ax=6667 sJ=-16770548 raw=0x000D0580
    [0170] GETTABUP       A=13 B=1 C=7 k=0 Bx=3586 sBx=-61949 Ax=918029 sJ=-15859186 raw=0x0701068B ; R[13] = U[1][K[7] "UE4"]
    [0171] GETFIELD       A=13 B=13 C=14 k=0 Bx=7194 sBx=-58341 Ax=1841677 sJ=-14935538 raw=0x0E0D068E ; R[13] = R[13][K[14] "FVector"]
    [0172] GETFIELD       A=14 B=7 C=4 k=0 Bx=2062 sBx=-63473 Ax=527886 sJ=-16249329 raw=0x0407070E ; R[14] = R[7][K[4] "X"]
    [0173] GETFIELD       A=15 B=7 C=5 k=0 Bx=2574 sBx=-62961 Ax=658959 sJ=-16118256 raw=0x0507078E ; R[15] = R[7][K[5] "Y"]
    [0174] GETFIELD       A=16 B=7 C=6 k=0 Bx=3086 sBx=-62449 Ax=790032 sJ=-15987183 raw=0x0607080E ; R[16] = R[7][K[6] "Z"]
    [0175] CALL           A=13 B=4 C=2 k=0 Bx=1032 sBx=-64503 Ax=264205 sJ=-16513010 raw=0x020406C4
    [0176] MOVE           A=12 B=13 C=0 k=0 Bx=26 sBx=-65509 Ax=6668 sJ=-16770547 raw=0x000D0600
    [0177] GETTABUP       A=13 B=1 C=7 k=0 Bx=3586 sBx=-61949 Ax=918029 sJ=-15859186 raw=0x0701068B ; R[13] = U[1][K[7] "UE4"]
    [0178] GETFIELD       A=13 B=13 C=8 k=0 Bx=4122 sBx=-61413 Ax=1055245 sJ=-15721970 raw=0x080D068E ; R[13] = R[13][K[8] "UKismetSystemLibrary"]
    [0179] GETFIELD       A=13 B=13 C=29 k=0 Bx=14874 sBx=-50661 Ax=3807757 sJ=-12969458 raw=0x1D0D068E ; R[13] = R[13][K[29] "Abs_DrawDebugLine"]
    [0180] GETTABUP       A=14 B=1 C=10 k=0 Bx=5122 sBx=-60413 Ax=1311246 sJ=-15465969 raw=0x0A01070B ; R[14] = U[1][K[10] "_G"]
    [0181] GETFIELD       A=14 B=14 C=11 k=0 Bx=5660 sBx=-59875 Ax=1448974 sJ=-15328241 raw=0x0B0E070E ; R[14] = R[14][K[11] "UE4Helper"]
    [0182] GETFIELD       A=14 B=14 C=12 k=0 Bx=6172 sBx=-59363 Ax=1580046 sJ=-15197169 raw=0x0C0E070E ; R[14] = R[14][K[12] "GetCurrentWorld"]
    [0183] CALL           A=14 B=1 C=2 k=0 Bx=1026 sBx=-64509 Ax=262670 sJ=-16514545 raw=0x02010744
    [0184] MOVE           A=15 B=11 C=0 k=0 Bx=22 sBx=-65513 Ax=5647 sJ=-16771568 raw=0x000B0780
    [0185] MOVE           A=16 B=12 C=0 k=0 Bx=24 sBx=-65511 Ax=6160 sJ=-16771055 raw=0x000C0800
    [0186] GETTABUP       A=17 B=1 C=7 k=0 Bx=3586 sBx=-61949 Ax=918033 sJ=-15859182 raw=0x0701088B ; R[17] = U[1][K[7] "UE4"]
    [0187] GETFIELD       A=17 B=17 C=13 k=0 Bx=6690 sBx=-58845 Ax=1712657 sJ=-15064558 raw=0x0D11088E ; R[17] = R[17][K[13] "FLinearColor"]
    [0188] LOADI          A=18 B=0 C=128 k=0 Bx=65536 sBx=1 Ax=16777234 sJ=19 raw=0x80000901
    [0189] LOADI          A=19 B=0 C=128 k=0 Bx=65536 sBx=1 Ax=16777235 sJ=20 raw=0x80000981
    [0190] LOADI          A=20 B=255 C=127 k=1 Bx=65535 sBx=0 Ax=16776980 sJ=-235 raw=0x7FFF8A01
    [0191] LOADI          A=21 B=0 C=128 k=0 Bx=65536 sBx=1 Ax=16777237 sJ=22 raw=0x80000A81
    [0192] CALL           A=17 B=5 C=2 k=0 Bx=1034 sBx=-64501 Ax=264721 sJ=-16512494 raw=0x020508C4
    [0193] LOADI          A=18 B=49 C=128 k=1 Bx=65635 sBx=100 Ax=16802578 sJ=25363 raw=0x80318901
    [0194] CALL           A=13 B=6 C=1 k=0 Bx=524 sBx=-65011 Ax=134157 sJ=-16643058 raw=0x010606C4
    [0195] GETFIELD       A=13 B=0 C=4 k=0 Bx=2048 sBx=-63487 Ax=524301 sJ=-16252914 raw=0x0400068E ; R[13] = R[0][K[4] "X"]
    [0196] GETFIELD       A=14 B=7 C=4 k=0 Bx=2062 sBx=-63473 Ax=527886 sJ=-16249329 raw=0x0407070E ; R[14] = R[7][K[4] "X"]
    [0197] SUB            A=13 B=13 C=14 k=0 Bx=7194 sBx=-58341 Ax=1841677 sJ=-14935538 raw=0x0E0D06A3
    [0198] MMBIN          A=13 B=14 C=7 k=0 Bx=3612 sBx=-61923 Ax=924685 sJ=-15852530 raw=0x070E06AE
    [0199] DIVK           A=13 B=13 C=30 k=0 Bx=15386 sBx=-50149 Ax=3938829 sJ=-12838386 raw=0x1E0D069B ; K[30] 100
    [0200] MMBINK         A=13 B=30 C=11 k=0 Bx=5692 sBx=-59843 Ax=1457165 sJ=-15320050 raw=0x0B1E06B0
    [0201] GETFIELD       A=14 B=0 C=5 k=0 Bx=2560 sBx=-62975 Ax=655374 sJ=-16121841 raw=0x0500070E ; R[14] = R[0][K[5] "Y"]
    [0202] GETFIELD       A=15 B=7 C=5 k=0 Bx=2574 sBx=-62961 Ax=658959 sJ=-16118256 raw=0x0507078E ; R[15] = R[7][K[5] "Y"]
    [0203] SUB            A=14 B=14 C=15 k=0 Bx=7708 sBx=-57827 Ax=1973262 sJ=-14803953 raw=0x0F0E0723
    [0204] MMBIN          A=14 B=15 C=7 k=0 Bx=3614 sBx=-61921 Ax=925198 sJ=-15852017 raw=0x070F072E
    [0205] DIVK           A=14 B=14 C=30 k=0 Bx=15388 sBx=-50147 Ax=3939342 sJ=-12837873 raw=0x1E0E071B ; K[30] 100
    [0206] MMBINK         A=14 B=30 C=11 k=0 Bx=5692 sBx=-59843 Ax=1457166 sJ=-15320049 raw=0x0B1E0730
    [0207] GETFIELD       A=15 B=0 C=6 k=0 Bx=3072 sBx=-62463 Ax=786447 sJ=-15990768 raw=0x0600078E ; R[15] = R[0][K[6] "Z"]
    [0208] GETFIELD       A=16 B=7 C=6 k=0 Bx=3086 sBx=-62449 Ax=790032 sJ=-15987183 raw=0x0607080E ; R[16] = R[7][K[6] "Z"]
    [0209] SUB            A=15 B=15 C=16 k=0 Bx=8222 sBx=-57313 Ax=2104847 sJ=-14672368 raw=0x100F07A3
    [0210] MMBIN          A=15 B=16 C=7 k=0 Bx=3616 sBx=-61919 Ax=925711 sJ=-15851504 raw=0x071007AE
    [0211] DIVK           A=15 B=15 C=30 k=0 Bx=15390 sBx=-50145 Ax=3939855 sJ=-12837360 raw=0x1E0F079B ; K[30] 100
    [0212] MMBINK         A=15 B=30 C=11 k=0 Bx=5692 sBx=-59843 Ax=1457167 sJ=-15320048 raw=0x0B1E07B0
    [0213] GETTABUP       A=16 B=1 C=31 k=0 Bx=15874 sBx=-49661 Ax=4063760 sJ=-12713455 raw=0x1F01080B ; R[16] = U[1][K[31] "math"]
    [0214] GETFIELD       A=16 B=16 C=32 k=0 Bx=16416 sBx=-49119 Ax=4202512 sJ=-12574703 raw=0x2010080E ; R[16] = R[16][K[32] "sqrt"]
    [0215] MUL            A=17 B=13 C=13 k=0 Bx=6682 sBx=-58853 Ax=1710609 sJ=-15066606 raw=0x0D0D08A4
    [0216] MMBIN          A=13 B=13 C=8 k=0 Bx=4122 sBx=-61413 Ax=1055245 sJ=-15721970 raw=0x080D06AE
    [0217] MUL            A=18 B=14 C=14 k=0 Bx=7196 sBx=-58339 Ax=1842194 sJ=-14935021 raw=0x0E0E0924
    [0218] MMBIN          A=14 B=14 C=8 k=0 Bx=4124 sBx=-61411 Ax=1055758 sJ=-15721457 raw=0x080E072E
    [0219] ADD            A=17 B=17 C=18 k=0 Bx=9250 sBx=-56285 Ax=2368017 sJ=-14409198 raw=0x121108A2
    [0220] MMBIN          A=17 B=18 C=6 k=0 Bx=3108 sBx=-62427 Ax=795665 sJ=-15981550 raw=0x061208AE
    [0221] CALL           A=16 B=2 C=2 k=0 Bx=1028 sBx=-64507 Ax=263184 sJ=-16514031 raw=0x02020844
    [0222] GETTABUP       A=17 B=1 C=31 k=0 Bx=15874 sBx=-49661 Ax=4063761 sJ=-12713454 raw=0x1F01088B ; R[17] = U[1][K[31] "math"]
    [0223] GETFIELD       A=17 B=17 C=32 k=0 Bx=16418 sBx=-49117 Ax=4203025 sJ=-12574190 raw=0x2011088E ; R[17] = R[17][K[32] "sqrt"]
    [0224] MUL            A=18 B=13 C=13 k=0 Bx=6682 sBx=-58853 Ax=1710610 sJ=-15066605 raw=0x0D0D0924
    [0225] MMBIN          A=13 B=13 C=8 k=0 Bx=4122 sBx=-61413 Ax=1055245 sJ=-15721970 raw=0x080D06AE
    [0226] MUL            A=19 B=14 C=14 k=0 Bx=7196 sBx=-58339 Ax=1842195 sJ=-14935020 raw=0x0E0E09A4
    [0227] MMBIN          A=14 B=14 C=8 k=0 Bx=4124 sBx=-61411 Ax=1055758 sJ=-15721457 raw=0x080E072E
    [0228] ADD            A=18 B=18 C=19 k=0 Bx=9764 sBx=-55771 Ax=2499602 sJ=-14277613 raw=0x13120922
    [0229] MMBIN          A=18 B=19 C=6 k=0 Bx=3110 sBx=-62425 Ax=796178 sJ=-15981037 raw=0x0613092E
    [0230] MUL            A=19 B=15 C=15 k=0 Bx=7710 sBx=-57825 Ax=1973779 sJ=-14803436 raw=0x0F0F09A4
    [0231] MMBIN          A=15 B=15 C=8 k=0 Bx=4126 sBx=-61409 Ax=1056271 sJ=-15720944 raw=0x080F07AE
    [0232] ADD            A=18 B=18 C=19 k=0 Bx=9764 sBx=-55771 Ax=2499602 sJ=-14277613 raw=0x13120922
    [0233] MMBIN          A=18 B=19 C=6 k=0 Bx=3110 sBx=-62425 Ax=796178 sJ=-15981037 raw=0x0613092E
    [0234] CALL           A=17 B=2 C=2 k=0 Bx=1028 sBx=-64507 Ax=263185 sJ=-16514030 raw=0x020208C4
    [0235] MUL            A=18 B=13 C=13 k=0 Bx=6682 sBx=-58853 Ax=1710610 sJ=-15066605 raw=0x0D0D0924
    [0236] MMBIN          A=13 B=13 C=8 k=0 Bx=4122 sBx=-61413 Ax=1055245 sJ=-15721970 raw=0x080D06AE
    [0237] MUL            A=19 B=14 C=14 k=0 Bx=7196 sBx=-58339 Ax=1842195 sJ=-14935020 raw=0x0E0E09A4
    [0238] MMBIN          A=14 B=14 C=8 k=0 Bx=4124 sBx=-61411 Ax=1055758 sJ=-15721457 raw=0x080E072E
    [0239] ADD            A=18 B=18 C=19 k=0 Bx=9764 sBx=-55771 Ax=2499602 sJ=-14277613 raw=0x13120922
    [0240] MMBIN          A=18 B=19 C=6 k=0 Bx=3110 sBx=-62425 Ax=796178 sJ=-15981037 raw=0x0613092E
    [0241] MULK           A=19 B=15 C=33 k=0 Bx=16926 sBx=-48609 Ax=4333075 sJ=-12444140 raw=0x210F0998 ; K[33] 3
    [0242] MMBINK         A=15 B=33 C=8 k=1 Bx=4163 sBx=-61372 Ax=1065743 sJ=-15711472 raw=0x082187B0
    [0243] MUL            A=19 B=19 C=15 k=0 Bx=7718 sBx=-57817 Ax=1975827 sJ=-14801388 raw=0x0F1309A4
    [0244] MMBIN          A=19 B=15 C=8 k=0 Bx=4126 sBx=-61409 Ax=1056275 sJ=-15720940 raw=0x080F09AE
    [0245] ADD            A=18 B=18 C=19 k=0 Bx=9764 sBx=-55771 Ax=2499602 sJ=-14277613 raw=0x13120922
    [0246] MMBIN          A=18 B=19 C=6 k=0 Bx=3110 sBx=-62425 Ax=796178 sJ=-15981037 raw=0x0613092E
    [0247] GETTABUP       A=19 B=0 C=34 k=0 Bx=17408 sBx=-48127 Ax=4456467 sJ=-12320748 raw=0x2200098B ; R[19] = U[0][K[34] "debugLastEnterBattleRotateBit"]
    [0248] TEST           A=19 B=0 C=0 k=0 Bx=0 sBx=-65535 Ax=19 sJ=-16777196 raw=0x000009C2
    [0249] JMP            A=9 B=0 C=128 k=0 Bx=65536 sBx=1 Ax=16777225 sJ=10 raw=0x800004B8
    [0250] GETTABUP       A=19 B=1 C=1 k=0 Bx=514 sBx=-65021 Ax=131603 sJ=-16645612 raw=0x0101098B ; R[19] = U[1][K[1] "Log"]
    [0251] GETFIELD       A=19 B=19 C=35 k=0 Bx=17958 sBx=-47577 Ax=4597267 sJ=-12179948 raw=0x2313098E ; R[19] = R[19][K[35] "PrintScreenMsgRed"]
    [0252] GETTABUP       A=20 B=1 C=36 k=0 Bx=18434 sBx=-47101 Ax=4719124 sJ=-12058091 raw=0x24010A0B ; R[20] = U[1][K[36] "string"]
    [0253] GETFIELD       A=20 B=20 C=37 k=0 Bx=18984 sBx=-46551 Ax=4859924 sJ=-11917291 raw=0x25140A0E ; R[20] = R[20][K[37] "format"]
    [0254] LOADK          A=21 B=19 C=0 k=0 Bx=38 sBx=-65497 Ax=9749 sJ=-16767466 raw=0x00130A83 ; R[21] = K[38] "rotate:%d \u65CB\u8F6CBit:%d"
    [0255] MOVE           A=22 B=4 C=0 k=0 Bx=8 sBx=-65527 Ax=2070 sJ=-16775145 raw=0x00040B00
    [0256] GETTABUP       A=23 B=0 C=34 k=0 Bx=17408 sBx=-48127 Ax=4456471 sJ=-12320744 raw=0x22000B8B ; R[23] = U[0][K[34] "debugLastEnterBattleRotateBit"]
    [0257] CALL           A=20 B=4 C=0 k=0 Bx=8 sBx=-65527 Ax=2068 sJ=-16775147 raw=0x00040A44
    [0258] CALL           A=19 B=0 C=1 k=0 Bx=512 sBx=-65023 Ax=131091 sJ=-16646124 raw=0x010009C4
    [0259] JMP            A=7 B=0 C=128 k=0 Bx=65536 sBx=1 Ax=16777223 sJ=8 raw=0x800003B8
    [0260] GETTABUP       A=19 B=1 C=1 k=0 Bx=514 sBx=-65021 Ax=131603 sJ=-16645612 raw=0x0101098B ; R[19] = U[1][K[1] "Log"]
    [0261] GETFIELD       A=19 B=19 C=35 k=0 Bx=17958 sBx=-47577 Ax=4597267 sJ=-12179948 raw=0x2313098E ; R[19] = R[19][K[35] "PrintScreenMsgRed"]
    [0262] GETTABUP       A=20 B=1 C=36 k=0 Bx=18434 sBx=-47101 Ax=4719124 sJ=-12058091 raw=0x24010A0B ; R[20] = U[1][K[36] "string"]
    [0263] GETFIELD       A=20 B=20 C=37 k=0 Bx=18984 sBx=-46551 Ax=4859924 sJ=-11917291 raw=0x25140A0E ; R[20] = R[20][K[37] "format"]
    [0264] LOADK          A=21 B=19 C=0 k=1 Bx=39 sBx=-65496 Ax=10005 sJ=-16767210 raw=0x00138A83 ; R[21] = K[39] "rotate:%d"
    [0265] MOVE           A=22 B=4 C=0 k=0 Bx=8 sBx=-65527 Ax=2070 sJ=-16775145 raw=0x00040B00
    [0266] CALL           A=20 B=3 C=0 k=0 Bx=6 sBx=-65529 Ax=1556 sJ=-16775659 raw=0x00030A44
    [0267] CALL           A=19 B=0 C=1 k=0 Bx=512 sBx=-65023 Ax=131091 sJ=-16646124 raw=0x010009C4
    [0268] GETTABUP       A=19 B=1 C=1 k=0 Bx=514 sBx=-65021 Ax=131603 sJ=-16645612 raw=0x0101098B ; R[19] = U[1][K[1] "Log"]
    [0269] GETFIELD       A=19 B=19 C=35 k=0 Bx=17958 sBx=-47577 Ax=4597267 sJ=-12179948 raw=0x2313098E ; R[19] = R[19][K[35] "PrintScreenMsgRed"]
    [0270] GETTABUP       A=20 B=1 C=36 k=0 Bx=18434 sBx=-47101 Ax=4719124 sJ=-12058091 raw=0x24010A0B ; R[20] = U[1][K[36] "string"]
    [0271] GETFIELD       A=20 B=20 C=37 k=0 Bx=18984 sBx=-46551 Ax=4859924 sJ=-11917291 raw=0x25140A0E ; R[20] = R[20][K[37] "format"]
    [0272] LOADK          A=21 B=20 C=0 k=0 Bx=40 sBx=-65495 Ax=10261 sJ=-16766954 raw=0x00140A83 ; R[21] = K[40] "\u5E73\u9762\u8DDD\u79BB: %f, \u4E09\u7EF4\u8DDD\u79BB: %f, disSquare: %f"
    [0273] MOVE           A=22 B=16 C=0 k=0 Bx=32 sBx=-65503 Ax=8214 sJ=-16769001 raw=0x00100B00
    [0274] MOVE           A=23 B=17 C=0 k=0 Bx=34 sBx=-65501 Ax=8727 sJ=-16768488 raw=0x00110B80
    [0275] MOVE           A=24 B=18 C=0 k=0 Bx=36 sBx=-65499 Ax=9240 sJ=-16767975 raw=0x00120C00
    [0276] CALL           A=20 B=5 C=0 k=0 Bx=10 sBx=-65525 Ax=2580 sJ=-16774635 raw=0x00050A44
    [0277] CALL           A=19 B=0 C=1 k=0 Bx=512 sBx=-65023 Ax=131091 sJ=-16646124 raw=0x010009C4
    [0278] GETTABUP       A=19 B=1 C=1 k=0 Bx=514 sBx=-65021 Ax=131603 sJ=-16645612 raw=0x0101098B ; R[19] = U[1][K[1] "Log"]
    [0279] GETFIELD       A=19 B=19 C=35 k=0 Bx=17958 sBx=-47577 Ax=4597267 sJ=-12179948 raw=0x2313098E ; R[19] = R[19][K[35] "PrintScreenMsgRed"]
    [0280] GETTABUP       A=20 B=1 C=36 k=0 Bx=18434 sBx=-47101 Ax=4719124 sJ=-12058091 raw=0x24010A0B ; R[20] = U[1][K[36] "string"]
    [0281] GETFIELD       A=20 B=20 C=37 k=0 Bx=18984 sBx=-46551 Ax=4859924 sJ=-11917291 raw=0x25140A0E ; R[20] = R[20][K[37] "format"]
    [0282] LOADK          A=21 B=20 C=0 k=1 Bx=41 sBx=-65494 Ax=10517 sJ=-16766698 raw=0x00148A83 ; R[21] = K[41] "Final Pos: %f, %f, %f"
    [0283] GETFIELD       A=22 B=7 C=4 k=0 Bx=2062 sBx=-63473 Ax=527894 sJ=-16249321 raw=0x04070B0E ; R[22] = R[7][K[4] "X"]
    [0284] GETFIELD       A=23 B=7 C=5 k=0 Bx=2574 sBx=-62961 Ax=658967 sJ=-16118248 raw=0x05070B8E ; R[23] = R[7][K[5] "Y"]
    [0285] GETFIELD       A=24 B=7 C=6 k=0 Bx=3086 sBx=-62449 Ax=790040 sJ=-15987175 raw=0x06070C0E ; R[24] = R[7][K[6] "Z"]
    [0286] CALL           A=20 B=5 C=0 k=0 Bx=10 sBx=-65525 Ax=2580 sJ=-16774635 raw=0x00050A44
    [0287] CALL           A=19 B=0 C=1 k=0 Bx=512 sBx=-65023 Ax=131091 sJ=-16646124 raw=0x010009C4
    [0288] GETTABUP       A=19 B=1 C=1 k=0 Bx=514 sBx=-65021 Ax=131603 sJ=-16645612 raw=0x0101098B ; R[19] = U[1][K[1] "Log"]
    [0289] GETFIELD       A=19 B=19 C=35 k=0 Bx=17958 sBx=-47577 Ax=4597267 sJ=-12179948 raw=0x2313098E ; R[19] = R[19][K[35] "PrintScreenMsgRed"]
    [0290] GETTABUP       A=20 B=1 C=36 k=0 Bx=18434 sBx=-47101 Ax=4719124 sJ=-12058091 raw=0x24010A0B ; R[20] = U[1][K[36] "string"]
    [0291] GETFIELD       A=20 B=20 C=37 k=0 Bx=18984 sBx=-46551 Ax=4859924 sJ=-11917291 raw=0x25140A0E ; R[20] = R[20][K[37] "format"]
    [0292] LOADK          A=21 B=21 C=0 k=0 Bx=42 sBx=-65493 Ax=10773 sJ=-16766442 raw=0x00150A83 ; R[21] = K[42] "Enter Pos: %f, %f, %f"
    [0293] GETFIELD       A=22 B=0 C=4 k=0 Bx=2048 sBx=-63487 Ax=524310 sJ=-16252905 raw=0x04000B0E ; R[22] = R[0][K[4] "X"]
    [0294] GETFIELD       A=23 B=0 C=5 k=0 Bx=2560 sBx=-62975 Ax=655383 sJ=-16121832 raw=0x05000B8E ; R[23] = R[0][K[5] "Y"]
    [0295] GETFIELD       A=24 B=0 C=6 k=0 Bx=3072 sBx=-62463 Ax=786456 sJ=-15990759 raw=0x06000C0E ; R[24] = R[0][K[6] "Z"]
    [0296] CALL           A=20 B=5 C=0 k=0 Bx=10 sBx=-65525 Ax=2580 sJ=-16774635 raw=0x00050A44
    [0297] CALL           A=19 B=0 C=1 k=0 Bx=512 sBx=-65023 Ax=131091 sJ=-16646124 raw=0x010009C4
    [0298] GETTABUP       A=11 B=1 C=7 k=0 Bx=3586 sBx=-61949 Ax=918027 sJ=-15859188 raw=0x0701058B ; R[11] = U[1][K[7] "UE4"]
    [0299] GETFIELD       A=11 B=11 C=14 k=0 Bx=7190 sBx=-58345 Ax=1840651 sJ=-14936564 raw=0x0E0B058E ; R[11] = R[11][K[14] "FVector"]
    [0300] GETFIELD       A=12 B=0 C=4 k=0 Bx=2048 sBx=-63487 Ax=524300 sJ=-16252915 raw=0x0400060E ; R[12] = R[0][K[4] "X"]
    [0301] GETFIELD       A=13 B=0 C=5 k=0 Bx=2560 sBx=-62975 Ax=655373 sJ=-16121842 raw=0x0500068E ; R[13] = R[0][K[5] "Y"]
    [0302] GETFIELD       A=14 B=0 C=6 k=0 Bx=3072 sBx=-62463 Ax=786446 sJ=-15990769 raw=0x0600070E ; R[14] = R[0][K[6] "Z"]
    [0303] CALL           A=11 B=4 C=2 k=0 Bx=1032 sBx=-64503 Ax=264203 sJ=-16513012 raw=0x020405C4
    [0304] SETTABUP       A=0 B=43 C=11 k=0 Bx=5718 sBx=-59817 Ax=1463808 sJ=-15313407 raw=0x0B2B000F
    [0305] GETTABUP       A=11 B=1 C=7 k=0 Bx=3586 sBx=-61949 Ax=918027 sJ=-15859188 raw=0x0701058B ; R[11] = U[1][K[7] "UE4"]
    [0306] GETFIELD       A=11 B=11 C=14 k=0 Bx=7190 sBx=-58345 Ax=1840651 sJ=-14936564 raw=0x0E0B058E ; R[11] = R[11][K[14] "FVector"]
    [0307] GETFIELD       A=12 B=7 C=4 k=0 Bx=2062 sBx=-63473 Ax=527884 sJ=-16249331 raw=0x0407060E ; R[12] = R[7][K[4] "X"]
    [0308] GETFIELD       A=13 B=7 C=5 k=0 Bx=2574 sBx=-62961 Ax=658957 sJ=-16118258 raw=0x0507068E ; R[13] = R[7][K[5] "Y"]
    [0309] GETFIELD       A=14 B=7 C=6 k=0 Bx=3086 sBx=-62449 Ax=790030 sJ=-15987185 raw=0x0607070E ; R[14] = R[7][K[6] "Z"]
    [0310] CALL           A=11 B=4 C=2 k=0 Bx=1032 sBx=-64503 Ax=264203 sJ=-16513012 raw=0x020405C4
    [0311] SETTABUP       A=0 B=44 C=11 k=0 Bx=5720 sBx=-59815 Ax=1464320 sJ=-15312895 raw=0x0B2C000F
    [0312] SETTABUP       A=0 B=45 C=8 k=0 Bx=4186 sBx=-61349 Ax=1071616 sJ=-15705599 raw=0x082D000F
    [0313] MOVE           A=11 B=7 C=0 k=0 Bx=14 sBx=-65521 Ax=3595 sJ=-16773620 raw=0x00070580
    [0314] MOVE           A=12 B=8 C=0 k=0 Bx=16 sBx=-65519 Ax=4108 sJ=-16773107 raw=0x00080600
    [0315] MOVE           A=13 B=6 C=0 k=0 Bx=12 sBx=-65523 Ax=3085 sJ=-16774130 raw=0x00060680
    [0316] RETURN         A=11 B=4 C=0 k=0 Bx=8 sBx=-65527 Ax=2059 sJ=-16775156 raw=0x000405C6
    [0317] RETURN0        A=11 B=1 C=0 k=0 Bx=2 sBx=-65533 Ax=523 sJ=-16776692 raw=0x000105C7

  function[6] source="" lines=330-489 params=5 vararg=0 stack=255 upvalues=3
  constants (70):
    K[0] = "NRCEnv"
    K[1] = "IsLocalBattleMode"
    K[2] = "UE4"
    K[3] = "FVector"
    K[4] = "Translation"
    K[5] = "X"
    K[6] = "Y"
    K[7] = "Z"
    K[8] = "debugForceEnterLocation"
    K[9] = "Log"
    K[10] = "Error"
    K[11] = "\u4F7F\u7528FindNearestBattlePoint\u63A5\u53E3\u65F6\u672A\u4F20\u5165\u53C2\u6570"
    K[12] = 200000
    K[13] = "Debug"
    K[14] = "BattleField.FindNearestBattlePoint pos.Z \u003E 200000(@poan) "
    K[15] = nil
    K[16] = "debugForceStation"
    K[17] = "debugLastUseFullStation"
    K[18] = "\u4F7F\u7528FindNearestBattlePoint\u63A5\u53E3\u65F6\u7591\u4F3C\u4F20\u5165\u4E86\u76F8\u5BF9\u5750\u6807 \u6CE8\uFF1A\u8BE5\u63A5\u53E3\u5FC5\u987B\u4F7F\u7528\u7EDD\u5BF9\u5750\u6807"
    K[19] = "BattleField.FindNearestBattlePoint Enter pos "
    K[20] = "CanBattleEverywhere"
    K[21] = "BattleConst.debugForceForwardWhenClose"
    K[22] = "debugForceForwardWhenClose"
    K[23] = "BattleField.FindNearestBattlePoint CanBattleEverywhere Index"
    K[24] = "EncounterRotateTable"
    K[25] = "BattleField.FindNearestBattlePoint CanBattleEverywhere"
    K[26] = "BattleField.FindNearestBattlePoint Close CanBattleEverywhere"
    K[27] = "NRCModuleManager"
    K[28] = "GetModule"
    K[29] = "SceneModule"
    K[30] = "config"
    K[31] = "scene_res_id"
    K[32] = 10003
    K[33] = "lastDataMapID"
    K[34] = "debugUseServerBattleField"
    K[35] = "LoadCurSceneData"
    K[36] = "mapData"
    K[37] = "\u5C1D\u8BD5\u8FDB\u5165\u6218\u573A\u65F6\u627E\u4E0D\u5230\u6218\u6597\u6570\u636E"
    K[38] = "FindNearestBattlePoint3D"
    K[39] = "NRCModeManager"
    K[40] = "DoCmd"
    K[41] = "PlayerModuleCmd"
    K[42] = "GET_LOCAL_PLAYER"
    K[43] = "viewObj"
    K[44] = "Abs_K2_GetActorLocation"
    K[45] = "UNRCBattleFieldDataManager"
    K[46] = "Update"
    K[47] = "debugClientContrast"
    K[48] = "FindNearest"
    K[49] = "debugHitWallLine"
    K[50] = "IsCreateAnyOne"
    K[51] = "EBattleNearestLevel"
    K[52] = "Fail"
    K[53] = "\u8C03\u7528\u6218\u573A\u9009\u70B9\u63A5\u53E3\u65F6\u672A\u627E\u5230\u6218\u573A\u70B9\uFF08\u6446\u70C2\u4E86\uFF0C330m\u534A\u5F84\u4E5F\u6CA1\u627E\u5230\uFF09"
    K[54] = "Level1"
    K[55] = "Warning"
    K[56] = "\u901A\u8FC7\u52A0\u5F3A\u641C\u7D22\u624D\u627E\u5230\u6218\u573A\u70B9\uFF0C\u5468\u56F4\u5730\u5F62\u4E0D\u662F\u6700\u7406\u60F3\u60C5\u51B5\uFF08Level1\uFF09,\u7B56\u5212\u6216\u9700\u5173\u6CE8\u5E03\u602A\u5468\u56F4\u573A\u666F\u60C5\u51B5"
    K[57] = "Level2"
    K[58] = "\u901A\u8FC7\u52A0\u5F3A\u641C\u7D22\u624D\u627E\u5230\u6218\u573A\u70B9\uFF0C\u5468\u56F4\u5730\u5F62\u4E0D\u662F\u6700\u7406\u60F3\u60C5\u51B5\uFF08Level2\uFF09,\u7B56\u5212\u6216\u9700\u5173\u6CE8\u5E03\u602A\u5468\u56F4\u573A\u666F\u60C5\u51B5"
    K[59] = "TimeOut"
    K[60] = "\u6218\u6597\u9009\u70B9\u67E5\u8BE2\u8D85\u65F6\uFF0C\u5F3A\u5236\u5931\u8D25\uFF0C\u5C06\u4F7F\u7528\u53EF\u80FD\u5E26\u6709\u8DEF\u5F84\u7F3A\u9677\u7684\u7ED3\u679C"
    K[61] = "UKismetSystemLibrary"
    K[62] = "Abs_DrawDebugSphere"
    K[63] = "_G"
    K[64] = "UE4Helper"
    K[65] = "GetCurrentWorld"
    K[66] = "FLinearColor"
    K[67] = 10000
    K[68] = "Abs_DrawDebugLine"
    K[69] = "PostUseDataFromServerOrClientLocal"
  upvalues (3):
    U[0] = instack=0 idx=0 kind=1 name="_ENV"
    U[1] = instack=6 idx=0 kind=1 name="BattleField"
    U[2] = instack=1 idx=0 kind=24 name="BattleConst"
  locals (17):
    L[0] = "pos" pc=0-349
    L[1] = "playerTransform" pc=0-349
    L[2] = "bUseFullStation" pc=0-349
    L[3] = "dataLayer" pc=0-349
    L[4] = "debugFlag" pc=0-349
    L[5] = "rotateWhenClose" pc=77-101
    L[6] = "sceneModule" pc=110-349
    L[7] = "playerLocation" pc=151-349
    L[8] = "player" pc=169-173
    L[9] = "nearest" pc=174-349
    L[10] = "rotate" pc=174-349
    L[11] = "oriRotate" pc=174-349
    L[12] = "bFind" pc=180-349
    L[13] = "bSitu" pc=180-349
    L[14] = "bFail" pc=181-349
    L[15] = "lineBegin" pc=293-319
    L[16] = "lineEnd" pc=301-319
  instructions (349):
    [0001] GETTABUP       A=5 B=0 C=0 k=0 Bx=0 sBx=-65535 Ax=5 sJ=-16777210 raw=0x0000028B ; R[5] = U[0][K[0] "NRCEnv"]
    [0002] SELF           A=5 B=5 C=1 k=1 Bx=523 sBx=-65012 Ax=133893 sJ=-16643322 raw=0x01058294
    [0003] CALL           A=5 B=2 C=2 k=0 Bx=1028 sBx=-64507 Ax=263173 sJ=-16514042 raw=0x020202C4
    [0004] TEST           A=5 B=0 C=0 k=0 Bx=0 sBx=-65535 Ax=5 sJ=-16777210 raw=0x000002C2
    [0005] JMP            A=9 B=0 C=128 k=0 Bx=65536 sBx=1 Ax=16777225 sJ=10 raw=0x800004B8
    [0006] GETTABUP       A=5 B=0 C=2 k=0 Bx=1024 sBx=-64511 Ax=262149 sJ=-16515066 raw=0x0200028B ; R[5] = U[0][K[2] "UE4"]
    [0007] GETFIELD       A=5 B=5 C=3 k=0 Bx=1546 sBx=-63989 Ax=395781 sJ=-16381434 raw=0x0305028E ; R[5] = R[5][K[3] "FVector"]
    [0008] GETFIELD       A=6 B=1 C=4 k=0 Bx=2050 sBx=-63485 Ax=524806 sJ=-16252409 raw=0x0401030E ; R[6] = R[1][K[4] "Translation"]
    [0009] GETFIELD       A=6 B=6 C=5 k=0 Bx=2572 sBx=-62963 Ax=658438 sJ=-16118777 raw=0x0506030E ; R[6] = R[6][K[5] "X"]
    [0010] GETFIELD       A=7 B=1 C=4 k=0 Bx=2050 sBx=-63485 Ax=524807 sJ=-16252408 raw=0x0401038E ; R[7] = R[1][K[4] "Translation"]
    [0011] GETFIELD       A=7 B=7 C=6 k=0 Bx=3086 sBx=-62449 Ax=790023 sJ=-15987192 raw=0x0607038E ; R[7] = R[7][K[6] "Y"]
    [0012] GETFIELD       A=8 B=1 C=4 k=0 Bx=2050 sBx=-63485 Ax=524808 sJ=-16252407 raw=0x0401040E ; R[8] = R[1][K[4] "Translation"]
    [0013] GETFIELD       A=8 B=8 C=7 k=0 Bx=3600 sBx=-61935 Ax=921608 sJ=-15855607 raw=0x0708040E ; R[8] = R[8][K[7] "Z"]
    [0014] TAILCALL       A=5 B=4 C=0 k=0 Bx=8 sBx=-65527 Ax=2053 sJ=-16775162 raw=0x000402C5
    [0015] RETURN         A=5 B=0 C=0 k=0 Bx=0 sBx=-65535 Ax=5 sJ=-16777210 raw=0x000002C6
    [0016] GETTABUP       A=5 B=1 C=8 k=0 Bx=4098 sBx=-61437 Ax=1049093 sJ=-15728122 raw=0x0801028B ; R[5] = U[1][K[8] "debugForceEnterLocation"]
    [0017] TEST           A=5 B=0 C=0 k=0 Bx=0 sBx=-65535 Ax=5 sJ=-16777210 raw=0x000002C2
    [0018] JMP            A=0 B=0 C=128 k=0 Bx=65536 sBx=1 Ax=16777216 sJ=1 raw=0x80000038
    [0019] GETTABUP       A=0 B=1 C=8 k=0 Bx=4098 sBx=-61437 Ax=1049088 sJ=-15728127 raw=0x0801000B ; R[0] = U[1][K[8] "debugForceEnterLocation"]
    [0020] TEST           A=0 B=0 C=0 k=1 Bx=1 sBx=-65534 Ax=256 sJ=-16776959 raw=0x00008042
    [0021] JMP            A=4 B=0 C=128 k=0 Bx=65536 sBx=1 Ax=16777220 sJ=5 raw=0x80000238
    [0022] GETTABUP       A=5 B=0 C=9 k=0 Bx=4608 sBx=-60927 Ax=1179653 sJ=-15597562 raw=0x0900028B ; R[5] = U[0][K[9] "Log"]
    [0023] GETFIELD       A=5 B=5 C=10 k=0 Bx=5130 sBx=-60405 Ax=1313285 sJ=-15463930 raw=0x0A05028E ; R[5] = R[5][K[10] "Error"]
    [0024] LOADK          A=6 B=5 C=0 k=1 Bx=11 sBx=-65524 Ax=2822 sJ=-16774393 raw=0x00058303 ; R[6] = K[11] "\u4F7F\u7528FindNearestBattlePoint\u63A5\u53E3\u65F6\u672A\u4F20\u5165\u53C2\u6570"
    [0025] CALL           A=5 B=2 C=1 k=0 Bx=516 sBx=-65019 Ax=132101 sJ=-16645114 raw=0x010202C4
    [0026] RETURN0        A=5 B=1 C=0 k=0 Bx=2 sBx=-65533 Ax=517 sJ=-16776698 raw=0x000102C7
    [0027] GETFIELD       A=5 B=0 C=7 k=0 Bx=3584 sBx=-61951 Ax=917509 sJ=-15859706 raw=0x0700028E ; R[5] = R[0][K[7] "Z"]
    [0028] LOADK          A=6 B=6 C=0 k=0 Bx=12 sBx=-65523 Ax=3078 sJ=-16774137 raw=0x00060303 ; R[6] = K[12] 200000
    [0029] LT             A=6 B=5 C=0 k=0 Bx=10 sBx=-65525 Ax=2566 sJ=-16774649 raw=0x0005033A
    [0030] JMP            A=6 B=0 C=128 k=0 Bx=65536 sBx=1 Ax=16777222 sJ=7 raw=0x80000338
    [0031] GETTABUP       A=5 B=0 C=9 k=0 Bx=4608 sBx=-60927 Ax=1179653 sJ=-15597562 raw=0x0900028B ; R[5] = U[0][K[9] "Log"]
    [0032] GETFIELD       A=5 B=5 C=13 k=0 Bx=6666 sBx=-58869 Ax=1706501 sJ=-15070714 raw=0x0D05028E ; R[5] = R[5][K[13] "Debug"]
    [0033] LOADK          A=6 B=7 C=0 k=0 Bx=14 sBx=-65521 Ax=3590 sJ=-16773625 raw=0x00070303 ; R[6] = K[14] "BattleField.FindNearestBattlePoint pos.Z \u003E 200000(@poan) "
    [0034] CALL           A=5 B=2 C=1 k=0 Bx=516 sBx=-65019 Ax=132101 sJ=-16645114 raw=0x010202C4
    [0035] MOVE           A=5 B=0 C=0 k=0 Bx=0 sBx=-65535 Ax=5 sJ=-16777210 raw=0x00000280
    [0036] LOADI          A=6 B=255 C=127 k=1 Bx=65535 sBx=0 Ax=16776966 sJ=-249 raw=0x7FFF8301
    [0037] RETURN         A=5 B=3 C=0 k=0 Bx=6 sBx=-65529 Ax=1541 sJ=-16775674 raw=0x000302C6
    [0038] EQK            A=2 B=15 C=0 k=0 Bx=30 sBx=-65505 Ax=7682 sJ=-16769533 raw=0x000F013C
    [0039] JMP            A=0 B=0 C=128 k=0 Bx=65536 sBx=1 Ax=16777216 sJ=1 raw=0x80000038
    [0040] LOADTRUE       A=2 B=0 C=0 k=0 Bx=0 sBx=-65535 Ax=2 sJ=-16777213 raw=0x00000107
    [0041] GETTABUP       A=5 B=1 C=16 k=0 Bx=8194 sBx=-57341 Ax=2097669 sJ=-14679546 raw=0x1001028B ; R[5] = U[1][K[16] "debugForceStation"]
    [0042] EQI            A=5 B=128 C=0 k=0 Bx=256 sBx=-65279 Ax=65541 sJ=-16711674 raw=0x008002BD
    [0043] JMP            A=1 B=0 C=128 k=0 Bx=65536 sBx=1 Ax=16777217 sJ=2 raw=0x800000B8
    [0044] LOADTRUE       A=2 B=0 C=0 k=0 Bx=0 sBx=-65535 Ax=2 sJ=-16777213 raw=0x00000107
    [0045] JMP            A=3 B=0 C=128 k=0 Bx=65536 sBx=1 Ax=16777219 sJ=4 raw=0x800001B8
    [0046] GETTABUP       A=5 B=1 C=16 k=0 Bx=8194 sBx=-57341 Ax=2097669 sJ=-14679546 raw=0x1001028B ; R[5] = U[1][K[16] "debugForceStation"]
    [0047] EQI            A=5 B=129 C=0 k=0 Bx=258 sBx=-65277 Ax=66053 sJ=-16711162 raw=0x008102BD
    [0048] JMP            A=0 B=0 C=128 k=0 Bx=65536 sBx=1 Ax=16777216 sJ=1 raw=0x80000038
    [0049] LOADFALSE      A=2 B=0 C=0 k=0 Bx=0 sBx=-65535 Ax=2 sJ=-16777213 raw=0x00000105
    [0050] SETTABUP       A=1 B=17 C=2 k=0 Bx=1058 sBx=-64477 Ax=270849 sJ=-16506366 raw=0x0211008F
    [0051] TEST           A=3 B=0 C=0 k=1 Bx=1 sBx=-65534 Ax=259 sJ=-16776956 raw=0x000081C2
    [0052] JMP            A=0 B=0 C=128 k=0 Bx=65536 sBx=1 Ax=16777216 sJ=1 raw=0x80000038
    [0053] LOADI          A=3 B=255 C=127 k=1 Bx=65535 sBx=0 Ax=16776963 sJ=-252 raw=0x7FFF8181
    [0054] GETFIELD       A=5 B=0 C=5 k=0 Bx=2560 sBx=-62975 Ax=655365 sJ=-16121850 raw=0x0500028E ; R[5] = R[0][K[5] "X"]
    [0055] EQI            A=5 B=127 C=0 k=0 Bx=254 sBx=-65281 Ax=65029 sJ=-16712186 raw=0x007F02BD
    [0056] JMP            A=9 B=0 C=128 k=0 Bx=65536 sBx=1 Ax=16777225 sJ=10 raw=0x800004B8
    [0057] GETFIELD       A=5 B=0 C=6 k=0 Bx=3072 sBx=-62463 Ax=786437 sJ=-15990778 raw=0x0600028E ; R[5] = R[0][K[6] "Y"]
    [0058] EQI            A=5 B=127 C=0 k=0 Bx=254 sBx=-65281 Ax=65029 sJ=-16712186 raw=0x007F02BD
    [0059] JMP            A=6 B=0 C=128 k=0 Bx=65536 sBx=1 Ax=16777222 sJ=7 raw=0x80000338
    [0060] GETTABUP       A=5 B=0 C=9 k=0 Bx=4608 sBx=-60927 Ax=1179653 sJ=-15597562 raw=0x0900028B ; R[5] = U[0][K[9] "Log"]
    [0061] GETFIELD       A=5 B=5 C=10 k=0 Bx=5130 sBx=-60405 Ax=1313285 sJ=-15463930 raw=0x0A05028E ; R[5] = R[5][K[10] "Error"]
    [0062] LOADK          A=6 B=9 C=0 k=0 Bx=18 sBx=-65517 Ax=4614 sJ=-16772601 raw=0x00090303 ; R[6] = K[18] "\u4F7F\u7528FindNearestBattlePoint\u63A5\u53E3\u65F6\u7591\u4F3C\u4F20\u5165\u4E86\u76F8\u5BF9\u5750\u6807 \u6CE8\uFF1A\u8BE5\u63A5\u53E3\u5FC5\u987B\u4F7F\u7528\u7EDD\u5BF9\u5750\u6807"
    [0063] GETFIELD       A=7 B=0 C=5 k=0 Bx=2560 sBx=-62975 Ax=655367 sJ=-16121848 raw=0x0500038E ; R[7] = R[0][K[5] "X"]
    [0064] GETFIELD       A=8 B=0 C=6 k=0 Bx=3072 sBx=-62463 Ax=786440 sJ=-15990775 raw=0x0600040E ; R[8] = R[0][K[6] "Y"]
    [0065] GETFIELD       A=9 B=0 C=7 k=0 Bx=3584 sBx=-61951 Ax=917513 sJ=-15859702 raw=0x0700048E ; R[9] = R[0][K[7] "Z"]
    [0066] CALL           A=5 B=5 C=1 k=0 Bx=522 sBx=-65013 Ax=133637 sJ=-16643578 raw=0x010502C4
    [0067] GETTABUP       A=5 B=0 C=9 k=0 Bx=4608 sBx=-60927 Ax=1179653 sJ=-15597562 raw=0x0900028B ; R[5] = U[0][K[9] "Log"]
    [0068] GETFIELD       A=5 B=5 C=13 k=0 Bx=6666 sBx=-58869 Ax=1706501 sJ=-15070714 raw=0x0D05028E ; R[5] = R[5][K[13] "Debug"]
    [0069] LOADK          A=6 B=9 C=0 k=1 Bx=19 sBx=-65516 Ax=4870 sJ=-16772345 raw=0x00098303 ; R[6] = K[19] "BattleField.FindNearestBattlePoint Enter pos "
    [0070] GETFIELD       A=7 B=0 C=5 k=0 Bx=2560 sBx=-62975 Ax=655367 sJ=-16121848 raw=0x0500038E ; R[7] = R[0][K[5] "X"]
    [0071] GETFIELD       A=8 B=0 C=6 k=0 Bx=3072 sBx=-62463 Ax=786440 sJ=-15990775 raw=0x0600040E ; R[8] = R[0][K[6] "Y"]
    [0072] GETFIELD       A=9 B=0 C=7 k=0 Bx=3584 sBx=-61951 Ax=917513 sJ=-15859702 raw=0x0700048E ; R[9] = R[0][K[7] "Z"]
    [0073] CALL           A=5 B=5 C=1 k=0 Bx=522 sBx=-65013 Ax=133637 sJ=-16643578 raw=0x010502C4
    [0074] GETTABUP       A=5 B=2 C=20 k=0 Bx=10244 sBx=-55291 Ax=2622469 sJ=-14154746 raw=0x1402028B ; R[5] = U[2][K[20] "CanBattleEverywhere"]
    [0075] TEST           A=5 B=0 C=0 k=0 Bx=0 sBx=-65535 Ax=5 sJ=-16777210 raw=0x000002C2
    [0076] JMP            A=25 B=0 C=128 k=0 Bx=65536 sBx=1 Ax=16777241 sJ=26 raw=0x80000CB8
    [0077] LOADI          A=5 B=255 C=127 k=1 Bx=65535 sBx=0 Ax=16776965 sJ=-250 raw=0x7FFF8281
    [0078] GETTABUP       A=6 B=0 C=9 k=0 Bx=4608 sBx=-60927 Ax=1179654 sJ=-15597561 raw=0x0900030B ; R[6] = U[0][K[9] "Log"]
    [0079] GETFIELD       A=6 B=6 C=13 k=0 Bx=6668 sBx=-58867 Ax=1707014 sJ=-15070201 raw=0x0D06030E ; R[6] = R[6][K[13] "Debug"]
    [0080] LOADK          A=7 B=10 C=0 k=1 Bx=21 sBx=-65514 Ax=5383 sJ=-16771832 raw=0x000A8383 ; R[7] = K[21] "BattleConst.debugForceForwardWhenClose"
    [0081] GETTABUP       A=8 B=2 C=22 k=0 Bx=11268 sBx=-54267 Ax=2884616 sJ=-13892599 raw=0x1602040B ; R[8] = U[2][K[22] "debugForceForwardWhenClose"]
    [0082] CALL           A=6 B=3 C=1 k=0 Bx=518 sBx=-65017 Ax=132614 sJ=-16644601 raw=0x01030344
    [0083] GETTABUP       A=6 B=2 C=22 k=0 Bx=11268 sBx=-54267 Ax=2884614 sJ=-13892601 raw=0x1602030B ; R[6] = U[2][K[22] "debugForceForwardWhenClose"]
    [0084] EQK            A=6 B=15 C=0 k=1 Bx=31 sBx=-65504 Ax=7942 sJ=-16769273 raw=0x000F833C
    [0085] JMP            A=7 B=0 C=128 k=0 Bx=65536 sBx=1 Ax=16777223 sJ=8 raw=0x800003B8
    [0086] GETTABUP       A=6 B=0 C=9 k=0 Bx=4608 sBx=-60927 Ax=1179654 sJ=-15597561 raw=0x0900030B ; R[6] = U[0][K[9] "Log"]
    [0087] GETFIELD       A=6 B=6 C=13 k=0 Bx=6668 sBx=-58867 Ax=1707014 sJ=-15070201 raw=0x0D06030E ; R[6] = R[6][K[13] "Debug"]
    [0088] LOADK          A=7 B=11 C=0 k=1 Bx=23 sBx=-65512 Ax=5895 sJ=-16771320 raw=0x000B8383 ; R[7] = K[23] "BattleField.FindNearestBattlePoint CanBattleEverywhere Index"
    [0089] GETTABUP       A=8 B=2 C=22 k=0 Bx=11268 sBx=-54267 Ax=2884616 sJ=-13892599 raw=0x1602040B ; R[8] = U[2][K[22] "debugForceForwardWhenClose"]
    [0090] CALL           A=6 B=3 C=1 k=0 Bx=518 sBx=-65017 Ax=132614 sJ=-16644601 raw=0x01030344
    [0091] GETTABUP       A=6 B=1 C=24 k=0 Bx=12290 sBx=-53245 Ax=3146246 sJ=-13630969 raw=0x1801030B ; R[6] = U[1][K[24] "EncounterRotateTable"]
    [0092] GETTABUP       A=7 B=2 C=22 k=0 Bx=11268 sBx=-54267 Ax=2884615 sJ=-13892600 raw=0x1602038B ; R[7] = U[2][K[22] "debugForceForwardWhenClose"]
    [0093] GETTABLE       A=5 B=6 C=7 k=0 Bx=3596 sBx=-61939 Ax=920581 sJ=-15856634 raw=0x0706028C
    [0094] GETTABUP       A=6 B=0 C=9 k=0 Bx=4608 sBx=-60927 Ax=1179654 sJ=-15597561 raw=0x0900030B ; R[6] = U[0][K[9] "Log"]
    [0095] GETFIELD       A=6 B=6 C=13 k=0 Bx=6668 sBx=-58867 Ax=1707014 sJ=-15070201 raw=0x0D06030E ; R[6] = R[6][K[13] "Debug"]
    [0096] LOADK          A=7 B=12 C=0 k=1 Bx=25 sBx=-65510 Ax=6407 sJ=-16770808 raw=0x000C8383 ; R[7] = K[25] "BattleField.FindNearestBattlePoint CanBattleEverywhere"
    [0097] MOVE           A=8 B=5 C=0 k=0 Bx=10 sBx=-65525 Ax=2568 sJ=-16774647 raw=0x00050400
    [0098] CALL           A=6 B=3 C=1 k=0 Bx=518 sBx=-65017 Ax=132614 sJ=-16644601 raw=0x01030344
    [0099] MOVE           A=6 B=0 C=0 k=0 Bx=0 sBx=-65535 Ax=6 sJ=-16777209 raw=0x00000300
    [0100] MOVE           A=7 B=5 C=0 k=0 Bx=10 sBx=-65525 Ax=2567 sJ=-16774648 raw=0x00050380
    [0101] RETURN         A=6 B=3 C=0 k=0 Bx=6 sBx=-65529 Ax=1542 sJ=-16775673 raw=0x00030346
    [0102] JMP            A=3 B=0 C=128 k=0 Bx=65536 sBx=1 Ax=16777219 sJ=4 raw=0x800001B8
    [0103] GETTABUP       A=5 B=0 C=9 k=0 Bx=4608 sBx=-60927 Ax=1179653 sJ=-15597562 raw=0x0900028B ; R[5] = U[0][K[9] "Log"]
    [0104] GETFIELD       A=5 B=5 C=13 k=0 Bx=6666 sBx=-58869 Ax=1706501 sJ=-15070714 raw=0x0D05028E ; R[5] = R[5][K[13] "Debug"]
    [0105] LOADK          A=6 B=13 C=0 k=0 Bx=26 sBx=-65509 Ax=6662 sJ=-16770553 raw=0x000D0303 ; R[6] = K[26] "BattleField.FindNearestBattlePoint Close CanBattleEverywhere"
    [0106] CALL           A=5 B=2 C=1 k=0 Bx=516 sBx=-65019 Ax=132101 sJ=-16645114 raw=0x010202C4
    [0107] GETTABUP       A=5 B=0 C=27 k=0 Bx=13824 sBx=-51711 Ax=3538949 sJ=-13238266 raw=0x1B00028B ; R[5] = U[0][K[27] "NRCModuleManager"]
    [0108] SELF           A=5 B=5 C=28 k=1 Bx=14347 sBx=-51188 Ax=3672837 sJ=-13104378 raw=0x1C058294
    [0109] LOADK          A=7 B=14 C=0 k=1 Bx=29 sBx=-65506 Ax=7431 sJ=-16769784 raw=0x000E8383 ; R[7] = K[29] "SceneModule"
    [0110] CALL           A=5 B=3 C=2 k=0 Bx=1030 sBx=-64505 Ax=263685 sJ=-16513530 raw=0x020302C4
    [0111] GETFIELD       A=6 B=5 C=30 k=0 Bx=15370 sBx=-50165 Ax=3934726 sJ=-12842489 raw=0x1E05030E ; R[6] = R[5][K[30] "config"]
    [0112] TEST           A=6 B=0 C=0 k=0 Bx=0 sBx=-65535 Ax=6 sJ=-16777209 raw=0x00000342
    [0113] JMP            A=3 B=0 C=128 k=0 Bx=65536 sBx=1 Ax=16777219 sJ=4 raw=0x800001B8
    [0114] GETFIELD       A=6 B=5 C=30 k=0 Bx=15370 sBx=-50165 Ax=3934726 sJ=-12842489 raw=0x1E05030E ; R[6] = R[5][K[30] "config"]
    [0115] GETFIELD       A=6 B=6 C=31 k=0 Bx=15884 sBx=-49651 Ax=4066310 sJ=-12710905 raw=0x1F06030E ; R[6] = R[6][K[31] "scene_res_id"]
    [0116] EQK            A=6 B=32 C=0 k=0 Bx=64 sBx=-65471 Ax=16390 sJ=-16760825 raw=0x0020033C
    [0117] JMP            A=5 B=0 C=128 k=0 Bx=65536 sBx=1 Ax=16777221 sJ=6 raw=0x800002B8
    [0118] GETTABUP       A=6 B=1 C=33 k=0 Bx=16898 sBx=-48637 Ax=4325894 sJ=-12451321 raw=0x2101030B ; R[6] = U[1][K[33] "lastDataMapID"]
    [0119] EQI            A=6 B=126 C=0 k=1 Bx=253 sBx=-65282 Ax=64774 sJ=-16712441 raw=0x007E833D
    [0120] JMP            A=29 B=0 C=128 k=0 Bx=65536 sBx=1 Ax=16777245 sJ=30 raw=0x80000EB8
    [0121] GETTABUP       A=6 B=1 C=33 k=0 Bx=16898 sBx=-48637 Ax=4325894 sJ=-12451321 raw=0x2101030B ; R[6] = U[1][K[33] "lastDataMapID"]
    [0122] EQK            A=6 B=32 C=0 k=1 Bx=65 sBx=-65470 Ax=16646 sJ=-16760569 raw=0x0020833C
    [0123] JMP            A=26 B=0 C=128 k=0 Bx=65536 sBx=1 Ax=16777242 sJ=27 raw=0x80000D38
    [0124] GETTABUP       A=6 B=1 C=34 k=0 Bx=17410 sBx=-48125 Ax=4456966 sJ=-12320249 raw=0x2201030B ; R[6] = U[1][K[34] "debugUseServerBattleField"]
    [0125] TEST           A=6 B=0 C=0 k=0 Bx=0 sBx=-65535 Ax=6 sJ=-16777209 raw=0x00000342
    [0126] JMP            A=3 B=0 C=128 k=0 Bx=65536 sBx=1 Ax=16777219 sJ=4 raw=0x800001B8
    [0127] MOVE           A=6 B=0 C=0 k=0 Bx=0 sBx=-65535 Ax=6 sJ=-16777209 raw=0x00000300
    [0128] LOADI          A=7 B=255 C=127 k=1 Bx=65535 sBx=0 Ax=16776967 sJ=-248 raw=0x7FFF8381
    [0129] RETURN         A=6 B=3 C=0 k=0 Bx=6 sBx=-65529 Ax=1542 sJ=-16775673 raw=0x00030346
    [0130] JMP            A=1 B=0 C=128 k=0 Bx=65536 sBx=1 Ax=16777217 sJ=2 raw=0x800000B8
    [0131] GETTABUP       A=6 B=1 C=35 k=0 Bx=17922 sBx=-47613 Ax=4588038 sJ=-12189177 raw=0x2301030B ; R[6] = U[1][K[35] "LoadCurSceneData"]
    [0132] CALL           A=6 B=1 C=1 k=0 Bx=514 sBx=-65021 Ax=131590 sJ=-16645625 raw=0x01010344
    [0133] GETTABUP       A=6 B=1 C=36 k=0 Bx=18434 sBx=-47101 Ax=4719110 sJ=-12058105 raw=0x2401030B ; R[6] = U[1][K[36] "mapData"]
    [0134] TEST           A=6 B=0 C=0 k=1 Bx=1 sBx=-65534 Ax=262 sJ=-16776953 raw=0x00008342
    [0135] JMP            A=6 B=0 C=128 k=0 Bx=65536 sBx=1 Ax=16777222 sJ=7 raw=0x80000338
    [0136] GETTABUP       A=6 B=0 C=9 k=0 Bx=4608 sBx=-60927 Ax=1179654 sJ=-15597561 raw=0x0900030B ; R[6] = U[0][K[9] "Log"]
    [0137] GETFIELD       A=6 B=6 C=10 k=0 Bx=5132 sBx=-60403 Ax=1313798 sJ=-15463417 raw=0x0A06030E ; R[6] = R[6][K[10] "Error"]
    [0138] LOADK          A=7 B=18 C=0 k=1 Bx=37 sBx=-65498 Ax=9479 sJ=-16767736 raw=0x00128383 ; R[7] = K[37] "\u5C1D\u8BD5\u8FDB\u5165\u6218\u573A\u65F6\u627E\u4E0D\u5230\u6218\u6597\u6570\u636E"
    [0139] CALL           A=6 B=2 C=1 k=0 Bx=516 sBx=-65019 Ax=132102 sJ=-16645113 raw=0x01020344
    [0140] MOVE           A=6 B=0 C=0 k=0 Bx=0 sBx=-65535 Ax=6 sJ=-16777209 raw=0x00000300
    [0141] LOADI          A=7 B=255 C=127 k=1 Bx=65535 sBx=0 Ax=16776967 sJ=-248 raw=0x7FFF8381
    [0142] RETURN         A=6 B=3 C=0 k=0 Bx=6 sBx=-65529 Ax=1542 sJ=-16775673 raw=0x00030346
    [0143] GETTABUP       A=6 B=1 C=38 k=0 Bx=19458 sBx=-46077 Ax=4981254 sJ=-11795961 raw=0x2601030B ; R[6] = U[1][K[38] "FindNearestBattlePoint3D"]
    [0144] MOVE           A=7 B=0 C=0 k=0 Bx=0 sBx=-65535 Ax=7 sJ=-16777208 raw=0x00000380
    [0145] MOVE           A=8 B=1 C=0 k=0 Bx=2 sBx=-65533 Ax=520 sJ=-16776695 raw=0x00010400
    [0146] MOVE           A=9 B=2 C=0 k=0 Bx=4 sBx=-65531 Ax=1033 sJ=-16776182 raw=0x00020480
    [0147] GETTABUP       A=10 B=1 C=36 k=0 Bx=18434 sBx=-47101 Ax=4719114 sJ=-12058101 raw=0x2401050B ; R[10] = U[1][K[36] "mapData"]
    [0148] MOVE           A=11 B=4 C=0 k=0 Bx=8 sBx=-65527 Ax=2059 sJ=-16775156 raw=0x00040580
    [0149] TAILCALL       A=6 B=6 C=0 k=0 Bx=12 sBx=-65523 Ax=3078 sJ=-16774137 raw=0x00060345
    [0150] RETURN         A=6 B=0 C=0 k=0 Bx=0 sBx=-65535 Ax=6 sJ=-16777209 raw=0x00000346
    [0151] LOADNIL        A=6 B=0 C=0 k=0 Bx=0 sBx=-65535 Ax=6 sJ=-16777209 raw=0x00000308
    [0152] TEST           A=1 B=0 C=0 k=0 Bx=0 sBx=-65535 Ax=1 sJ=-16777214 raw=0x000000C2
    [0153] JMP            A=10 B=0 C=128 k=0 Bx=65536 sBx=1 Ax=16777226 sJ=11 raw=0x80000538
    [0154] GETTABUP       A=7 B=0 C=2 k=0 Bx=1024 sBx=-64511 Ax=262151 sJ=-16515064 raw=0x0200038B ; R[7] = U[0][K[2] "UE4"]
    [0155] GETFIELD       A=7 B=7 C=3 k=0 Bx=1550 sBx=-63985 Ax=396807 sJ=-16380408 raw=0x0307038E ; R[7] = R[7][K[3] "FVector"]
    [0156] GETFIELD       A=8 B=1 C=4 k=0 Bx=2050 sBx=-63485 Ax=524808 sJ=-16252407 raw=0x0401040E ; R[8] = R[1][K[4] "Translation"]
    [0157] GETFIELD       A=8 B=8 C=5 k=0 Bx=2576 sBx=-62959 Ax=659464 sJ=-16117751 raw=0x0508040E ; R[8] = R[8][K[5] "X"]
    [0158] GETFIELD       A=9 B=1 C=4 k=0 Bx=2050 sBx=-63485 Ax=524809 sJ=-16252406 raw=0x0401048E ; R[9] = R[1][K[4] "Translation"]
    [0159] GETFIELD       A=9 B=9 C=6 k=0 Bx=3090 sBx=-62445 Ax=791049 sJ=-15986166 raw=0x0609048E ; R[9] = R[9][K[6] "Y"]
    [0160] GETFIELD       A=10 B=1 C=4 k=0 Bx=2050 sBx=-63485 Ax=524810 sJ=-16252405 raw=0x0401050E ; R[10] = R[1][K[4] "Translation"]
    [0161] GETFIELD       A=10 B=10 C=7 k=0 Bx=3604 sBx=-61931 Ax=922634 sJ=-15854581 raw=0x070A050E ; R[10] = R[10][K[7] "Z"]
    [0162] CALL           A=7 B=4 C=2 k=0 Bx=1032 sBx=-64503 Ax=264199 sJ=-16513016 raw=0x020403C4
    [0163] MOVE           A=6 B=7 C=0 k=0 Bx=14 sBx=-65521 Ax=3590 sJ=-16773625 raw=0x00070300
    [0164] JMP            A=8 B=0 C=128 k=0 Bx=65536 sBx=1 Ax=16777224 sJ=9 raw=0x80000438
    [0165] GETTABUP       A=7 B=0 C=39 k=0 Bx=19968 sBx=-45567 Ax=5111815 sJ=-11665400 raw=0x2700038B ; R[7] = U[0][K[39] "NRCModeManager"]
    [0166] SELF           A=7 B=7 C=40 k=1 Bx=20495 sBx=-45040 Ax=5246727 sJ=-11530488 raw=0x28078394
    [0167] GETTABUP       A=9 B=0 C=41 k=0 Bx=20992 sBx=-44543 Ax=5373961 sJ=-11403254 raw=0x2900048B ; R[9] = U[0][K[41] "PlayerModuleCmd"]
    [0168] GETFIELD       A=9 B=9 C=42 k=0 Bx=21522 sBx=-44013 Ax=5509641 sJ=-11267574 raw=0x2A09048E ; R[9] = R[9][K[42] "GET_LOCAL_PLAYER"]
    [0169] CALL           A=7 B=3 C=2 k=0 Bx=1030 sBx=-64505 Ax=263687 sJ=-16513528 raw=0x020303C4
    [0170] GETFIELD       A=8 B=7 C=43 k=0 Bx=22030 sBx=-43505 Ax=5639688 sJ=-11137527 raw=0x2B07040E ; R[8] = R[7][K[43] "viewObj"]
    [0171] SELF           A=8 B=8 C=44 k=1 Bx=22545 sBx=-42990 Ax=5771528 sJ=-11005687 raw=0x2C088414
    [0172] CALL           A=8 B=2 C=2 k=0 Bx=1028 sBx=-64507 Ax=263176 sJ=-16514039 raw=0x02020444
    [0173] MOVE           A=6 B=8 C=0 k=0 Bx=16 sBx=-65519 Ax=4102 sJ=-16773113 raw=0x00080300
    [0174] LOADNIL        A=7 B=2 C=0 k=0 Bx=4 sBx=-65531 Ax=1031 sJ=-16776184 raw=0x00020388
    [0175] GETTABUP       A=10 B=0 C=2 k=0 Bx=1024 sBx=-64511 Ax=262154 sJ=-16515061 raw=0x0200050B ; R[10] = U[0][K[2] "UE4"]
    [0176] GETFIELD       A=10 B=10 C=45 k=0 Bx=23060 sBx=-42475 Ax=5903370 sJ=-10873845 raw=0x2D0A050E ; R[10] = R[10][K[45] "UNRCBattleFieldDataManager"]
    [0177] GETFIELD       A=10 B=10 C=46 k=0 Bx=23572 sBx=-41963 Ax=6034442 sJ=-10742773 raw=0x2E0A050E ; R[10] = R[10][K[46] "Update"]
    [0178] LOADFALSE      A=11 B=0 C=0 k=0 Bx=0 sBx=-65535 Ax=11 sJ=-16777204 raw=0x00000585
    [0179] CALL           A=10 B=2 C=1 k=0 Bx=516 sBx=-65019 Ax=132106 sJ=-16645109 raw=0x01020544
    [0180] LOADNIL        A=10 B=1 C=0 k=0 Bx=2 sBx=-65533 Ax=522 sJ=-16776693 raw=0x00010508
    [0181] LOADFALSE      A=12 B=0 C=0 k=0 Bx=0 sBx=-65535 Ax=12 sJ=-16777203 raw=0x00000605
    [0182] GETTABUP       A=13 B=1 C=47 k=0 Bx=24066 sBx=-41469 Ax=6160909 sJ=-10616306 raw=0x2F01068B ; R[13] = U[1][K[47] "debugClientContrast"]
    [0183] TEST           A=13 B=0 C=0 k=1 Bx=1 sBx=-65534 Ax=269 sJ=-16776946 raw=0x000086C2
    [0184] JMP            A=4 B=0 C=128 k=0 Bx=65536 sBx=1 Ax=16777220 sJ=5 raw=0x80000238
    [0185] LOADTRUE       A=11 B=0 C=0 k=0 Bx=0 sBx=-65535 Ax=11 sJ=-16777204 raw=0x00000587
    [0186] MOVE           A=7 B=0 C=0 k=0 Bx=0 sBx=-65535 Ax=7 sJ=-16777208 raw=0x00000380
    [0187] LOADI          A=8 B=255 C=127 k=1 Bx=65535 sBx=0 Ax=16776968 sJ=-247 raw=0x7FFF8401
    [0188] LOADI          A=9 B=255 C=127 k=1 Bx=65535 sBx=0 Ax=16776969 sJ=-246 raw=0x7FFF8481
    [0189] JMP            A=74 B=0 C=128 k=0 Bx=65536 sBx=1 Ax=16777290 sJ=75 raw=0x80002538
    [0190] GETTABUP       A=13 B=1 C=34 k=0 Bx=17410 sBx=-48125 Ax=4456973 sJ=-12320242 raw=0x2201068B ; R[13] = U[1][K[34] "debugUseServerBattleField"]
    [0191] TEST           A=13 B=0 C=0 k=1 Bx=1 sBx=-65534 Ax=269 sJ=-16776946 raw=0x000086C2
    [0192] JMP            A=71 B=0 C=128 k=0 Bx=65536 sBx=1 Ax=16777287 sJ=72 raw=0x800023B8
    [0193] GETTABUP       A=13 B=0 C=2 k=0 Bx=1024 sBx=-64511 Ax=262157 sJ=-16515058 raw=0x0200068B ; R[13] = U[0][K[2] "UE4"]
    [0194] GETFIELD       A=13 B=13 C=45 k=0 Bx=23066 sBx=-42469 Ax=5904909 sJ=-10872306 raw=0x2D0D068E ; R[13] = R[13][K[45] "UNRCBattleFieldDataManager"]
    [0195] GETFIELD       A=13 B=13 C=48 k=0 Bx=24602 sBx=-40933 Ax=6298125 sJ=-10479090 raw=0x300D068E ; R[13] = R[13][K[48] "FindNearest"]
    [0196] GETTABUP       A=14 B=0 C=2 k=0 Bx=1024 sBx=-64511 Ax=262158 sJ=-16515057 raw=0x0200070B ; R[14] = U[0][K[2] "UE4"]
    [0197] GETFIELD       A=14 B=14 C=3 k=0 Bx=1564 sBx=-63971 Ax=400398 sJ=-16376817 raw=0x030E070E ; R[14] = R[14][K[3] "FVector"]
    [0198] GETFIELD       A=15 B=0 C=5 k=0 Bx=2560 sBx=-62975 Ax=655375 sJ=-16121840 raw=0x0500078E ; R[15] = R[0][K[5] "X"]
    [0199] GETFIELD       A=16 B=0 C=6 k=0 Bx=3072 sBx=-62463 Ax=786448 sJ=-15990767 raw=0x0600080E ; R[16] = R[0][K[6] "Y"]
    [0200] GETFIELD       A=17 B=0 C=7 k=0 Bx=3584 sBx=-61951 Ax=917521 sJ=-15859694 raw=0x0700088E ; R[17] = R[0][K[7] "Z"]
    [0201] ADDI           A=17 B=17 C=132 k=0 Bx=67618 sBx=2083 Ax=17310225 sJ=533010 raw=0x84110895
    [0202] MMBINI         A=17 B=132 C=6 k=0 Bx=3336 sBx=-62199 Ax=854033 sJ=-15923182 raw=0x068408AF
    [0203] CALL           A=14 B=4 C=2 k=0 Bx=1032 sBx=-64503 Ax=264206 sJ=-16513009 raw=0x02040744
    [0204] MOVE           A=15 B=3 C=0 k=0 Bx=6 sBx=-65529 Ax=1551 sJ=-16775664 raw=0x00030780
    [0205] MOVE           A=16 B=2 C=0 k=0 Bx=4 sBx=-65531 Ax=1040 sJ=-16776175 raw=0x00020800
    [0206] LOADNIL        A=17 B=3 C=0 k=0 Bx=6 sBx=-65529 Ax=1553 sJ=-16775662 raw=0x00030888
    [0207] LOADI          A=21 B=243 C=129 k=1 Bx=66535 sBx=1000 Ax=17032981 sJ=255766 raw=0x81F38A81
    [0208] LOADI          A=22 B=115 C=192 k=1 Bx=98535 sBx=33000 Ax=25224982 sJ=8447767 raw=0xC0738B01
    [0209] GETTABUP       A=23 B=1 C=49 k=0 Bx=25090 sBx=-40445 Ax=6423063 sJ=-10354152 raw=0x31010B8B ; R[23] = U[1][K[49] "debugHitWallLine"]
    [0210] CALL           A=13 B=11 C=6 k=0 Bx=3094 sBx=-62441 Ax=792077 sJ=-15985138 raw=0x060B06C4
    [0211] MOVE           A=10 B=17 C=0 k=0 Bx=34 sBx=-65501 Ax=8714 sJ=-16768501 raw=0x00110500
    [0212] MOVE           A=9 B=16 C=0 k=0 Bx=32 sBx=-65503 Ax=8201 sJ=-16769014 raw=0x00100480
    [0213] MOVE           A=8 B=15 C=0 k=0 Bx=30 sBx=-65505 Ax=7688 sJ=-16769527 raw=0x000F0400
    [0214] MOVE           A=7 B=14 C=0 k=0 Bx=28 sBx=-65507 Ax=7175 sJ=-16770040 raw=0x000E0380
    [0215] MOVE           A=11 B=13 C=0 k=0 Bx=26 sBx=-65509 Ax=6667 sJ=-16770548 raw=0x000D0580
    [0216] GETTABUP       A=13 B=0 C=2 k=0 Bx=1024 sBx=-64511 Ax=262157 sJ=-16515058 raw=0x0200068B ; R[13] = U[0][K[2] "UE4"]
    [0217] GETFIELD       A=13 B=13 C=45 k=0 Bx=23066 sBx=-42469 Ax=5904909 sJ=-10872306 raw=0x2D0D068E ; R[13] = R[13][K[45] "UNRCBattleFieldDataManager"]
    [0218] GETFIELD       A=13 B=13 C=50 k=0 Bx=25626 sBx=-39909 Ax=6560269 sJ=-10216946 raw=0x320D068E ; R[13] = R[13][K[50] "IsCreateAnyOne"]
    [0219] CALL           A=13 B=1 C=2 k=0 Bx=1026 sBx=-64509 Ax=262669 sJ=-16514546 raw=0x020106C4
    [0220] TEST           A=13 B=0 C=0 k=0 Bx=0 sBx=-65535 Ax=13 sJ=-16777202 raw=0x000006C2
    [0221] JMP            A=42 B=0 C=128 k=0 Bx=65536 sBx=1 Ax=16777258 sJ=43 raw=0x80001538
    [0222] GETTABUP       A=13 B=0 C=2 k=0 Bx=1024 sBx=-64511 Ax=262157 sJ=-16515058 raw=0x0200068B ; R[13] = U[0][K[2] "UE4"]
    [0223] GETFIELD       A=13 B=13 C=51 k=0 Bx=26138 sBx=-39397 Ax=6691341 sJ=-10085874 raw=0x330D068E ; R[13] = R[13][K[51] "EBattleNearestLevel"]
    [0224] GETFIELD       A=13 B=13 C=52 k=0 Bx=26650 sBx=-38885 Ax=6822413 sJ=-9954802 raw=0x340D068E ; R[13] = R[13][K[52] "Fail"]
    [0225] EQ             A=10 B=13 C=0 k=0 Bx=26 sBx=-65509 Ax=6666 sJ=-16770549 raw=0x000D0539
    [0226] JMP            A=5 B=0 C=128 k=0 Bx=65536 sBx=1 Ax=16777221 sJ=6 raw=0x800002B8
    [0227] LOADTRUE       A=12 B=0 C=0 k=0 Bx=0 sBx=-65535 Ax=12 sJ=-16777203 raw=0x00000607
    [0228] GETTABUP       A=13 B=0 C=9 k=0 Bx=4608 sBx=-60927 Ax=1179661 sJ=-15597554 raw=0x0900068B ; R[13] = U[0][K[9] "Log"]
    [0229] GETFIELD       A=13 B=13 C=10 k=0 Bx=5146 sBx=-60389 Ax=1317389 sJ=-15459826 raw=0x0A0D068E ; R[13] = R[13][K[10] "Error"]
    [0230] LOADK          A=14 B=26 C=0 k=1 Bx=53 sBx=-65482 Ax=13582 sJ=-16763633 raw=0x001A8703 ; R[14] = K[53] "\u8C03\u7528\u6218\u573A\u9009\u70B9\u63A5\u53E3\u65F6\u672A\u627E\u5230\u6218\u573A\u70B9\uFF08\u6446\u70C2\u4E86\uFF0C330m\u534A\u5F84\u4E5F\u6CA1\u627E\u5230\uFF09"
    [0231] CALL           A=13 B=2 C=1 k=0 Bx=516 sBx=-65019 Ax=132109 sJ=-16645106 raw=0x010206C4
    [0232] JMP            A=31 B=0 C=128 k=0 Bx=65536 sBx=1 Ax=16777247 sJ=32 raw=0x80000FB8
    [0233] GETTABUP       A=13 B=0 C=2 k=0 Bx=1024 sBx=-64511 Ax=262157 sJ=-16515058 raw=0x0200068B ; R[13] = U[0][K[2] "UE4"]
    [0234] GETFIELD       A=13 B=13 C=51 k=0 Bx=26138 sBx=-39397 Ax=6691341 sJ=-10085874 raw=0x330D068E ; R[13] = R[13][K[51] "EBattleNearestLevel"]
    [0235] GETFIELD       A=13 B=13 C=54 k=0 Bx=27674 sBx=-37861 Ax=7084557 sJ=-9692658 raw=0x360D068E ; R[13] = R[13][K[54] "Level1"]
    [0236] EQ             A=10 B=13 C=0 k=0 Bx=26 sBx=-65509 Ax=6666 sJ=-16770549 raw=0x000D0539
    [0237] JMP            A=5 B=0 C=128 k=0 Bx=65536 sBx=1 Ax=16777221 sJ=6 raw=0x800002B8
    [0238] LOADTRUE       A=12 B=0 C=0 k=0 Bx=0 sBx=-65535 Ax=12 sJ=-16777203 raw=0x00000607
    [0239] GETTABUP       A=13 B=0 C=9 k=0 Bx=4608 sBx=-60927 Ax=1179661 sJ=-15597554 raw=0x0900068B ; R[13] = U[0][K[9] "Log"]
    [0240] GETFIELD       A=13 B=13 C=55 k=0 Bx=28186 sBx=-37349 Ax=7215629 sJ=-9561586 raw=0x370D068E ; R[13] = R[13][K[55] "Warning"]
    [0241] LOADK          A=14 B=28 C=0 k=0 Bx=56 sBx=-65479 Ax=14350 sJ=-16762865 raw=0x001C0703 ; R[14] = K[56] "\u901A\u8FC7\u52A0\u5F3A\u641C\u7D22\u624D\u627E\u5230\u6218\u573A\u70B9\uFF0C\u5468\u56F4\u5730\u5F62\u4E0D\u662F\u6700\u7406\u60F3\u60C5\u51B5\uFF08Level1\uFF09,\u7B56\u5212\u6216\u9700\u5173\u6CE8\u5E03\u602A\u5468\u56F4\u573A\u666F\u60C5\u51B5"
    [0242] CALL           A=13 B=2 C=1 k=0 Bx=516 sBx=-65019 Ax=132109 sJ=-16645106 raw=0x010206C4
    [0243] JMP            A=20 B=0 C=128 k=0 Bx=65536 sBx=1 Ax=16777236 sJ=21 raw=0x80000A38
    [0244] GETTABUP       A=13 B=0 C=2 k=0 Bx=1024 sBx=-64511 Ax=262157 sJ=-16515058 raw=0x0200068B ; R[13] = U[0][K[2] "UE4"]
    [0245] GETFIELD       A=13 B=13 C=51 k=0 Bx=26138 sBx=-39397 Ax=6691341 sJ=-10085874 raw=0x330D068E ; R[13] = R[13][K[51] "EBattleNearestLevel"]
    [0246] GETFIELD       A=13 B=13 C=57 k=0 Bx=29210 sBx=-36325 Ax=7477773 sJ=-9299442 raw=0x390D068E ; R[13] = R[13][K[57] "Level2"]
    [0247] EQ             A=10 B=13 C=0 k=0 Bx=26 sBx=-65509 Ax=6666 sJ=-16770549 raw=0x000D0539
    [0248] JMP            A=5 B=0 C=128 k=0 Bx=65536 sBx=1 Ax=16777221 sJ=6 raw=0x800002B8
    [0249] LOADTRUE       A=12 B=0 C=0 k=0 Bx=0 sBx=-65535 Ax=12 sJ=-16777203 raw=0x00000607
    [0250] GETTABUP       A=13 B=0 C=9 k=0 Bx=4608 sBx=-60927 Ax=1179661 sJ=-15597554 raw=0x0900068B ; R[13] = U[0][K[9] "Log"]
    [0251] GETFIELD       A=13 B=13 C=55 k=0 Bx=28186 sBx=-37349 Ax=7215629 sJ=-9561586 raw=0x370D068E ; R[13] = R[13][K[55] "Warning"]
    [0252] LOADK          A=14 B=29 C=0 k=0 Bx=58 sBx=-65477 Ax=14862 sJ=-16762353 raw=0x001D0703 ; R[14] = K[58] "\u901A\u8FC7\u52A0\u5F3A\u641C\u7D22\u624D\u627E\u5230\u6218\u573A\u70B9\uFF0C\u5468\u56F4\u5730\u5F62\u4E0D\u662F\u6700\u7406\u60F3\u60C5\u51B5\uFF08Level2\uFF09,\u7B56\u5212\u6216\u9700\u5173\u6CE8\u5E03\u602A\u5468\u56F4\u573A\u666F\u60C5\u51B5"
    [0253] CALL           A=13 B=2 C=1 k=0 Bx=516 sBx=-65019 Ax=132109 sJ=-16645106 raw=0x010206C4
    [0254] JMP            A=9 B=0 C=128 k=0 Bx=65536 sBx=1 Ax=16777225 sJ=10 raw=0x800004B8
    [0255] GETTABUP       A=13 B=0 C=2 k=0 Bx=1024 sBx=-64511 Ax=262157 sJ=-16515058 raw=0x0200068B ; R[13] = U[0][K[2] "UE4"]
    [0256] GETFIELD       A=13 B=13 C=51 k=0 Bx=26138 sBx=-39397 Ax=6691341 sJ=-10085874 raw=0x330D068E ; R[13] = R[13][K[51] "EBattleNearestLevel"]
    [0257] GETFIELD       A=13 B=13 C=59 k=0 Bx=30234 sBx=-35301 Ax=7739917 sJ=-9037298 raw=0x3B0D068E ; R[13] = R[13][K[59] "TimeOut"]
    [0258] EQ             A=10 B=13 C=0 k=0 Bx=26 sBx=-65509 Ax=6666 sJ=-16770549 raw=0x000D0539
    [0259] JMP            A=4 B=0 C=128 k=0 Bx=65536 sBx=1 Ax=16777220 sJ=5 raw=0x80000238
    [0260] LOADTRUE       A=12 B=0 C=0 k=0 Bx=0 sBx=-65535 Ax=12 sJ=-16777203 raw=0x00000607
    [0261] GETTABUP       A=13 B=0 C=9 k=0 Bx=4608 sBx=-60927 Ax=1179661 sJ=-15597554 raw=0x0900068B ; R[13] = U[0][K[9] "Log"]
    [0262] GETFIELD       A=13 B=13 C=10 k=0 Bx=5146 sBx=-60389 Ax=1317389 sJ=-15459826 raw=0x0A0D068E ; R[13] = R[13][K[10] "Error"]
    [0263] LOADK          A=14 B=30 C=0 k=0 Bx=60 sBx=-65475 Ax=15374 sJ=-16761841 raw=0x001E0703 ; R[14] = K[60] "\u6218\u6597\u9009\u70B9\u67E5\u8BE2\u8D85\u65F6\uFF0C\u5F3A\u5236\u5931\u8D25\uFF0C\u5C06\u4F7F\u7528\u53EF\u80FD\u5E26\u6709\u8DEF\u5F84\u7F3A\u9677\u7684\u7ED3\u679C"
    [0264] CALL           A=13 B=2 C=1 k=0 Bx=516 sBx=-65019 Ax=132109 sJ=-16645106 raw=0x010206C4
    [0265] TEST           A=4 B=0 C=0 k=0 Bx=0 sBx=-65535 Ax=4 sJ=-16777211 raw=0x00000242
    [0266] JMP            A=72 B=0 C=128 k=0 Bx=65536 sBx=1 Ax=16777288 sJ=73 raw=0x80002438
    [0267] TEST           A=12 B=0 C=0 k=0 Bx=0 sBx=-65535 Ax=12 sJ=-16777203 raw=0x00000642
    [0268] JMP            A=51 B=0 C=128 k=0 Bx=65536 sBx=1 Ax=16777267 sJ=52 raw=0x800019B8
    [0269] GETTABUP       A=13 B=0 C=2 k=0 Bx=1024 sBx=-64511 Ax=262157 sJ=-16515058 raw=0x0200068B ; R[13] = U[0][K[2] "UE4"]
    [0270] GETFIELD       A=13 B=13 C=61 k=0 Bx=31258 sBx=-34277 Ax=8002061 sJ=-8775154 raw=0x3D0D068E ; R[13] = R[13][K[61] "UKismetSystemLibrary"]
    [0271] GETFIELD       A=13 B=13 C=62 k=0 Bx=31770 sBx=-33765 Ax=8133133 sJ=-8644082 raw=0x3E0D068E ; R[13] = R[13][K[62] "Abs_DrawDebugSphere"]
    [0272] GETTABUP       A=14 B=0 C=63 k=0 Bx=32256 sBx=-33279 Ax=8257550 sJ=-8519665 raw=0x3F00070B ; R[14] = U[0][K[63] "_G"]
    [0273] GETFIELD       A=14 B=14 C=64 k=0 Bx=32796 sBx=-32739 Ax=8395790 sJ=-8381425 raw=0x400E070E ; R[14] = R[14][K[64] "UE4Helper"]
    [0274] GETFIELD       A=14 B=14 C=65 k=0 Bx=33308 sBx=-32227 Ax=8526862 sJ=-8250353 raw=0x410E070E ; R[14] = R[14][K[65] "GetCurrentWorld"]
    [0275] CALL           A=14 B=1 C=2 k=0 Bx=1026 sBx=-64509 Ax=262670 sJ=-16514545 raw=0x02010744
    [0276] MOVE           A=15 B=0 C=0 k=0 Bx=0 sBx=-65535 Ax=15 sJ=-16777200 raw=0x00000780
    [0277] LOADI          A=16 B=24 C=128 k=1 Bx=65585 sBx=50 Ax=16789776 sJ=12561 raw=0x80188801
    [0278] LOADI          A=17 B=5 C=128 k=1 Bx=65547 sBx=12 Ax=16780049 sJ=2834 raw=0x80058881
    [0279] GETTABUP       A=18 B=0 C=2 k=0 Bx=1024 sBx=-64511 Ax=262162 sJ=-16515053 raw=0x0200090B ; R[18] = U[0][K[2] "UE4"]
    [0280] GETFIELD       A=18 B=18 C=66 k=0 Bx=33828 sBx=-31707 Ax=8659986 sJ=-8117229 raw=0x4212090E ; R[18] = R[18][K[66] "FLinearColor"]
    [0281] LOADI          A=19 B=0 C=128 k=0 Bx=65536 sBx=1 Ax=16777235 sJ=20 raw=0x80000981
    [0282] LOADI          A=20 B=0 C=128 k=0 Bx=65536 sBx=1 Ax=16777236 sJ=21 raw=0x80000A01
    [0283] LOADI          A=21 B=0 C=128 k=0 Bx=65536 sBx=1 Ax=16777237 sJ=22 raw=0x80000A81
    [0284] LOADI          A=22 B=0 C=128 k=0 Bx=65536 sBx=1 Ax=16777238 sJ=23 raw=0x80000B01
    [0285] CALL           A=18 B=5 C=2 k=0 Bx=1034 sBx=-64501 Ax=264722 sJ=-16512493 raw=0x02050944
    [0286] LOADI          A=19 B=49 C=128 k=1 Bx=65635 sBx=100 Ax=16802579 sJ=25364 raw=0x80318981
    [0287] CALL           A=13 B=7 C=1 k=0 Bx=526 sBx=-65009 Ax=134669 sJ=-16642546 raw=0x010706C4
    [0288] GETTABUP       A=13 B=0 C=2 k=0 Bx=1024 sBx=-64511 Ax=262157 sJ=-16515058 raw=0x0200068B ; R[13] = U[0][K[2] "UE4"]
    [0289] GETFIELD       A=13 B=13 C=3 k=0 Bx=1562 sBx=-63973 Ax=399885 sJ=-16377330 raw=0x030D068E ; R[13] = R[13][K[3] "FVector"]
    [0290] GETFIELD       A=14 B=0 C=5 k=0 Bx=2560 sBx=-62975 Ax=655374 sJ=-16121841 raw=0x0500070E ; R[14] = R[0][K[5] "X"]
    [0291] GETFIELD       A=15 B=0 C=6 k=0 Bx=3072 sBx=-62463 Ax=786447 sJ=-15990768 raw=0x0600078E ; R[15] = R[0][K[6] "Y"]
    [0292] GETFIELD       A=16 B=0 C=7 k=0 Bx=3584 sBx=-61951 Ax=917520 sJ=-15859695 raw=0x0700080E ; R[16] = R[0][K[7] "Z"]
    [0293] CALL           A=13 B=4 C=2 k=0 Bx=1032 sBx=-64503 Ax=264205 sJ=-16513010 raw=0x020406C4
    [0294] GETTABUP       A=14 B=0 C=2 k=0 Bx=1024 sBx=-64511 Ax=262158 sJ=-16515057 raw=0x0200070B ; R[14] = U[0][K[2] "UE4"]
    [0295] GETFIELD       A=14 B=14 C=3 k=0 Bx=1564 sBx=-63971 Ax=400398 sJ=-16376817 raw=0x030E070E ; R[14] = R[14][K[3] "FVector"]
    [0296] GETFIELD       A=15 B=0 C=5 k=0 Bx=2560 sBx=-62975 Ax=655375 sJ=-16121840 raw=0x0500078E ; R[15] = R[0][K[5] "X"]
    [0297] GETFIELD       A=16 B=0 C=6 k=0 Bx=3072 sBx=-62463 Ax=786448 sJ=-15990767 raw=0x0600080E ; R[16] = R[0][K[6] "Y"]
    [0298] GETFIELD       A=17 B=0 C=7 k=0 Bx=3584 sBx=-61951 Ax=917521 sJ=-15859694 raw=0x0700088E ; R[17] = R[0][K[7] "Z"]
    [0299] ADDK           A=17 B=17 C=67 k=0 Bx=34338 sBx=-31197 Ax=8790545 sJ=-7986670 raw=0x43110896 ; K[67] 10000
    [0300] MMBINK         A=17 B=67 C=6 k=0 Bx=3206 sBx=-62329 Ax=820753 sJ=-15956462 raw=0x064308B0
    [0301] CALL           A=14 B=4 C=2 k=0 Bx=1032 sBx=-64503 Ax=264206 sJ=-16513009 raw=0x02040744
    [0302] GETTABUP       A=15 B=0 C=2 k=0 Bx=1024 sBx=-64511 Ax=262159 sJ=-16515056 raw=0x0200078B ; R[15] = U[0][K[2] "UE4"]
    [0303] GETFIELD       A=15 B=15 C=61 k=0 Bx=31262 sBx=-34273 Ax=8003087 sJ=-8774128 raw=0x3D0F078E ; R[15] = R[15][K[61] "UKismetSystemLibrary"]
    [0304] GETFIELD       A=15 B=15 C=68 k=0 Bx=34846 sBx=-30689 Ax=8920591 sJ=-7856624 raw=0x440F078E ; R[15] = R[15][K[68] "Abs_DrawDebugLine"]
    [0305] GETTABUP       A=16 B=0 C=63 k=0 Bx=32256 sBx=-33279 Ax=8257552 sJ=-8519663 raw=0x3F00080B ; R[16] = U[0][K[63] "_G"]
    [0306] GETFIELD       A=16 B=16 C=64 k=0 Bx=32800 sBx=-32735 Ax=8396816 sJ=-8380399 raw=0x4010080E ; R[16] = R[16][K[64] "UE4Helper"]
    [0307] GETFIELD       A=16 B=16 C=65 k=0 Bx=33312 sBx=-32223 Ax=8527888 sJ=-8249327 raw=0x4110080E ; R[16] = R[16][K[65] "GetCurrentWorld"]
    [0308] CALL           A=16 B=1 C=2 k=0 Bx=1026 sBx=-64509 Ax=262672 sJ=-16514543 raw=0x02010844
    [0309] MOVE           A=17 B=13 C=0 k=0 Bx=26 sBx=-65509 Ax=6673 sJ=-16770542 raw=0x000D0880
    [0310] MOVE           A=18 B=14 C=0 k=0 Bx=28 sBx=-65507 Ax=7186 sJ=-16770029 raw=0x000E0900
    [0311] GETTABUP       A=19 B=0 C=2 k=0 Bx=1024 sBx=-64511 Ax=262163 sJ=-16515052 raw=0x0200098B ; R[19] = U[0][K[2] "UE4"]
    [0312] GETFIELD       A=19 B=19 C=66 k=0 Bx=33830 sBx=-31705 Ax=8660499 sJ=-8116716 raw=0x4213098E ; R[19] = R[19][K[66] "FLinearColor"]
    [0313] LOADI          A=20 B=0 C=128 k=0 Bx=65536 sBx=1 Ax=16777236 sJ=21 raw=0x80000A01
    [0314] LOADI          A=21 B=255 C=127 k=1 Bx=65535 sBx=0 Ax=16776981 sJ=-234 raw=0x7FFF8A81
    [0315] LOADI          A=22 B=255 C=127 k=1 Bx=65535 sBx=0 Ax=16776982 sJ=-233 raw=0x7FFF8B01
    [0316] LOADI          A=23 B=0 C=128 k=0 Bx=65536 sBx=1 Ax=16777239 sJ=24 raw=0x80000B81
    [0317] CALL           A=19 B=5 C=2 k=0 Bx=1034 sBx=-64501 Ax=264723 sJ=-16512492 raw=0x020509C4
    [0318] LOADI          A=20 B=49 C=128 k=1 Bx=65635 sBx=100 Ax=16802580 sJ=25365 raw=0x80318A01
    [0319] CALL           A=15 B=6 C=1 k=0 Bx=524 sBx=-65011 Ax=134159 sJ=-16643056 raw=0x010607C4
    [0320] JMP            A=18 B=0 C=128 k=0 Bx=65536 sBx=1 Ax=16777234 sJ=19 raw=0x80000938
    [0321] GETTABUP       A=13 B=0 C=2 k=0 Bx=1024 sBx=-64511 Ax=262157 sJ=-16515058 raw=0x0200068B ; R[13] = U[0][K[2] "UE4"]
    [0322] GETFIELD       A=13 B=13 C=61 k=0 Bx=31258 sBx=-34277 Ax=8002061 sJ=-8775154 raw=0x3D0D068E ; R[13] = R[13][K[61] "UKismetSystemLibrary"]
    [0323] GETFIELD       A=13 B=13 C=62 k=0 Bx=31770 sBx=-33765 Ax=8133133 sJ=-8644082 raw=0x3E0D068E ; R[13] = R[13][K[62] "Abs_DrawDebugSphere"]
    [0324] GETTABUP       A=14 B=0 C=63 k=0 Bx=32256 sBx=-33279 Ax=8257550 sJ=-8519665 raw=0x3F00070B ; R[14] = U[0][K[63] "_G"]
    [0325] GETFIELD       A=14 B=14 C=64 k=0 Bx=32796 sBx=-32739 Ax=8395790 sJ=-8381425 raw=0x400E070E ; R[14] = R[14][K[64] "UE4Helper"]
    [0326] GETFIELD       A=14 B=14 C=65 k=0 Bx=33308 sBx=-32227 Ax=8526862 sJ=-8250353 raw=0x410E070E ; R[14] = R[14][K[65] "GetCurrentWorld"]
    [0327] CALL           A=14 B=1 C=2 k=0 Bx=1026 sBx=-64509 Ax=262670 sJ=-16514545 raw=0x02010744
    [0328] MOVE           A=15 B=7 C=0 k=0 Bx=14 sBx=-65521 Ax=3599 sJ=-16773616 raw=0x00070780
    [0329] LOADI          A=16 B=24 C=128 k=1 Bx=65585 sBx=50 Ax=16789776 sJ=12561 raw=0x80188801
    [0330] LOADI          A=17 B=5 C=128 k=1 Bx=65547 sBx=12 Ax=16780049 sJ=2834 raw=0x80058881
    [0331] GETTABUP       A=18 B=0 C=2 k=0 Bx=1024 sBx=-64511 Ax=262162 sJ=-16515053 raw=0x0200090B ; R[18] = U[0][K[2] "UE4"]
    [0332] GETFIELD       A=18 B=18 C=66 k=0 Bx=33828 sBx=-31707 Ax=8659986 sJ=-8117229 raw=0x4212090E ; R[18] = R[18][K[66] "FLinearColor"]
    [0333] LOADI          A=19 B=255 C=127 k=1 Bx=65535 sBx=0 Ax=16776979 sJ=-236 raw=0x7FFF8981
    [0334] LOADI          A=20 B=0 C=128 k=0 Bx=65536 sBx=1 Ax=16777236 sJ=21 raw=0x80000A01
    [0335] LOADI          A=21 B=255 C=127 k=1 Bx=65535 sBx=0 Ax=16776981 sJ=-234 raw=0x7FFF8A81
    [0336] LOADI          A=22 B=0 C=128 k=0 Bx=65536 sBx=1 Ax=16777238 sJ=23 raw=0x80000B01
    [0337] CALL           A=18 B=5 C=2 k=0 Bx=1034 sBx=-64501 Ax=264722 sJ=-16512493 raw=0x02050944
    [0338] LOADI          A=19 B=49 C=128 k=1 Bx=65635 sBx=100 Ax=16802579 sJ=25364 raw=0x80318981
    [0339] CALL           A=13 B=7 C=1 k=0 Bx=526 sBx=-65009 Ax=134669 sJ=-16642546 raw=0x010706C4
    [0340] GETTABUP       A=13 B=1 C=69 k=0 Bx=35330 sBx=-30205 Ax=9044493 sJ=-7732722 raw=0x4501068B ; R[13] = U[1][K[69] "PostUseDataFromServerOrClientLocal"]
    [0341] MOVE           A=14 B=0 C=0 k=0 Bx=0 sBx=-65535 Ax=14 sJ=-16777201 raw=0x00000700
    [0342] MOVE           A=15 B=6 C=0 k=0 Bx=12 sBx=-65523 Ax=3087 sJ=-16774128 raw=0x00060780
    [0343] MOVE           A=16 B=11 C=0 k=0 Bx=22 sBx=-65513 Ax=5648 sJ=-16771567 raw=0x000B0800
    [0344] MOVE           A=17 B=7 C=0 k=0 Bx=14 sBx=-65521 Ax=3601 sJ=-16773614 raw=0x00070880
    [0345] MOVE           A=18 B=8 C=0 k=0 Bx=16 sBx=-65519 Ax=4114 sJ=-16773101 raw=0x00080900
    [0346] MOVE           A=19 B=4 C=0 k=0 Bx=8 sBx=-65527 Ax=2067 sJ=-16775148 raw=0x00040980
    [0347] TAILCALL       A=13 B=7 C=0 k=0 Bx=14 sBx=-65521 Ax=3597 sJ=-16773618 raw=0x000706C5
    [0348] RETURN         A=13 B=0 C=0 k=0 Bx=0 sBx=-65535 Ax=13 sJ=-16777202 raw=0x000006C6
    [0349] RETURN0        A=13 B=1 C=0 k=0 Bx=2 sBx=-65533 Ax=525 sJ=-16776690 raw=0x000106C7

  function[7] source="" lines=494-512 params=1 vararg=0 stack=255 upvalues=2
  constants (15):
    K[0] = "Log"
    K[1] = "Debug"
    K[2] = "SceneUtils:IsSuitableForFighting"
    K[3] = "mapWidth"
    K[4] = "mapHeight"
    K[5] = "minx"
    K[6] = "miny"
    K[7] = "X"
    K[8] = 100
    K[9] = 4096
    K[10] = "Y"
    K[11] = "color"
    K[12] = "R"
    K[13] = "G"
    K[14] = "B"
  upvalues (2):
    U[0] = instack=0 idx=0 kind=1 name="_ENV"
    U[1] = instack=2 idx=0 kind=11 name="BattleFieldConst"
  locals (7):
    L[0] = "pos" pc=0-52
    L[1] = "mapWidth" pc=5-52
    L[2] = "mapHeight" pc=6-52
    L[3] = "minx" pc=7-52
    L[4] = "miny" pc=8-52
    L[5] = "x" pc=17-52
    L[6] = "y" pc=26-52
  instructions (52):
    [0001] GETTABUP       A=1 B=0 C=0 k=0 Bx=0 sBx=-65535 Ax=1 sJ=-16777214 raw=0x0000008B ; R[1] = U[0][K[0] "Log"]
    [0002] GETFIELD       A=1 B=1 C=1 k=0 Bx=514 sBx=-65021 Ax=131585 sJ=-16645630 raw=0x0101008E ; R[1] = R[1][K[1] "Debug"]
    [0003] LOADK          A=2 B=1 C=0 k=0 Bx=2 sBx=-65533 Ax=514 sJ=-16776701 raw=0x00010103 ; R[2] = K[2] "SceneUtils:IsSuitableForFighting"
    [0004] CALL           A=1 B=2 C=1 k=0 Bx=516 sBx=-65019 Ax=132097 sJ=-16645118 raw=0x010200C4
    [0005] GETTABUP       A=1 B=1 C=3 k=0 Bx=1538 sBx=-63997 Ax=393729 sJ=-16383486 raw=0x0301008B ; R[1] = U[1][K[3] "mapWidth"]
    [0006] GETTABUP       A=2 B=1 C=4 k=0 Bx=2050 sBx=-63485 Ax=524802 sJ=-16252413 raw=0x0401010B ; R[2] = U[1][K[4] "mapHeight"]
    [0007] GETTABUP       A=3 B=1 C=5 k=0 Bx=2562 sBx=-62973 Ax=655875 sJ=-16121340 raw=0x0501018B ; R[3] = U[1][K[5] "minx"]
    [0008] GETTABUP       A=4 B=1 C=6 k=0 Bx=3074 sBx=-62461 Ax=786948 sJ=-15990267 raw=0x0601020B ; R[4] = U[1][K[6] "miny"]
    [0009] GETFIELD       A=5 B=0 C=7 k=0 Bx=3584 sBx=-61951 Ax=917509 sJ=-15859706 raw=0x0700028E ; R[5] = R[0][K[7] "X"]
    [0010] DIVK           A=5 B=5 C=8 k=0 Bx=4106 sBx=-61429 Ax=1051141 sJ=-15726074 raw=0x0805029B ; K[8] 100
    [0011] MMBINK         A=5 B=8 C=11 k=0 Bx=5648 sBx=-59887 Ax=1445893 sJ=-15331322 raw=0x0B0802B0
    [0012] SUB            A=5 B=5 C=3 k=0 Bx=1546 sBx=-63989 Ax=395781 sJ=-16381434 raw=0x030502A3
    [0013] MMBIN          A=5 B=3 C=7 k=0 Bx=3590 sBx=-61945 Ax=919045 sJ=-15858170 raw=0x070302AE
    [0014] DIV            A=5 B=5 C=1 k=0 Bx=522 sBx=-65013 Ax=133637 sJ=-16643578 raw=0x010502A7
    [0015] MMBIN          A=5 B=1 C=11 k=0 Bx=5634 sBx=-59901 Ax=1442309 sJ=-15334906 raw=0x0B0102AE
    [0016] MULK           A=5 B=5 C=9 k=0 Bx=4618 sBx=-60917 Ax=1182213 sJ=-15595002 raw=0x09050298 ; K[9] 4096
    [0017] MMBINK         A=5 B=9 C=8 k=0 Bx=4114 sBx=-61421 Ax=1053189 sJ=-15724026 raw=0x080902B0
    [0018] GETFIELD       A=6 B=0 C=10 k=0 Bx=5120 sBx=-60415 Ax=1310726 sJ=-15466489 raw=0x0A00030E ; R[6] = R[0][K[10] "Y"]
    [0019] DIVK           A=6 B=6 C=8 k=0 Bx=4108 sBx=-61427 Ax=1051654 sJ=-15725561 raw=0x0806031B ; K[8] 100
    [0020] MMBINK         A=6 B=8 C=11 k=0 Bx=5648 sBx=-59887 Ax=1445894 sJ=-15331321 raw=0x0B080330
    [0021] SUB            A=6 B=6 C=4 k=0 Bx=2060 sBx=-63475 Ax=527366 sJ=-16249849 raw=0x04060323
    [0022] MMBIN          A=6 B=4 C=7 k=0 Bx=3592 sBx=-61943 Ax=919558 sJ=-15857657 raw=0x0704032E
    [0023] DIV            A=6 B=6 C=2 k=0 Bx=1036 sBx=-64499 Ax=265222 sJ=-16511993 raw=0x02060327
    [0024] MMBIN          A=6 B=2 C=11 k=0 Bx=5636 sBx=-59899 Ax=1442822 sJ=-15334393 raw=0x0B02032E
    [0025] MULK           A=6 B=6 C=9 k=0 Bx=4620 sBx=-60915 Ax=1182726 sJ=-15594489 raw=0x09060318 ; K[9] 4096
    [0026] MMBINK         A=6 B=9 C=8 k=0 Bx=4114 sBx=-61421 Ax=1053190 sJ=-15724025 raw=0x08090330
    [0027] GETTABUP       A=7 B=0 C=0 k=0 Bx=0 sBx=-65535 Ax=7 sJ=-16777208 raw=0x0000038B ; R[7] = U[0][K[0] "Log"]
    [0028] GETFIELD       A=7 B=7 C=1 k=0 Bx=526 sBx=-65009 Ax=134663 sJ=-16642552 raw=0x0107038E ; R[7] = R[7][K[1] "Debug"]
    [0029] MOVE           A=8 B=5 C=0 k=0 Bx=10 sBx=-65525 Ax=2568 sJ=-16774647 raw=0x00050400
    [0030] MOVE           A=9 B=6 C=0 k=0 Bx=12 sBx=-65523 Ax=3081 sJ=-16774134 raw=0x00060480
    [0031] LOADI          A=10 B=255 C=135 k=1 Bx=69631 sBx=4096 Ax=17825546 sJ=1048331 raw=0x87FF8501
    [0032] SUB            A=10 B=10 C=6 k=0 Bx=3092 sBx=-62443 Ax=791562 sJ=-15985653 raw=0x060A0523
    [0033] MMBIN          A=10 B=6 C=7 k=0 Bx=3596 sBx=-61939 Ax=920586 sJ=-15856629 raw=0x0706052E
    [0034] CALL           A=7 B=4 C=1 k=0 Bx=520 sBx=-65015 Ax=133127 sJ=-16644088 raw=0x010403C4
    [0035] GETTABUP       A=7 B=0 C=11 k=0 Bx=5632 sBx=-59903 Ax=1441799 sJ=-15335416 raw=0x0B00038B ; R[7] = U[0][K[11] "color"]
    [0036] GETFIELD       A=7 B=7 C=12 k=0 Bx=6158 sBx=-59377 Ax=1576455 sJ=-15200760 raw=0x0C07038E ; R[7] = R[7][K[12] "R"]
    [0037] EQI            A=7 B=127 C=0 k=0 Bx=254 sBx=-65281 Ax=65031 sJ=-16712184 raw=0x007F03BD
    [0038] JMP            A=7 B=0 C=128 k=0 Bx=65536 sBx=1 Ax=16777223 sJ=8 raw=0x800003B8
    [0039] GETTABUP       A=7 B=0 C=11 k=0 Bx=5632 sBx=-59903 Ax=1441799 sJ=-15335416 raw=0x0B00038B ; R[7] = U[0][K[11] "color"]
    [0040] GETFIELD       A=7 B=7 C=13 k=0 Bx=6670 sBx=-58865 Ax=1707527 sJ=-15069688 raw=0x0D07038E ; R[7] = R[7][K[13] "G"]
    [0041] EQI            A=7 B=127 C=0 k=0 Bx=254 sBx=-65281 Ax=65031 sJ=-16712184 raw=0x007F03BD
    [0042] JMP            A=3 B=0 C=128 k=0 Bx=65536 sBx=1 Ax=16777219 sJ=4 raw=0x800001B8
    [0043] GETTABUP       A=7 B=0 C=11 k=0 Bx=5632 sBx=-59903 Ax=1441799 sJ=-15335416 raw=0x0B00038B ; R[7] = U[0][K[11] "color"]
    [0044] GETFIELD       A=7 B=7 C=14 k=0 Bx=7182 sBx=-58353 Ax=1838599 sJ=-14938616 raw=0x0E07038E ; R[7] = R[7][K[14] "B"]
    [0045] EQI            A=7 B=127 C=0 k=1 Bx=255 sBx=-65280 Ax=65287 sJ=-16711928 raw=0x007F83BD
    [0046] JMP            A=2 B=0 C=128 k=0 Bx=65536 sBx=1 Ax=16777218 sJ=3 raw=0x80000138
    [0047] LOADTRUE       A=7 B=0 C=0 k=0 Bx=0 sBx=-65535 Ax=7 sJ=-16777208 raw=0x00000387
    [0048] RETURN1        A=7 B=2 C=0 k=0 Bx=4 sBx=-65531 Ax=1031 sJ=-16776184 raw=0x000203C8
    [0049] JMP            A=1 B=0 C=128 k=0 Bx=65536 sBx=1 Ax=16777217 sJ=2 raw=0x800000B8
    [0050] LOADFALSE      A=7 B=0 C=0 k=0 Bx=0 sBx=-65535 Ax=7 sJ=-16777208 raw=0x00000385
    [0051] RETURN1        A=7 B=2 C=0 k=0 Bx=4 sBx=-65531 Ax=1031 sJ=-16776184 raw=0x000203C8
    [0052] RETURN0        A=7 B=1 C=0 k=0 Bx=2 sBx=-65533 Ax=519 sJ=-16776696 raw=0x000103C7

  function[8] source="" lines=520-667 params=5 vararg=0 stack=255 upvalues=2
  constants (48):
    K[0] = "Log"
    K[1] = "Debug"
    K[2] = "BattleField.FindNearestBattlePoint3D"
    K[3] = "debugBattlePointLine"
    K[4] = "UE4"
    K[5] = "FVector"
    K[6] = "X"
    K[7] = "Y"
    K[8] = "Z"
    K[9] = 10000
    K[10] = "UKismetSystemLibrary"
    K[11] = "Abs_DrawDebugLine"
    K[12] = "_G"
    K[13] = "UE4Helper"
    K[14] = "GetCurrentWorld"
    K[15] = "FLinearColor"
    K[16] = 100
    K[17] = "coord"
    K[18] = "x"
    K[19] = 0
    K[20] = "y"
    K[21] = "z"
    K[22] = "ipairs"
    K[23] = "DebugQueryData.x,y,z: "
    K[24] = "data.x,y,z: "
    K[25] = "Translation"
    K[26] = "NRCModeManager"
    K[27] = "DoCmd"
    K[28] = "PlayerModuleCmd"
    K[29] = "GET_LOCAL_PLAYER"
    K[30] = "viewObj"
    K[31] = "Abs_K2_GetActorLocation"
    K[32] = "extendType"
    K[33] = "Normalize"
    K[34] = "Dot"
    K[35] = 250
    K[36] = "Dump"
    K[37] = "forwardvec"
    K[38] = "math"
    K[39] = "deg"
    K[40] = "acos"
    K[41] = 180
    K[42] = "TransAns"
    K[43] = "ans"
    K[44] = "debugLastEnterBattlePoint"
    K[45] = "debugLastBattleFieldAns"
    K[46] = "debugLastBattleFieldRotateAns"
    K[47] = "debugLastEnterBattleRotateAns"
  upvalues (2):
    U[0] = instack=0 idx=0 kind=1 name="_ENV"
    U[1] = instack=6 idx=0 kind=29 name="BattleField"
  locals (38):
    L[0] = "pos" pc=0-346
    L[1] = "playerTransform" pc=0-346
    L[2] = "bUseFullStation" pc=0-346
    L[3] = "mapData" pc=0-346
    L[4] = "debugFlag" pc=0-346
    L[5] = "lineBegin" pc=15-41
    L[6] = "lineEnd" pc=23-41
    L[7] = "x" pc=45-346
    L[8] = "y" pc=48-346
    L[9] = "z" pc=52-346
    L[10] = "DebugQueryData" pc=64-346
    L[11] = "data" pc=69-346
    L[12] = "rotate" pc=70-346
    L[13] = "BoundSize" pc=71-346
    L[14] = "near" pc=85-346
    L[15] = "extendType" pc=86-346
    L[16] = "(for state)" pc=89-149
    L[17] = "(for state)" pc=89-149
    L[18] = "(for state)" pc=89-149
    L[19] = "(for state)" pc=89-149
    L[20] = "i" pc=90-146
    L[21] = "d" pc=90-146
    L[22] = "dx" pc=91-146
    L[23] = "dy" pc=92-146
    L[24] = "dz" pc=93-146
    L[25] = "xx" pc=95-146
    L[26] = "yy" pc=97-146
    L[27] = "zz" pc=99-146
    L[28] = "dis" pc=109-146
    L[29] = "playerLocation" pc=164-346
    L[30] = "player" pc=182-186
    L[31] = "ans" pc=200-346
    L[32] = "rotateAns" pc=201-346
    L[33] = "forwardvec" pc=201-346
    L[34] = "yaxis" pc=225-273
    L[35] = "dot" pc=231-273
    L[36] = "lineBegin" pc=299-325
    L[37] = "lineEnd" pc=307-325
  instructions (346):
    [0001] GETTABUP       A=5 B=0 C=0 k=0 Bx=0 sBx=-65535 Ax=5 sJ=-16777210 raw=0x0000028B ; R[5] = U[0][K[0] "Log"]
    [0002] GETFIELD       A=5 B=5 C=1 k=0 Bx=522 sBx=-65013 Ax=133637 sJ=-16643578 raw=0x0105028E ; R[5] = R[5][K[1] "Debug"]
    [0003] LOADK          A=6 B=1 C=0 k=0 Bx=2 sBx=-65533 Ax=518 sJ=-16776697 raw=0x00010303 ; R[6] = K[2] "BattleField.FindNearestBattlePoint3D"
    [0004] CALL           A=5 B=2 C=1 k=0 Bx=516 sBx=-65019 Ax=132101 sJ=-16645114 raw=0x010202C4
    [0005] TEST           A=4 B=0 C=0 k=1 Bx=1 sBx=-65534 Ax=260 sJ=-16776955 raw=0x00008242
    [0006] JMP            A=2 B=0 C=128 k=0 Bx=65536 sBx=1 Ax=16777218 sJ=3 raw=0x80000138
    [0007] GETTABUP       A=5 B=1 C=3 k=0 Bx=1538 sBx=-63997 Ax=393733 sJ=-16383482 raw=0x0301028B ; R[5] = U[1][K[3] "debugBattlePointLine"]
    [0008] TEST           A=5 B=0 C=0 k=0 Bx=0 sBx=-65535 Ax=5 sJ=-16777210 raw=0x000002C2
    [0009] JMP            A=31 B=0 C=128 k=0 Bx=65536 sBx=1 Ax=16777247 sJ=32 raw=0x80000FB8
    [0010] GETTABUP       A=5 B=0 C=4 k=0 Bx=2048 sBx=-63487 Ax=524293 sJ=-16252922 raw=0x0400028B ; R[5] = U[0][K[4] "UE4"]
    [0011] GETFIELD       A=5 B=5 C=5 k=0 Bx=2570 sBx=-62965 Ax=657925 sJ=-16119290 raw=0x0505028E ; R[5] = R[5][K[5] "FVector"]
    [0012] GETFIELD       A=6 B=0 C=6 k=0 Bx=3072 sBx=-62463 Ax=786438 sJ=-15990777 raw=0x0600030E ; R[6] = R[0][K[6] "X"]
    [0013] GETFIELD       A=7 B=0 C=7 k=0 Bx=3584 sBx=-61951 Ax=917511 sJ=-15859704 raw=0x0700038E ; R[7] = R[0][K[7] "Y"]
    [0014] GETFIELD       A=8 B=0 C=8 k=0 Bx=4096 sBx=-61439 Ax=1048584 sJ=-15728631 raw=0x0800040E ; R[8] = R[0][K[8] "Z"]
    [0015] CALL           A=5 B=4 C=2 k=0 Bx=1032 sBx=-64503 Ax=264197 sJ=-16513018 raw=0x020402C4
    [0016] GETTABUP       A=6 B=0 C=4 k=0 Bx=2048 sBx=-63487 Ax=524294 sJ=-16252921 raw=0x0400030B ; R[6] = U[0][K[4] "UE4"]
    [0017] GETFIELD       A=6 B=6 C=5 k=0 Bx=2572 sBx=-62963 Ax=658438 sJ=-16118777 raw=0x0506030E ; R[6] = R[6][K[5] "FVector"]
    [0018] GETFIELD       A=7 B=0 C=6 k=0 Bx=3072 sBx=-62463 Ax=786439 sJ=-15990776 raw=0x0600038E ; R[7] = R[0][K[6] "X"]
    [0019] GETFIELD       A=8 B=0 C=7 k=0 Bx=3584 sBx=-61951 Ax=917512 sJ=-15859703 raw=0x0700040E ; R[8] = R[0][K[7] "Y"]
    [0020] GETFIELD       A=9 B=0 C=8 k=0 Bx=4096 sBx=-61439 Ax=1048585 sJ=-15728630 raw=0x0800048E ; R[9] = R[0][K[8] "Z"]
    [0021] ADDK           A=9 B=9 C=9 k=0 Bx=4626 sBx=-60909 Ax=1184265 sJ=-15592950 raw=0x09090496 ; K[9] 10000
    [0022] MMBINK         A=9 B=9 C=6 k=0 Bx=3090 sBx=-62445 Ax=791049 sJ=-15986166 raw=0x060904B0
    [0023] CALL           A=6 B=4 C=2 k=0 Bx=1032 sBx=-64503 Ax=264198 sJ=-16513017 raw=0x02040344
    [0024] GETTABUP       A=7 B=0 C=4 k=0 Bx=2048 sBx=-63487 Ax=524295 sJ=-16252920 raw=0x0400038B ; R[7] = U[0][K[4] "UE4"]
    [0025] GETFIELD       A=7 B=7 C=10 k=0 Bx=5134 sBx=-60401 Ax=1314311 sJ=-15462904 raw=0x0A07038E ; R[7] = R[7][K[10] "UKismetSystemLibrary"]
    [0026] GETFIELD       A=7 B=7 C=11 k=0 Bx=5646 sBx=-59889 Ax=1445383 sJ=-15331832 raw=0x0B07038E ; R[7] = R[7][K[11] "Abs_DrawDebugLine"]
    [0027] GETTABUP       A=8 B=0 C=12 k=0 Bx=6144 sBx=-59391 Ax=1572872 sJ=-15204343 raw=0x0C00040B ; R[8] = U[0][K[12] "_G"]
    [0028] GETFIELD       A=8 B=8 C=13 k=0 Bx=6672 sBx=-58863 Ax=1708040 sJ=-15069175 raw=0x0D08040E ; R[8] = R[8][K[13] "UE4Helper"]
    [0029] GETFIELD       A=8 B=8 C=14 k=0 Bx=7184 sBx=-58351 Ax=1839112 sJ=-14938103 raw=0x0E08040E ; R[8] = R[8][K[14] "GetCurrentWorld"]
    [0030] CALL           A=8 B=1 C=2 k=0 Bx=1026 sBx=-64509 Ax=262664 sJ=-16514551 raw=0x02010444
    [0031] MOVE           A=9 B=5 C=0 k=0 Bx=10 sBx=-65525 Ax=2569 sJ=-16774646 raw=0x00050480
    [0032] MOVE           A=10 B=6 C=0 k=0 Bx=12 sBx=-65523 Ax=3082 sJ=-16774133 raw=0x00060500
    [0033] GETTABUP       A=11 B=0 C=4 k=0 Bx=2048 sBx=-63487 Ax=524299 sJ=-16252916 raw=0x0400058B ; R[11] = U[0][K[4] "UE4"]
    [0034] GETFIELD       A=11 B=11 C=15 k=0 Bx=7702 sBx=-57833 Ax=1971723 sJ=-14805492 raw=0x0F0B058E ; R[11] = R[11][K[15] "FLinearColor"]
    [0035] LOADI          A=12 B=255 C=127 k=1 Bx=65535 sBx=0 Ax=16776972 sJ=-243 raw=0x7FFF8601
    [0036] LOADI          A=13 B=255 C=127 k=1 Bx=65535 sBx=0 Ax=16776973 sJ=-242 raw=0x7FFF8681
    [0037] LOADI          A=14 B=0 C=128 k=0 Bx=65536 sBx=1 Ax=16777230 sJ=15 raw=0x80000701
    [0038] LOADI          A=15 B=0 C=128 k=0 Bx=65536 sBx=1 Ax=16777231 sJ=16 raw=0x80000781
    [0039] CALL           A=11 B=5 C=2 k=0 Bx=1034 sBx=-64501 Ax=264715 sJ=-16512500 raw=0x020505C4
    [0040] LOADI          A=12 B=49 C=128 k=1 Bx=65635 sBx=100 Ax=16802572 sJ=25357 raw=0x80318601
    [0041] CALL           A=7 B=6 C=1 k=0 Bx=524 sBx=-65011 Ax=134151 sJ=-16643064 raw=0x010603C4
    [0042] GETFIELD       A=5 B=0 C=6 k=0 Bx=3072 sBx=-62463 Ax=786437 sJ=-15990778 raw=0x0600028E ; R[5] = R[0][K[6] "X"]
    [0043] UNM            A=5 B=5 C=0 k=0 Bx=10 sBx=-65525 Ax=2565 sJ=-16774650 raw=0x000502B1
    [0044] DIVK           A=5 B=5 C=16 k=0 Bx=8202 sBx=-57333 Ax=2099717 sJ=-14677498 raw=0x1005029B ; K[16] 100
    [0045] MMBINK         A=5 B=16 C=11 k=0 Bx=5664 sBx=-59871 Ax=1449989 sJ=-15327226 raw=0x0B1002B0
    [0046] GETFIELD       A=6 B=0 C=8 k=0 Bx=4096 sBx=-61439 Ax=1048582 sJ=-15728633 raw=0x0800030E ; R[6] = R[0][K[8] "Z"]
    [0047] DIVK           A=6 B=6 C=16 k=0 Bx=8204 sBx=-57331 Ax=2100230 sJ=-14676985 raw=0x1006031B ; K[16] 100
    [0048] MMBINK         A=6 B=16 C=11 k=0 Bx=5664 sBx=-59871 Ax=1449990 sJ=-15327225 raw=0x0B100330
    [0049] GETFIELD       A=7 B=0 C=7 k=0 Bx=3584 sBx=-61951 Ax=917511 sJ=-15859704 raw=0x0700038E ; R[7] = R[0][K[7] "Y"]
    [0050] UNM            A=7 B=7 C=0 k=0 Bx=14 sBx=-65521 Ax=3591 sJ=-16773624 raw=0x000703B1
    [0051] DIVK           A=7 B=7 C=16 k=0 Bx=8206 sBx=-57329 Ax=2100743 sJ=-14676472 raw=0x1007039B ; K[16] 100
    [0052] MMBINK         A=7 B=16 C=11 k=0 Bx=5664 sBx=-59871 Ax=1449991 sJ=-15327224 raw=0x0B1003B0
    [0053] GETTABUP       A=8 B=0 C=0 k=0 Bx=0 sBx=-65535 Ax=8 sJ=-16777207 raw=0x0000040B ; R[8] = U[0][K[0] "Log"]
    [0054] GETFIELD       A=8 B=8 C=1 k=0 Bx=528 sBx=-65007 Ax=135176 sJ=-16642039 raw=0x0108040E ; R[8] = R[8][K[1] "Debug"]
    [0055] LOADK          A=9 B=8 C=0 k=1 Bx=17 sBx=-65518 Ax=4361 sJ=-16772854 raw=0x00088483 ; R[9] = K[17] "coord"
    [0056] MOVE           A=10 B=5 C=0 k=0 Bx=10 sBx=-65525 Ax=2570 sJ=-16774645 raw=0x00050500
    [0057] MOVE           A=11 B=6 C=0 k=0 Bx=12 sBx=-65523 Ax=3083 sJ=-16774132 raw=0x00060580
    [0058] MOVE           A=12 B=7 C=0 k=0 Bx=14 sBx=-65521 Ax=3596 sJ=-16773619 raw=0x00070600
    [0059] CALL           A=8 B=5 C=1 k=0 Bx=522 sBx=-65013 Ax=133640 sJ=-16643575 raw=0x01050444
    [0060] NEWTABLE       A=8 B=3 C=0 k=0 Bx=6 sBx=-65529 Ax=1544 sJ=-16775671 raw=0x00030413
    [0061] EXTRAARG       A=0 B=0 C=0 k=0 Bx=0 sBx=-65535 Ax=0 sJ=-16777215 raw=0x00000052
    [0062] SETFIELD       A=8 B=18 C=19 k=1 Bx=9765 sBx=-55770 Ax=2499848 sJ=-14277367 raw=0x13128412 ; R[8][K[18] "x"] = R[19]
    [0063] SETFIELD       A=8 B=20 C=19 k=1 Bx=9769 sBx=-55766 Ax=2500872 sJ=-14276343 raw=0x13148412 ; R[8][K[20] "y"] = R[19]
    [0064] SETFIELD       A=8 B=21 C=19 k=1 Bx=9771 sBx=-55764 Ax=2501384 sJ=-14275831 raw=0x13158412 ; R[8][K[21] "z"] = R[19]
    [0065] NEWTABLE       A=9 B=3 C=0 k=0 Bx=6 sBx=-65529 Ax=1545 sJ=-16775670 raw=0x00030493
    [0066] EXTRAARG       A=0 B=0 C=0 k=0 Bx=0 sBx=-65535 Ax=0 sJ=-16777215 raw=0x00000052
    [0067] SETFIELD       A=9 B=18 C=19 k=1 Bx=9765 sBx=-55770 Ax=2499849 sJ=-14277366 raw=0x13128492 ; R[9][K[18] "x"] = R[19]
    [0068] SETFIELD       A=9 B=20 C=19 k=1 Bx=9769 sBx=-55766 Ax=2500873 sJ=-14276342 raw=0x13148492 ; R[9][K[20] "y"] = R[19]
    [0069] SETFIELD       A=9 B=21 C=19 k=1 Bx=9771 sBx=-55764 Ax=2501385 sJ=-14275830 raw=0x13158492 ; R[9][K[21] "z"] = R[19]
    [0070] LOADI          A=10 B=255 C=127 k=1 Bx=65535 sBx=0 Ax=16776970 sJ=-245 raw=0x7FFF8501
    [0071] LOADI          A=11 B=249 C=128 k=1 Bx=66035 sBx=500 Ax=16904971 sJ=127756 raw=0x80F98581
    [0072] MUL            A=12 B=11 C=11 k=0 Bx=5654 sBx=-59881 Ax=1447436 sJ=-15329779 raw=0x0B0B0624
    [0073] MMBIN          A=11 B=11 C=8 k=0 Bx=4118 sBx=-61417 Ax=1054219 sJ=-15722996 raw=0x080B05AE
    [0074] MUL            A=12 B=12 C=11 k=0 Bx=5656 sBx=-59879 Ax=1447948 sJ=-15329267 raw=0x0B0C0624
    [0075] MMBIN          A=12 B=11 C=8 k=0 Bx=4118 sBx=-61417 Ax=1054220 sJ=-15722995 raw=0x080B062E
    [0076] ADDI           A=12 B=12 C=128 k=0 Bx=65560 sBx=25 Ax=16783372 sJ=6157 raw=0x800C0615
    [0077] MMBINI         A=12 B=128 C=6 k=0 Bx=3328 sBx=-62207 Ax=851980 sJ=-15925235 raw=0x0680062F
    [0078] MUL            A=13 B=11 C=11 k=0 Bx=5654 sBx=-59881 Ax=1447437 sJ=-15329778 raw=0x0B0B06A4
    [0079] MMBIN          A=11 B=11 C=8 k=0 Bx=4118 sBx=-61417 Ax=1054219 sJ=-15722996 raw=0x080B05AE
    [0080] MUL            A=13 B=13 C=11 k=0 Bx=5658 sBx=-59877 Ax=1448461 sJ=-15328754 raw=0x0B0D06A4
    [0081] MMBIN          A=13 B=11 C=8 k=0 Bx=4118 sBx=-61417 Ax=1054221 sJ=-15722994 raw=0x080B06AE
    [0082] ADDI           A=13 B=13 C=128 k=0 Bx=65562 sBx=27 Ax=16783885 sJ=6670 raw=0x800D0695
    [0083] MMBINI         A=13 B=128 C=6 k=0 Bx=3328 sBx=-62207 Ax=851981 sJ=-15925234 raw=0x068006AF
    [0084] MUL            A=12 B=12 C=13 k=0 Bx=6680 sBx=-58855 Ax=1710092 sJ=-15067123 raw=0x0D0C0624
    [0085] MMBIN          A=12 B=13 C=8 k=0 Bx=4122 sBx=-61413 Ax=1055244 sJ=-15721971 raw=0x080D062E
    [0086] LOADNIL        A=13 B=0 C=0 k=0 Bx=0 sBx=-65535 Ax=13 sJ=-16777202 raw=0x00000688
    [0087] GETTABUP       A=14 B=0 C=22 k=0 Bx=11264 sBx=-54271 Ax=2883598 sJ=-13893617 raw=0x1600070B ; R[14] = U[0][K[22] "ipairs"]
    [0088] MOVE           A=15 B=3 C=0 k=0 Bx=6 sBx=-65529 Ax=1551 sJ=-16775664 raw=0x00030780
    [0089] CALL           A=14 B=2 C=5 k=0 Bx=2564 sBx=-62971 Ax=656398 sJ=-16120817 raw=0x05020744
    [0090] TFORPREP       A=14 B=28 C=0 k=0 Bx=56 sBx=-65479 Ax=14350 sJ=-16762865 raw=0x001C074B
    [0091] GETI           A=20 B=19 C=1 k=0 Bx=550 sBx=-64985 Ax=140820 sJ=-16636395 raw=0x01130A0D
    [0092] GETI           A=21 B=19 C=2 k=0 Bx=1062 sBx=-64473 Ax=271893 sJ=-16505322 raw=0x02130A8D
    [0093] GETI           A=22 B=19 C=3 k=0 Bx=1574 sBx=-63961 Ax=402966 sJ=-16374249 raw=0x03130B0D
    [0094] SUB            A=23 B=5 C=20 k=0 Bx=10250 sBx=-55285 Ax=2624023 sJ=-14153192 raw=0x14050BA3
    [0095] MMBIN          A=5 B=20 C=7 k=0 Bx=3624 sBx=-61911 Ax=927749 sJ=-15849466 raw=0x071402AE
    [0096] SUB            A=24 B=6 C=21 k=0 Bx=10764 sBx=-54771 Ax=2755608 sJ=-14021607 raw=0x15060C23
    [0097] MMBIN          A=6 B=21 C=7 k=0 Bx=3626 sBx=-61909 Ax=928262 sJ=-15848953 raw=0x0715032E
    [0098] SUB            A=25 B=7 C=22 k=0 Bx=11278 sBx=-54257 Ax=2887193 sJ=-13890022 raw=0x16070CA3
    [0099] MMBIN          A=7 B=22 C=7 k=0 Bx=3628 sBx=-61907 Ax=928775 sJ=-15848440 raw=0x071603AE
    [0100] MUL            A=26 B=23 C=23 k=0 Bx=11822 sBx=-53713 Ax=3026458 sJ=-13750757 raw=0x17170D24
    [0101] MMBIN          A=23 B=23 C=8 k=0 Bx=4142 sBx=-61393 Ax=1060375 sJ=-15716840 raw=0x08170BAE
    [0102] MUL            A=27 B=24 C=24 k=0 Bx=12336 sBx=-53199 Ax=3158043 sJ=-13619172 raw=0x18180DA4
    [0103] MMBIN          A=24 B=24 C=8 k=0 Bx=4144 sBx=-61391 Ax=1060888 sJ=-15716327 raw=0x08180C2E
    [0104] ADD            A=26 B=26 C=27 k=0 Bx=13876 sBx=-51659 Ax=3552282 sJ=-13224933 raw=0x1B1A0D22
    [0105] MMBIN          A=26 B=27 C=6 k=0 Bx=3126 sBx=-62409 Ax=800282 sJ=-15976933 raw=0x061B0D2E
    [0106] MUL            A=27 B=25 C=25 k=0 Bx=12850 sBx=-52685 Ax=3289627 sJ=-13487588 raw=0x19190DA4
    [0107] MMBIN          A=25 B=25 C=8 k=0 Bx=4146 sBx=-61389 Ax=1061401 sJ=-15715814 raw=0x08190CAE
    [0108] ADD            A=26 B=26 C=27 k=0 Bx=13876 sBx=-51659 Ax=3552282 sJ=-13224933 raw=0x1B1A0D22
    [0109] MMBIN          A=26 B=27 C=6 k=0 Bx=3126 sBx=-62409 Ax=800282 sJ=-15976933 raw=0x061B0D2E
    [0110] LT             A=26 B=12 C=0 k=0 Bx=24 sBx=-65511 Ax=6170 sJ=-16771045 raw=0x000C0D3A
    [0111] JMP            A=34 B=0 C=128 k=0 Bx=65536 sBx=1 Ax=16777250 sJ=35 raw=0x80001138
    [0112] MOVE           A=12 B=26 C=0 k=0 Bx=52 sBx=-65483 Ax=13324 sJ=-16763891 raw=0x001A0600
    [0113] GETI           A=27 B=19 C=1 k=0 Bx=550 sBx=-64985 Ax=140827 sJ=-16636388 raw=0x01130D8D
    [0114] SETFIELD       A=8 B=18 C=27 k=0 Bx=13860 sBx=-51675 Ax=3548168 sJ=-13229047 raw=0x1B120412 ; R[8][K[18] "x"] = R[27]
    [0115] GETI           A=27 B=19 C=2 k=0 Bx=1062 sBx=-64473 Ax=271899 sJ=-16505316 raw=0x02130D8D
    [0116] SETFIELD       A=8 B=20 C=27 k=0 Bx=13864 sBx=-51671 Ax=3549192 sJ=-13228023 raw=0x1B140412 ; R[8][K[20] "y"] = R[27]
    [0117] GETI           A=27 B=19 C=3 k=0 Bx=1574 sBx=-63961 Ax=402971 sJ=-16374244 raw=0x03130D8D
    [0118] SETFIELD       A=8 B=21 C=27 k=0 Bx=13866 sBx=-51669 Ax=3549704 sJ=-13227511 raw=0x1B150412 ; R[8][K[21] "z"] = R[27]
    [0119] TEST           A=2 B=0 C=0 k=0 Bx=0 sBx=-65535 Ax=2 sJ=-16777213 raw=0x00000142
    [0120] JMP            A=2 B=0 C=128 k=0 Bx=65536 sBx=1 Ax=16777218 sJ=3 raw=0x80000138
    [0121] LEN            A=27 B=19 C=0 k=0 Bx=38 sBx=-65497 Ax=9755 sJ=-16767460 raw=0x00130DB4
    [0122] LTI            A=27 B=136 C=0 k=0 Bx=272 sBx=-65263 Ax=69659 sJ=-16707556 raw=0x00880DBE
    [0123] JMP            A=11 B=0 C=128 k=0 Bx=65536 sBx=1 Ax=16777227 sJ=12 raw=0x800005B8
    [0124] GETI           A=27 B=19 C=4 k=0 Bx=2086 sBx=-63449 Ax=534043 sJ=-16243172 raw=0x04130D8D
    [0125] SETFIELD       A=9 B=18 C=27 k=0 Bx=13860 sBx=-51675 Ax=3548169 sJ=-13229046 raw=0x1B120492 ; R[9][K[18] "x"] = R[27]
    [0126] GETI           A=27 B=19 C=5 k=0 Bx=2598 sBx=-62937 Ax=665115 sJ=-16112100 raw=0x05130D8D
    [0127] SETFIELD       A=9 B=20 C=27 k=0 Bx=13864 sBx=-51671 Ax=3549193 sJ=-13228022 raw=0x1B140492 ; R[9][K[20] "y"] = R[27]
    [0128] GETI           A=27 B=19 C=6 k=0 Bx=3110 sBx=-62425 Ax=796187 sJ=-15981028 raw=0x06130D8D
    [0129] SETFIELD       A=9 B=21 C=27 k=0 Bx=13866 sBx=-51669 Ax=3549705 sJ=-13227510 raw=0x1B150492 ; R[9][K[21] "z"] = R[27]
    [0130] GETI           A=27 B=19 C=7 k=0 Bx=3622 sBx=-61913 Ax=927259 sJ=-15849956 raw=0x07130D8D
    [0131] TESTSET        A=10 B=27 C=0 k=1 Bx=55 sBx=-65480 Ax=14090 sJ=-16763125 raw=0x001B8543
    [0132] JMP            A=0 B=0 C=128 k=0 Bx=65536 sBx=1 Ax=16777216 sJ=1 raw=0x80000038
    [0133] LOADI          A=10 B=255 C=127 k=1 Bx=65535 sBx=0 Ax=16776970 sJ=-245 raw=0x7FFF8501
    [0134] GETI           A=13 B=19 C=8 k=0 Bx=4134 sBx=-61401 Ax=1058317 sJ=-15718898 raw=0x0813068D
    [0135] JMP            A=10 B=0 C=128 k=0 Bx=65536 sBx=1 Ax=16777226 sJ=11 raw=0x80000538
    [0136] GETI           A=27 B=19 C=9 k=0 Bx=4646 sBx=-60889 Ax=1189403 sJ=-15587812 raw=0x09130D8D
    [0137] SETFIELD       A=9 B=18 C=27 k=0 Bx=13860 sBx=-51675 Ax=3548169 sJ=-13229046 raw=0x1B120492 ; R[9][K[18] "x"] = R[27]
    [0138] GETI           A=27 B=19 C=10 k=0 Bx=5158 sBx=-60377 Ax=1320475 sJ=-15456740 raw=0x0A130D8D
    [0139] SETFIELD       A=9 B=20 C=27 k=0 Bx=13864 sBx=-51671 Ax=3549193 sJ=-13228022 raw=0x1B140492 ; R[9][K[20] "y"] = R[27]
    [0140] GETI           A=27 B=19 C=11 k=0 Bx=5670 sBx=-59865 Ax=1451547 sJ=-15325668 raw=0x0B130D8D
    [0141] SETFIELD       A=9 B=21 C=27 k=0 Bx=13866 sBx=-51669 Ax=3549705 sJ=-13227510 raw=0x1B150492 ; R[9][K[21] "z"] = R[27]
    [0142] GETI           A=27 B=19 C=12 k=0 Bx=6182 sBx=-59353 Ax=1582619 sJ=-15194596 raw=0x0C130D8D
    [0143] TESTSET        A=10 B=27 C=0 k=1 Bx=55 sBx=-65480 Ax=14090 sJ=-16763125 raw=0x001B8543
    [0144] JMP            A=0 B=0 C=128 k=0 Bx=65536 sBx=1 Ax=16777216 sJ=1 raw=0x80000038
    [0145] LOADI          A=10 B=255 C=127 k=1 Bx=65535 sBx=0 Ax=16776970 sJ=-245 raw=0x7FFF8501
    [0146] GETI           A=13 B=19 C=13 k=0 Bx=6694 sBx=-58841 Ax=1713677 sJ=-15063538 raw=0x0D13068D
    [0147] TFORCALL       A=14 B=0 C=2 k=0 Bx=1024 sBx=-64511 Ax=262158 sJ=-16515057 raw=0x0200074C
    [0148] TFORLOOP       A=14 B=29 C=0 k=0 Bx=58 sBx=-65477 Ax=14862 sJ=-16762353 raw=0x001D074D
    [0149] CLOSE          A=14 B=0 C=0 k=0 Bx=0 sBx=-65535 Ax=14 sJ=-16777201 raw=0x00000736
    [0150] GETTABUP       A=14 B=0 C=0 k=0 Bx=0 sBx=-65535 Ax=14 sJ=-16777201 raw=0x0000070B ; R[14] = U[0][K[0] "Log"]
    [0151] GETFIELD       A=14 B=14 C=1 k=0 Bx=540 sBx=-64995 Ax=138254 sJ=-16638961 raw=0x010E070E ; R[14] = R[14][K[1] "Debug"]
    [0152] LOADK          A=15 B=11 C=0 k=1 Bx=23 sBx=-65512 Ax=5903 sJ=-16771312 raw=0x000B8783 ; R[15] = K[23] "DebugQueryData.x,y,z: "
    [0153] GETFIELD       A=16 B=8 C=18 k=0 Bx=9232 sBx=-56303 Ax=2363408 sJ=-14413807 raw=0x1208080E ; R[16] = R[8][K[18] "x"]
    [0154] GETFIELD       A=17 B=8 C=20 k=0 Bx=10256 sBx=-55279 Ax=2625553 sJ=-14151662 raw=0x1408088E ; R[17] = R[8][K[20] "y"]
    [0155] GETFIELD       A=18 B=8 C=21 k=0 Bx=10768 sBx=-54767 Ax=2756626 sJ=-14020589 raw=0x1508090E ; R[18] = R[8][K[21] "z"]
    [0156] CALL           A=14 B=5 C=1 k=0 Bx=522 sBx=-65013 Ax=133646 sJ=-16643569 raw=0x01050744
    [0157] GETTABUP       A=14 B=0 C=0 k=0 Bx=0 sBx=-65535 Ax=14 sJ=-16777201 raw=0x0000070B ; R[14] = U[0][K[0] "Log"]
    [0158] GETFIELD       A=14 B=14 C=1 k=0 Bx=540 sBx=-64995 Ax=138254 sJ=-16638961 raw=0x010E070E ; R[14] = R[14][K[1] "Debug"]
    [0159] LOADK          A=15 B=12 C=0 k=0 Bx=24 sBx=-65511 Ax=6159 sJ=-16771056 raw=0x000C0783 ; R[15] = K[24] "data.x,y,z: "
    [0160] GETFIELD       A=16 B=9 C=18 k=0 Bx=9234 sBx=-56301 Ax=2363920 sJ=-14413295 raw=0x1209080E ; R[16] = R[9][K[18] "x"]
    [0161] GETFIELD       A=17 B=9 C=20 k=0 Bx=10258 sBx=-55277 Ax=2626065 sJ=-14151150 raw=0x1409088E ; R[17] = R[9][K[20] "y"]
    [0162] GETFIELD       A=18 B=9 C=21 k=0 Bx=10770 sBx=-54765 Ax=2757138 sJ=-14020077 raw=0x1509090E ; R[18] = R[9][K[21] "z"]
    [0163] CALL           A=14 B=5 C=1 k=0 Bx=522 sBx=-65013 Ax=133646 sJ=-16643569 raw=0x01050744
    [0164] LOADNIL        A=14 B=0 C=0 k=0 Bx=0 sBx=-65535 Ax=14 sJ=-16777201 raw=0x00000708
    [0165] TEST           A=1 B=0 C=0 k=0 Bx=0 sBx=-65535 Ax=1 sJ=-16777214 raw=0x000000C2
    [0166] JMP            A=10 B=0 C=128 k=0 Bx=65536 sBx=1 Ax=16777226 sJ=11 raw=0x80000538
    [0167] GETTABUP       A=15 B=0 C=4 k=0 Bx=2048 sBx=-63487 Ax=524303 sJ=-16252912 raw=0x0400078B ; R[15] = U[0][K[4] "UE4"]
    [0168] GETFIELD       A=15 B=15 C=5 k=0 Bx=2590 sBx=-62945 Ax=663055 sJ=-16114160 raw=0x050F078E ; R[15] = R[15][K[5] "FVector"]
    [0169] GETFIELD       A=16 B=1 C=25 k=0 Bx=12802 sBx=-52733 Ax=3277328 sJ=-13499887 raw=0x1901080E ; R[16] = R[1][K[25] "Translation"]
    [0170] GETFIELD       A=16 B=16 C=6 k=0 Bx=3104 sBx=-62431 Ax=794640 sJ=-15982575 raw=0x0610080E ; R[16] = R[16][K[6] "X"]
    [0171] GETFIELD       A=17 B=1 C=25 k=0 Bx=12802 sBx=-52733 Ax=3277329 sJ=-13499886 raw=0x1901088E ; R[17] = R[1][K[25] "Translation"]
    [0172] GETFIELD       A=17 B=17 C=7 k=0 Bx=3618 sBx=-61917 Ax=926225 sJ=-15850990 raw=0x0711088E ; R[17] = R[17][K[7] "Y"]
    [0173] GETFIELD       A=18 B=1 C=25 k=0 Bx=12802 sBx=-52733 Ax=3277330 sJ=-13499885 raw=0x1901090E ; R[18] = R[1][K[25] "Translation"]
    [0174] GETFIELD       A=18 B=18 C=8 k=0 Bx=4132 sBx=-61403 Ax=1057810 sJ=-15719405 raw=0x0812090E ; R[18] = R[18][K[8] "Z"]
    [0175] CALL           A=15 B=4 C=2 k=0 Bx=1032 sBx=-64503 Ax=264207 sJ=-16513008 raw=0x020407C4
    [0176] MOVE           A=14 B=15 C=0 k=0 Bx=30 sBx=-65505 Ax=7694 sJ=-16769521 raw=0x000F0700
    [0177] JMP            A=8 B=0 C=128 k=0 Bx=65536 sBx=1 Ax=16777224 sJ=9 raw=0x80000438
    [0178] GETTABUP       A=15 B=0 C=26 k=0 Bx=13312 sBx=-52223 Ax=3407887 sJ=-13369328 raw=0x1A00078B ; R[15] = U[0][K[26] "NRCModeManager"]
    [0179] SELF           A=15 B=15 C=27 k=1 Bx=13855 sBx=-51680 Ax=3546895 sJ=-13230320 raw=0x1B0F8794
    [0180] GETTABUP       A=17 B=0 C=28 k=0 Bx=14336 sBx=-51199 Ax=3670033 sJ=-13107182 raw=0x1C00088B ; R[17] = U[0][K[28] "PlayerModuleCmd"]
    [0181] GETFIELD       A=17 B=17 C=29 k=0 Bx=14882 sBx=-50653 Ax=3809809 sJ=-12967406 raw=0x1D11088E ; R[17] = R[17][K[29] "GET_LOCAL_PLAYER"]
    [0182] CALL           A=15 B=3 C=2 k=0 Bx=1030 sBx=-64505 Ax=263695 sJ=-16513520 raw=0x020307C4
    [0183] GETFIELD       A=16 B=15 C=30 k=0 Bx=15390 sBx=-50145 Ax=3939856 sJ=-12837359 raw=0x1E0F080E ; R[16] = R[15][K[30] "viewObj"]
    [0184] SELF           A=16 B=16 C=31 k=1 Bx=15905 sBx=-49630 Ax=4071696 sJ=-12705519 raw=0x1F108814
    [0185] CALL           A=16 B=2 C=2 k=0 Bx=1028 sBx=-64507 Ax=263184 sJ=-16514031 raw=0x02020844
    [0186] MOVE           A=14 B=16 C=0 k=0 Bx=32 sBx=-65503 Ax=8206 sJ=-16769009 raw=0x00100700
    [0187] GETTABUP       A=15 B=0 C=4 k=0 Bx=2048 sBx=-63487 Ax=524303 sJ=-16252912 raw=0x0400078B ; R[15] = U[0][K[4] "UE4"]
    [0188] GETFIELD       A=15 B=15 C=5 k=0 Bx=2590 sBx=-62945 Ax=663055 sJ=-16114160 raw=0x050F078E ; R[15] = R[15][K[5] "FVector"]
    [0189] GETFIELD       A=16 B=9 C=18 k=0 Bx=9234 sBx=-56301 Ax=2363920 sJ=-14413295 raw=0x1209080E ; R[16] = R[9][K[18] "x"]
    [0190] UNM            A=16 B=16 C=0 k=0 Bx=32 sBx=-65503 Ax=8208 sJ=-16769007 raw=0x00100831
    [0191] MULK           A=16 B=16 C=16 k=0 Bx=8224 sBx=-57311 Ax=2105360 sJ=-14671855 raw=0x10100818 ; K[16] 100
    [0192] MMBINK         A=16 B=16 C=8 k=0 Bx=4128 sBx=-61407 Ax=1056784 sJ=-15720431 raw=0x08100830
    [0193] GETFIELD       A=17 B=9 C=21 k=0 Bx=10770 sBx=-54765 Ax=2757137 sJ=-14020078 raw=0x1509088E ; R[17] = R[9][K[21] "z"]
    [0194] UNM            A=17 B=17 C=0 k=0 Bx=34 sBx=-65501 Ax=8721 sJ=-16768494 raw=0x001108B1
    [0195] MULK           A=17 B=17 C=16 k=0 Bx=8226 sBx=-57309 Ax=2105873 sJ=-14671342 raw=0x10110898 ; K[16] 100
    [0196] MMBINK         A=17 B=16 C=8 k=0 Bx=4128 sBx=-61407 Ax=1056785 sJ=-15720430 raw=0x081008B0
    [0197] GETFIELD       A=18 B=9 C=20 k=0 Bx=10258 sBx=-55277 Ax=2626066 sJ=-14151149 raw=0x1409090E ; R[18] = R[9][K[20] "y"]
    [0198] MULK           A=18 B=18 C=16 k=0 Bx=8228 sBx=-57307 Ax=2106386 sJ=-14670829 raw=0x10120918 ; K[16] 100
    [0199] MMBINK         A=18 B=16 C=8 k=0 Bx=4128 sBx=-61407 Ax=1056786 sJ=-15720429 raw=0x08100930
    [0200] CALL           A=15 B=4 C=2 k=0 Bx=1032 sBx=-64503 Ax=264207 sJ=-16513008 raw=0x020407C4
    [0201] LOADNIL        A=16 B=1 C=0 k=0 Bx=2 sBx=-65533 Ax=528 sJ=-16776687 raw=0x00010808
    [0202] GETTABUP       A=18 B=0 C=0 k=0 Bx=0 sBx=-65535 Ax=18 sJ=-16777197 raw=0x0000090B ; R[18] = U[0][K[0] "Log"]
    [0203] GETFIELD       A=18 B=18 C=1 k=0 Bx=548 sBx=-64987 Ax=140306 sJ=-16636909 raw=0x0112090E ; R[18] = R[18][K[1] "Debug"]
    [0204] LOADK          A=19 B=16 C=0 k=0 Bx=32 sBx=-65503 Ax=8211 sJ=-16769004 raw=0x00100983 ; R[19] = K[32] "extendType"
    [0205] MOVE           A=20 B=13 C=0 k=0 Bx=26 sBx=-65509 Ax=6676 sJ=-16770539 raw=0x000D0A00
    [0206] CALL           A=18 B=3 C=1 k=0 Bx=518 sBx=-65017 Ax=132626 sJ=-16644589 raw=0x01030944
    [0207] EQI            A=13 B=126 C=0 k=1 Bx=253 sBx=-65282 Ax=64781 sJ=-16712434 raw=0x007E86BD
    [0208] JMP            A=65 B=0 C=128 k=0 Bx=65536 sBx=1 Ax=16777281 sJ=66 raw=0x800020B8
    [0209] SUB            A=17 B=0 C=14 k=0 Bx=7168 sBx=-58367 Ax=1835025 sJ=-14942190 raw=0x0E0008A3
    [0210] MMBIN          A=0 B=14 C=7 k=0 Bx=3612 sBx=-61923 Ax=924672 sJ=-15852543 raw=0x070E002E
    [0211] GETTABUP       A=18 B=0 C=4 k=0 Bx=2048 sBx=-63487 Ax=524306 sJ=-16252909 raw=0x0400090B ; R[18] = U[0][K[4] "UE4"]
    [0212] GETFIELD       A=18 B=18 C=5 k=0 Bx=2596 sBx=-62939 Ax=664594 sJ=-16112621 raw=0x0512090E ; R[18] = R[18][K[5] "FVector"]
    [0213] GETFIELD       A=19 B=17 C=6 k=0 Bx=3106 sBx=-62429 Ax=795155 sJ=-15982060 raw=0x0611098E ; R[19] = R[17][K[6] "X"]
    [0214] GETFIELD       A=20 B=17 C=7 k=0 Bx=3618 sBx=-61917 Ax=926228 sJ=-15850987 raw=0x07110A0E ; R[20] = R[17][K[7] "Y"]
    [0215] LOADI          A=21 B=255 C=127 k=1 Bx=65535 sBx=0 Ax=16776981 sJ=-234 raw=0x7FFF8A81
    [0216] CALL           A=18 B=4 C=2 k=0 Bx=1032 sBx=-64503 Ax=264210 sJ=-16513005 raw=0x02040944
    [0217] MOVE           A=17 B=18 C=0 k=0 Bx=36 sBx=-65499 Ax=9233 sJ=-16767982 raw=0x00120880
    [0218] SELF           A=18 B=17 C=33 k=1 Bx=16931 sBx=-48604 Ax=4334354 sJ=-12442861 raw=0x21118914
    [0219] CALL           A=18 B=2 C=1 k=0 Bx=516 sBx=-65019 Ax=132114 sJ=-16645101 raw=0x01020944
    [0220] GETTABUP       A=18 B=0 C=4 k=0 Bx=2048 sBx=-63487 Ax=524306 sJ=-16252909 raw=0x0400090B ; R[18] = U[0][K[4] "UE4"]
    [0221] GETFIELD       A=18 B=18 C=5 k=0 Bx=2596 sBx=-62939 Ax=664594 sJ=-16112621 raw=0x0512090E ; R[18] = R[18][K[5] "FVector"]
    [0222] LOADI          A=19 B=255 C=127 k=1 Bx=65535 sBx=0 Ax=16776979 sJ=-236 raw=0x7FFF8981
    [0223] LOADI          A=20 B=0 C=128 k=0 Bx=65536 sBx=1 Ax=16777236 sJ=21 raw=0x80000A01
    [0224] LOADI          A=21 B=255 C=127 k=1 Bx=65535 sBx=0 Ax=16776981 sJ=-234 raw=0x7FFF8A81
    [0225] CALL           A=18 B=4 C=2 k=0 Bx=1032 sBx=-64503 Ax=264210 sJ=-16513005 raw=0x02040944
    [0226] GETTABUP       A=19 B=0 C=4 k=0 Bx=2048 sBx=-63487 Ax=524307 sJ=-16252908 raw=0x0400098B ; R[19] = U[0][K[4] "UE4"]
    [0227] GETFIELD       A=19 B=19 C=5 k=0 Bx=2598 sBx=-62937 Ax=665107 sJ=-16112108 raw=0x0513098E ; R[19] = R[19][K[5] "FVector"]
    [0228] GETFIELD       A=19 B=19 C=34 k=0 Bx=17446 sBx=-48089 Ax=4466195 sJ=-12311020 raw=0x2213098E ; R[19] = R[19][K[34] "Dot"]
    [0229] MOVE           A=20 B=17 C=0 k=0 Bx=34 sBx=-65501 Ax=8724 sJ=-16768491 raw=0x00110A00
    [0230] MOVE           A=21 B=18 C=0 k=0 Bx=36 sBx=-65499 Ax=9237 sJ=-16767978 raw=0x00120A80
    [0231] CALL           A=19 B=3 C=2 k=0 Bx=1030 sBx=-64505 Ax=263699 sJ=-16513516 raw=0x020309C4
    [0232] MULK           A=20 B=17 C=35 k=0 Bx=17954 sBx=-47581 Ax=4596244 sJ=-12180971 raw=0x23110A18 ; K[35] 250
    [0233] MMBINK         A=17 B=35 C=8 k=0 Bx=4166 sBx=-61369 Ax=1066513 sJ=-15710702 raw=0x082308B0
    [0234] SUB            A=15 B=15 C=20 k=0 Bx=10270 sBx=-55265 Ax=2629135 sJ=-14148080 raw=0x140F07A3
    [0235] MMBIN          A=15 B=20 C=7 k=0 Bx=3624 sBx=-61911 Ax=927759 sJ=-15849456 raw=0x071407AE
    [0236] GETTABUP       A=20 B=0 C=0 k=0 Bx=0 sBx=-65535 Ax=20 sJ=-16777195 raw=0x00000A0B ; R[20] = U[0][K[0] "Log"]
    [0237] GETFIELD       A=20 B=20 C=36 k=0 Bx=18472 sBx=-47063 Ax=4728852 sJ=-12048363 raw=0x24140A0E ; R[20] = R[20][K[36] "Dump"]
    [0238] MOVE           A=21 B=17 C=0 k=0 Bx=34 sBx=-65501 Ax=8725 sJ=-16768490 raw=0x00110A80
    [0239] LOADK          A=22 B=18 C=0 k=1 Bx=37 sBx=-65498 Ax=9494 sJ=-16767721 raw=0x00128B03 ; R[22] = K[37] "forwardvec"
    [0240] CALL           A=20 B=3 C=1 k=0 Bx=518 sBx=-65017 Ax=132628 sJ=-16644587 raw=0x01030A44
    [0241] GETTABUP       A=20 B=0 C=0 k=0 Bx=0 sBx=-65535 Ax=20 sJ=-16777195 raw=0x00000A0B ; R[20] = U[0][K[0] "Log"]
    [0242] GETFIELD       A=20 B=20 C=1 k=0 Bx=552 sBx=-64983 Ax=141332 sJ=-16635883 raw=0x01140A0E ; R[20] = R[20][K[1] "Debug"]
    [0243] GETTABUP       A=21 B=0 C=38 k=0 Bx=19456 sBx=-46079 Ax=4980757 sJ=-11796458 raw=0x26000A8B ; R[21] = U[0][K[38] "math"]
    [0244] GETFIELD       A=21 B=21 C=39 k=0 Bx=20010 sBx=-45525 Ax=5122581 sJ=-11654634 raw=0x27150A8E ; R[21] = R[21][K[39] "deg"]
    [0245] GETTABUP       A=22 B=0 C=38 k=0 Bx=19456 sBx=-46079 Ax=4980758 sJ=-11796457 raw=0x26000B0B ; R[22] = U[0][K[38] "math"]
    [0246] GETFIELD       A=22 B=22 C=40 k=0 Bx=20524 sBx=-45011 Ax=5254166 sJ=-11523049 raw=0x28160B0E ; R[22] = R[22][K[40] "acos"]
    [0247] MOVE           A=23 B=19 C=0 k=0 Bx=38 sBx=-65497 Ax=9751 sJ=-16767464 raw=0x00130B80
    [0248] CALL           A=22 B=2 C=0 k=0 Bx=4 sBx=-65531 Ax=1046 sJ=-16776169 raw=0x00020B44
    [0249] CALL           A=21 B=0 C=0 k=0 Bx=0 sBx=-65535 Ax=21 sJ=-16777194 raw=0x00000AC4
    [0250] CALL           A=20 B=0 C=1 k=0 Bx=512 sBx=-65023 Ax=131092 sJ=-16646123 raw=0x01000A44
    [0251] GETFIELD       A=20 B=17 C=6 k=0 Bx=3106 sBx=-62429 Ax=795156 sJ=-15982059 raw=0x06110A0E ; R[20] = R[17][K[6] "X"]
    [0252] LTI            A=20 B=127 C=0 k=0 Bx=254 sBx=-65281 Ax=65044 sJ=-16712171 raw=0x007F0A3E
    [0253] JMP            A=9 B=0 C=128 k=0 Bx=65536 sBx=1 Ax=16777225 sJ=10 raw=0x800004B8
    [0254] GETTABUP       A=20 B=0 C=38 k=0 Bx=19456 sBx=-46079 Ax=4980756 sJ=-11796459 raw=0x26000A0B ; R[20] = U[0][K[38] "math"]
    [0255] GETFIELD       A=20 B=20 C=39 k=0 Bx=20008 sBx=-45527 Ax=5122068 sJ=-11655147 raw=0x27140A0E ; R[20] = R[20][K[39] "deg"]
    [0256] GETTABUP       A=21 B=0 C=38 k=0 Bx=19456 sBx=-46079 Ax=4980757 sJ=-11796458 raw=0x26000A8B ; R[21] = U[0][K[38] "math"]
    [0257] GETFIELD       A=21 B=21 C=40 k=0 Bx=20522 sBx=-45013 Ax=5253653 sJ=-11523562 raw=0x28150A8E ; R[21] = R[21][K[40] "acos"]
    [0258] MOVE           A=22 B=19 C=0 k=0 Bx=38 sBx=-65497 Ax=9750 sJ=-16767465 raw=0x00130B00
    [0259] CALL           A=21 B=2 C=0 k=0 Bx=4 sBx=-65531 Ax=1045 sJ=-16776170 raw=0x00020AC4
    [0260] CALL           A=20 B=0 C=2 k=0 Bx=1024 sBx=-64511 Ax=262164 sJ=-16515051 raw=0x02000A44
    [0261] ADDK           A=16 B=20 C=41 k=0 Bx=21032 sBx=-44503 Ax=5384208 sJ=-11393007 raw=0x29140816 ; K[41] 180
    [0262] MMBINK         A=20 B=41 C=6 k=0 Bx=3154 sBx=-62381 Ax=807444 sJ=-15969771 raw=0x06290A30
    [0263] JMP            A=17 B=0 C=128 k=0 Bx=65536 sBx=1 Ax=16777233 sJ=18 raw=0x800008B8
    [0264] GETTABUP       A=20 B=0 C=38 k=0 Bx=19456 sBx=-46079 Ax=4980756 sJ=-11796459 raw=0x26000A0B ; R[20] = U[0][K[38] "math"]
    [0265] GETFIELD       A=20 B=20 C=39 k=0 Bx=20008 sBx=-45527 Ax=5122068 sJ=-11655147 raw=0x27140A0E ; R[20] = R[20][K[39] "deg"]
    [0266] GETTABUP       A=21 B=0 C=38 k=0 Bx=19456 sBx=-46079 Ax=4980757 sJ=-11796458 raw=0x26000A8B ; R[21] = U[0][K[38] "math"]
    [0267] GETFIELD       A=21 B=21 C=40 k=0 Bx=20522 sBx=-45013 Ax=5253653 sJ=-11523562 raw=0x28150A8E ; R[21] = R[21][K[40] "acos"]
    [0268] MOVE           A=22 B=19 C=0 k=0 Bx=38 sBx=-65497 Ax=9750 sJ=-16767465 raw=0x00130B00
    [0269] CALL           A=21 B=2 C=0 k=0 Bx=4 sBx=-65531 Ax=1045 sJ=-16776170 raw=0x00020AC4
    [0270] CALL           A=20 B=0 C=2 k=0 Bx=1024 sBx=-64511 Ax=262164 sJ=-16515051 raw=0x02000A44
    [0271] UNM            A=20 B=20 C=0 k=0 Bx=40 sBx=-65495 Ax=10260 sJ=-16766955 raw=0x00140A31
    [0272] ADDK           A=16 B=20 C=41 k=0 Bx=21032 sBx=-44503 Ax=5384208 sJ=-11393007 raw=0x29140816 ; K[41] 180
    [0273] MMBINK         A=20 B=41 C=6 k=0 Bx=3154 sBx=-62381 Ax=807444 sJ=-15969771 raw=0x06290A30
    [0274] JMP            A=6 B=0 C=128 k=0 Bx=65536 sBx=1 Ax=16777222 sJ=7 raw=0x80000338
    [0275] GETTABUP       A=18 B=1 C=42 k=0 Bx=21506 sBx=-44029 Ax=5505554 sJ=-11271661 raw=0x2A01090B ; R[18] = U[1][K[42] "TransAns"]
    [0276] MOVE           A=19 B=14 C=0 k=0 Bx=28 sBx=-65507 Ax=7187 sJ=-16770028 raw=0x000E0980
    [0277] MOVE           A=20 B=15 C=0 k=0 Bx=30 sBx=-65505 Ax=7700 sJ=-16769515 raw=0x000F0A00
    [0278] MOVE           A=21 B=10 C=0 k=0 Bx=20 sBx=-65515 Ax=5141 sJ=-16772074 raw=0x000A0A80
    [0279] CALL           A=18 B=4 C=3 k=0 Bx=1544 sBx=-63991 Ax=395282 sJ=-16381933 raw=0x03040944
    [0280] MOVE           A=16 B=19 C=0 k=0 Bx=38 sBx=-65497 Ax=9744 sJ=-16767471 raw=0x00130800
    [0281] MOVE           A=15 B=18 C=0 k=0 Bx=36 sBx=-65499 Ax=9231 sJ=-16767984 raw=0x00120780
    [0282] GETTABUP       A=18 B=0 C=0 k=0 Bx=0 sBx=-65535 Ax=18 sJ=-16777197 raw=0x0000090B ; R[18] = U[0][K[0] "Log"]
    [0283] GETFIELD       A=18 B=18 C=1 k=0 Bx=548 sBx=-64987 Ax=140306 sJ=-16636909 raw=0x0112090E ; R[18] = R[18][K[1] "Debug"]
    [0284] LOADK          A=19 B=21 C=0 k=1 Bx=43 sBx=-65492 Ax=11027 sJ=-16766188 raw=0x00158983 ; R[19] = K[43] "ans"
    [0285] GETFIELD       A=20 B=15 C=6 k=0 Bx=3102 sBx=-62433 Ax=794132 sJ=-15983083 raw=0x060F0A0E ; R[20] = R[15][K[6] "X"]
    [0286] GETFIELD       A=21 B=15 C=7 k=0 Bx=3614 sBx=-61921 Ax=925205 sJ=-15852010 raw=0x070F0A8E ; R[21] = R[15][K[7] "Y"]
    [0287] GETFIELD       A=22 B=15 C=8 k=0 Bx=4126 sBx=-61409 Ax=1056278 sJ=-15720937 raw=0x080F0B0E ; R[22] = R[15][K[8] "Z"]
    [0288] CALL           A=18 B=5 C=1 k=0 Bx=522 sBx=-65013 Ax=133650 sJ=-16643565 raw=0x01050944
    [0289] TEST           A=4 B=0 C=0 k=1 Bx=1 sBx=-65534 Ax=260 sJ=-16776955 raw=0x00008242
    [0290] JMP            A=2 B=0 C=128 k=0 Bx=65536 sBx=1 Ax=16777218 sJ=3 raw=0x80000138
    [0291] GETTABUP       A=18 B=1 C=3 k=0 Bx=1538 sBx=-63997 Ax=393746 sJ=-16383469 raw=0x0301090B ; R[18] = U[1][K[3] "debugBattlePointLine"]
    [0292] TEST           A=18 B=0 C=0 k=0 Bx=0 sBx=-65535 Ax=18 sJ=-16777197 raw=0x00000942
    [0293] JMP            A=31 B=0 C=128 k=0 Bx=65536 sBx=1 Ax=16777247 sJ=32 raw=0x80000FB8
    [0294] GETTABUP       A=18 B=0 C=4 k=0 Bx=2048 sBx=-63487 Ax=524306 sJ=-16252909 raw=0x0400090B ; R[18] = U[0][K[4] "UE4"]
    [0295] GETFIELD       A=18 B=18 C=5 k=0 Bx=2596 sBx=-62939 Ax=664594 sJ=-16112621 raw=0x0512090E ; R[18] = R[18][K[5] "FVector"]
    [0296] GETFIELD       A=19 B=15 C=6 k=0 Bx=3102 sBx=-62433 Ax=794131 sJ=-15983084 raw=0x060F098E ; R[19] = R[15][K[6] "X"]
    [0297] GETFIELD       A=20 B=15 C=7 k=0 Bx=3614 sBx=-61921 Ax=925204 sJ=-15852011 raw=0x070F0A0E ; R[20] = R[15][K[7] "Y"]
    [0298] GETFIELD       A=21 B=15 C=8 k=0 Bx=4126 sBx=-61409 Ax=1056277 sJ=-15720938 raw=0x080F0A8E ; R[21] = R[15][K[8] "Z"]
    [0299] CALL           A=18 B=4 C=2 k=0 Bx=1032 sBx=-64503 Ax=264210 sJ=-16513005 raw=0x02040944
    [0300] GETTABUP       A=19 B=0 C=4 k=0 Bx=2048 sBx=-63487 Ax=524307 sJ=-16252908 raw=0x0400098B ; R[19] = U[0][K[4] "UE4"]
    [0301] GETFIELD       A=19 B=19 C=5 k=0 Bx=2598 sBx=-62937 Ax=665107 sJ=-16112108 raw=0x0513098E ; R[19] = R[19][K[5] "FVector"]
    [0302] GETFIELD       A=20 B=15 C=6 k=0 Bx=3102 sBx=-62433 Ax=794132 sJ=-15983083 raw=0x060F0A0E ; R[20] = R[15][K[6] "X"]
    [0303] GETFIELD       A=21 B=15 C=7 k=0 Bx=3614 sBx=-61921 Ax=925205 sJ=-15852010 raw=0x070F0A8E ; R[21] = R[15][K[7] "Y"]
    [0304] GETFIELD       A=22 B=15 C=8 k=0 Bx=4126 sBx=-61409 Ax=1056278 sJ=-15720937 raw=0x080F0B0E ; R[22] = R[15][K[8] "Z"]
    [0305] ADDK           A=22 B=22 C=9 k=0 Bx=4652 sBx=-60883 Ax=1190934 sJ=-15586281 raw=0x09160B16 ; K[9] 10000
    [0306] MMBINK         A=22 B=9 C=6 k=0 Bx=3090 sBx=-62445 Ax=791062 sJ=-15986153 raw=0x06090B30
    [0307] CALL           A=19 B=4 C=2 k=0 Bx=1032 sBx=-64503 Ax=264211 sJ=-16513004 raw=0x020409C4
    [0308] GETTABUP       A=20 B=0 C=4 k=0 Bx=2048 sBx=-63487 Ax=524308 sJ=-16252907 raw=0x04000A0B ; R[20] = U[0][K[4] "UE4"]
    [0309] GETFIELD       A=20 B=20 C=10 k=0 Bx=5160 sBx=-60375 Ax=1320980 sJ=-15456235 raw=0x0A140A0E ; R[20] = R[20][K[10] "UKismetSystemLibrary"]
    [0310] GETFIELD       A=20 B=20 C=11 k=0 Bx=5672 sBx=-59863 Ax=1452052 sJ=-15325163 raw=0x0B140A0E ; R[20] = R[20][K[11] "Abs_DrawDebugLine"]
    [0311] GETTABUP       A=21 B=0 C=12 k=0 Bx=6144 sBx=-59391 Ax=1572885 sJ=-15204330 raw=0x0C000A8B ; R[21] = U[0][K[12] "_G"]
    [0312] GETFIELD       A=21 B=21 C=13 k=0 Bx=6698 sBx=-58837 Ax=1714709 sJ=-15062506 raw=0x0D150A8E ; R[21] = R[21][K[13] "UE4Helper"]
    [0313] GETFIELD       A=21 B=21 C=14 k=0 Bx=7210 sBx=-58325 Ax=1845781 sJ=-14931434 raw=0x0E150A8E ; R[21] = R[21][K[14] "GetCurrentWorld"]
    [0314] CALL           A=21 B=1 C=2 k=0 Bx=1026 sBx=-64509 Ax=262677 sJ=-16514538 raw=0x02010AC4
    [0315] MOVE           A=22 B=18 C=0 k=0 Bx=36 sBx=-65499 Ax=9238 sJ=-16767977 raw=0x00120B00
    [0316] MOVE           A=23 B=19 C=0 k=0 Bx=38 sBx=-65497 Ax=9751 sJ=-16767464 raw=0x00130B80
    [0317] GETTABUP       A=24 B=0 C=4 k=0 Bx=2048 sBx=-63487 Ax=524312 sJ=-16252903 raw=0x04000C0B ; R[24] = U[0][K[4] "UE4"]
    [0318] GETFIELD       A=24 B=24 C=15 k=0 Bx=7728 sBx=-57807 Ax=1978392 sJ=-14798823 raw=0x0F180C0E ; R[24] = R[24][K[15] "FLinearColor"]
    [0319] LOADI          A=25 B=0 C=128 k=0 Bx=65536 sBx=1 Ax=16777241 sJ=26 raw=0x80000C81
    [0320] LOADI          A=26 B=255 C=127 k=1 Bx=65535 sBx=0 Ax=16776986 sJ=-229 raw=0x7FFF8D01
    [0321] LOADI          A=27 B=255 C=127 k=1 Bx=65535 sBx=0 Ax=16776987 sJ=-228 raw=0x7FFF8D81
    [0322] LOADI          A=28 B=0 C=128 k=0 Bx=65536 sBx=1 Ax=16777244 sJ=29 raw=0x80000E01
    [0323] CALL           A=24 B=5 C=2 k=0 Bx=1034 sBx=-64501 Ax=264728 sJ=-16512487 raw=0x02050C44
    [0324] LOADI          A=25 B=49 C=128 k=1 Bx=65635 sBx=100 Ax=16802585 sJ=25370 raw=0x80318C81
    [0325] CALL           A=20 B=6 C=1 k=0 Bx=524 sBx=-65011 Ax=134164 sJ=-16643051 raw=0x01060A44
    [0326] GETTABUP       A=18 B=0 C=4 k=0 Bx=2048 sBx=-63487 Ax=524306 sJ=-16252909 raw=0x0400090B ; R[18] = U[0][K[4] "UE4"]
    [0327] GETFIELD       A=18 B=18 C=5 k=0 Bx=2596 sBx=-62939 Ax=664594 sJ=-16112621 raw=0x0512090E ; R[18] = R[18][K[5] "FVector"]
    [0328] GETFIELD       A=19 B=0 C=6 k=0 Bx=3072 sBx=-62463 Ax=786451 sJ=-15990764 raw=0x0600098E ; R[19] = R[0][K[6] "X"]
    [0329] GETFIELD       A=20 B=0 C=7 k=0 Bx=3584 sBx=-61951 Ax=917524 sJ=-15859691 raw=0x07000A0E ; R[20] = R[0][K[7] "Y"]
    [0330] GETFIELD       A=21 B=0 C=8 k=0 Bx=4096 sBx=-61439 Ax=1048597 sJ=-15728618 raw=0x08000A8E ; R[21] = R[0][K[8] "Z"]
    [0331] CALL           A=18 B=4 C=2 k=0 Bx=1032 sBx=-64503 Ax=264210 sJ=-16513005 raw=0x02040944
    [0332] SETTABUP       A=1 B=44 C=18 k=0 Bx=9304 sBx=-56231 Ax=2381825 sJ=-14395390 raw=0x122C008F
    [0333] GETTABUP       A=18 B=0 C=4 k=0 Bx=2048 sBx=-63487 Ax=524306 sJ=-16252909 raw=0x0400090B ; R[18] = U[0][K[4] "UE4"]
    [0334] GETFIELD       A=18 B=18 C=5 k=0 Bx=2596 sBx=-62939 Ax=664594 sJ=-16112621 raw=0x0512090E ; R[18] = R[18][K[5] "FVector"]
    [0335] GETFIELD       A=19 B=15 C=6 k=0 Bx=3102 sBx=-62433 Ax=794131 sJ=-15983084 raw=0x060F098E ; R[19] = R[15][K[6] "X"]
    [0336] GETFIELD       A=20 B=15 C=7 k=0 Bx=3614 sBx=-61921 Ax=925204 sJ=-15852011 raw=0x070F0A0E ; R[20] = R[15][K[7] "Y"]
    [0337] GETFIELD       A=21 B=15 C=8 k=0 Bx=4126 sBx=-61409 Ax=1056277 sJ=-15720938 raw=0x080F0A8E ; R[21] = R[15][K[8] "Z"]
    [0338] CALL           A=18 B=4 C=2 k=0 Bx=1032 sBx=-64503 Ax=264210 sJ=-16513005 raw=0x02040944
    [0339] SETTABUP       A=1 B=45 C=18 k=0 Bx=9306 sBx=-56229 Ax=2382337 sJ=-14394878 raw=0x122D008F
    [0340] SETTABUP       A=1 B=46 C=16 k=0 Bx=8284 sBx=-57251 Ax=2120705 sJ=-14656510 raw=0x102E008F
    [0341] SETTABUP       A=1 B=47 C=16 k=0 Bx=8286 sBx=-57249 Ax=2121217 sJ=-14655998 raw=0x102F008F
    [0342] MOVE           A=18 B=15 C=0 k=0 Bx=30 sBx=-65505 Ax=7698 sJ=-16769517 raw=0x000F0900
    [0343] MOVE           A=19 B=16 C=0 k=0 Bx=32 sBx=-65503 Ax=8211 sJ=-16769004 raw=0x00100980
    [0344] LOADTRUE       A=20 B=0 C=0 k=0 Bx=0 sBx=-65535 Ax=20 sJ=-16777195 raw=0x00000A07
    [0345] RETURN         A=18 B=4 C=0 k=1 Bx=9 sBx=-65526 Ax=2322 sJ=-16774893 raw=0x00048946
    [0346] RETURN         A=18 B=1 C=0 k=1 Bx=3 sBx=-65532 Ax=786 sJ=-16776429 raw=0x00018946

  function[9] source="" lines=673-724 params=1 vararg=0 stack=255 upvalues=3
  constants (19):
    K[0] = "BattleManager"
    K[1] = "battlePawnManager"
    K[2] = "GetTeamPet"
    K[3] = "BattleEnum"
    K[4] = "Team"
    K[5] = "ENUM_TEAM"
    K[6] = "ENUM_ENEMY"
    K[7] = "model"
    K[8] = "SetActorEnableCollision"
    K[9] = "Abs_K2_GetActorLocation"
    K[10] = "GetPosInNearLand"
    K[11] = "X"
    K[12] = "Y"
    K[13] = "Z"
    K[14] = "UE4"
    K[15] = "UKismetMathLibrary"
    K[16] = "GetYawPitchFromVector"
    K[17] = "DebugSegmentBox"
    K[18] = "GetHalfHeight"
  upvalues (3):
    U[0] = instack=0 idx=0 kind=1 name="_ENV"
    U[1] = instack=3 idx=0 kind=1 name="SceneUtils"
    U[2] = instack=4 idx=0 kind=20 name="DebugUtils"
  locals (16):
    L[0] = "debug" pc=0-148
    L[1] = "pet" pc=11-148
    L[2] = "enemyPet" pc=19-148
    L[3] = "oldCollision" pc=20-148
    L[4] = "p1" pc=33-148
    L[5] = "p2" pc=48-148
    L[6] = "xx" pc=64-148
    L[7] = "yy" pc=68-148
    L[8] = "zzl" pc=72-148
    L[9] = "divl" pc=82-148
    L[10] = "yaw" pc=88-148
    L[11] = "pitch1" pc=88-148
    L[12] = "zzc" pc=110-148
    L[13] = "divc" pc=120-148
    L[14] = "yaw" pc=126-148
    L[15] = "pitch2" pc=126-148
  instructions (148):
    [0001] TEST           A=0 B=0 C=0 k=1 Bx=1 sBx=-65534 Ax=256 sJ=-16776959 raw=0x00008042
    [0002] JMP            A=0 B=0 C=128 k=0 Bx=65536 sBx=1 Ax=16777216 sJ=1 raw=0x80000038
    [0003] LOADTRUE       A=0 B=0 C=0 k=0 Bx=0 sBx=-65535 Ax=0 sJ=-16777215 raw=0x00000007
    [0004] GETTABUP       A=1 B=0 C=0 k=0 Bx=0 sBx=-65535 Ax=1 sJ=-16777214 raw=0x0000008B ; R[1] = U[0][K[0] "BattleManager"]
    [0005] GETFIELD       A=1 B=1 C=1 k=0 Bx=514 sBx=-65021 Ax=131585 sJ=-16645630 raw=0x0101008E ; R[1] = R[1][K[1] "battlePawnManager"]
    [0006] SELF           A=1 B=1 C=2 k=1 Bx=1027 sBx=-64508 Ax=262913 sJ=-16514302 raw=0x02018094
    [0007] GETTABUP       A=3 B=0 C=3 k=0 Bx=1536 sBx=-63999 Ax=393219 sJ=-16383996 raw=0x0300018B ; R[3] = U[0][K[3] "BattleEnum"]
    [0008] GETFIELD       A=3 B=3 C=4 k=0 Bx=2054 sBx=-63481 Ax=525827 sJ=-16251388 raw=0x0403018E ; R[3] = R[3][K[4] "Team"]
    [0009] GETFIELD       A=3 B=3 C=5 k=0 Bx=2566 sBx=-62969 Ax=656899 sJ=-16120316 raw=0x0503018E ; R[3] = R[3][K[5] "ENUM_TEAM"]
    [0010] LOADI          A=4 B=0 C=128 k=0 Bx=65536 sBx=1 Ax=16777220 sJ=5 raw=0x80000201
    [0011] CALL           A=1 B=4 C=2 k=0 Bx=1032 sBx=-64503 Ax=264193 sJ=-16513022 raw=0x020400C4
    [0012] GETTABUP       A=2 B=0 C=0 k=0 Bx=0 sBx=-65535 Ax=2 sJ=-16777213 raw=0x0000010B ; R[2] = U[0][K[0] "BattleManager"]
    [0013] GETFIELD       A=2 B=2 C=1 k=0 Bx=516 sBx=-65019 Ax=132098 sJ=-16645117 raw=0x0102010E ; R[2] = R[2][K[1] "battlePawnManager"]
    [0014] SELF           A=2 B=2 C=2 k=1 Bx=1029 sBx=-64506 Ax=263426 sJ=-16513789 raw=0x02028114
    [0015] GETTABUP       A=4 B=0 C=3 k=0 Bx=1536 sBx=-63999 Ax=393220 sJ=-16383995 raw=0x0300020B ; R[4] = U[0][K[3] "BattleEnum"]
    [0016] GETFIELD       A=4 B=4 C=4 k=0 Bx=2056 sBx=-63479 Ax=526340 sJ=-16250875 raw=0x0404020E ; R[4] = R[4][K[4] "Team"]
    [0017] GETFIELD       A=4 B=4 C=6 k=0 Bx=3080 sBx=-62455 Ax=788484 sJ=-15988731 raw=0x0604020E ; R[4] = R[4][K[6] "ENUM_ENEMY"]
    [0018] LOADI          A=5 B=0 C=128 k=0 Bx=65536 sBx=1 Ax=16777221 sJ=6 raw=0x80000281
    [0019] CALL           A=2 B=4 C=2 k=0 Bx=1032 sBx=-64503 Ax=264194 sJ=-16513021 raw=0x02040144
    [0020] LOADTRUE       A=3 B=0 C=0 k=0 Bx=0 sBx=-65535 Ax=3 sJ=-16777212 raw=0x00000187
    [0021] TEST           A=3 B=0 C=0 k=0 Bx=0 sBx=-65535 Ax=3 sJ=-16777212 raw=0x000001C2
    [0022] JMP            A=7 B=0 C=128 k=0 Bx=65536 sBx=1 Ax=16777223 sJ=8 raw=0x800003B8
    [0023] GETFIELD       A=4 B=1 C=7 k=0 Bx=3586 sBx=-61949 Ax=918020 sJ=-15859195 raw=0x0701020E ; R[4] = R[1][K[7] "model"]
    [0024] SELF           A=4 B=4 C=8 k=1 Bx=4105 sBx=-61430 Ax=1050884 sJ=-15726331 raw=0x08048214
    [0025] LOADFALSE      A=6 B=0 C=0 k=0 Bx=0 sBx=-65535 Ax=6 sJ=-16777209 raw=0x00000305
    [0026] CALL           A=4 B=3 C=1 k=0 Bx=518 sBx=-65017 Ax=132612 sJ=-16644603 raw=0x01030244
    [0027] GETFIELD       A=4 B=2 C=7 k=0 Bx=3588 sBx=-61947 Ax=918532 sJ=-15858683 raw=0x0702020E ; R[4] = R[2][K[7] "model"]
    [0028] SELF           A=4 B=4 C=8 k=1 Bx=4105 sBx=-61430 Ax=1050884 sJ=-15726331 raw=0x08048214
    [0029] LOADFALSE      A=6 B=0 C=0 k=0 Bx=0 sBx=-65535 Ax=6 sJ=-16777209 raw=0x00000305
    [0030] CALL           A=4 B=3 C=1 k=0 Bx=518 sBx=-65017 Ax=132612 sJ=-16644603 raw=0x01030244
    [0031] GETFIELD       A=4 B=1 C=7 k=0 Bx=3586 sBx=-61949 Ax=918020 sJ=-15859195 raw=0x0701020E ; R[4] = R[1][K[7] "model"]
    [0032] SELF           A=4 B=4 C=9 k=1 Bx=4617 sBx=-60918 Ax=1181956 sJ=-15595259 raw=0x09048214
    [0033] CALL           A=4 B=2 C=2 k=0 Bx=1028 sBx=-64507 Ax=263172 sJ=-16514043 raw=0x02020244
    [0034] GETTABUP       A=5 B=1 C=10 k=0 Bx=5122 sBx=-60413 Ax=1311237 sJ=-15465978 raw=0x0A01028B ; R[5] = U[1][K[10] "GetPosInNearLand"]
    [0035] MOVE           A=6 B=4 C=0 k=0 Bx=8 sBx=-65527 Ax=2054 sJ=-16775161 raw=0x00040300
    [0036] LOADI          A=7 B=255 C=127 k=1 Bx=65535 sBx=0 Ax=16776967 sJ=-248 raw=0x7FFF8381
    [0037] LOADNIL        A=8 B=0 C=0 k=0 Bx=0 sBx=-65535 Ax=8 sJ=-16777207 raw=0x00000408
    [0038] NEWTABLE       A=9 B=0 C=2 k=0 Bx=1024 sBx=-64511 Ax=262153 sJ=-16515062 raw=0x02000493
    [0039] EXTRAARG       A=0 B=0 C=0 k=0 Bx=0 sBx=-65535 Ax=0 sJ=-16777215 raw=0x00000052
    [0040] MOVE           A=10 B=1 C=0 k=0 Bx=2 sBx=-65533 Ax=522 sJ=-16776693 raw=0x00010500
    [0041] MOVE           A=11 B=2 C=0 k=0 Bx=4 sBx=-65531 Ax=1035 sJ=-16776180 raw=0x00020580
    [0042] SETLIST        A=9 B=2 C=0 k=0 Bx=4 sBx=-65531 Ax=1033 sJ=-16776182 raw=0x000204CE
    [0043] CALL           A=5 B=5 C=2 k=0 Bx=1034 sBx=-64501 Ax=264709 sJ=-16512506 raw=0x020502C4
    [0044] TESTSET        A=4 B=5 C=0 k=1 Bx=11 sBx=-65524 Ax=2820 sJ=-16774395 raw=0x00058243
    [0045] JMP            A=255 B=255 C=127 k=1 Bx=65535 sBx=0 Ax=16777215 sJ=0 raw=0x7FFFFFB8
    [0046] GETFIELD       A=5 B=2 C=7 k=0 Bx=3588 sBx=-61947 Ax=918533 sJ=-15858682 raw=0x0702028E ; R[5] = R[2][K[7] "model"]
    [0047] SELF           A=5 B=5 C=9 k=1 Bx=4619 sBx=-60916 Ax=1182469 sJ=-15594746 raw=0x09058294
    [0048] CALL           A=5 B=2 C=2 k=0 Bx=1028 sBx=-64507 Ax=263173 sJ=-16514042 raw=0x020202C4
    [0049] GETTABUP       A=6 B=1 C=10 k=0 Bx=5122 sBx=-60413 Ax=1311238 sJ=-15465977 raw=0x0A01030B ; R[6] = U[1][K[10] "GetPosInNearLand"]
    [0050] MOVE           A=7 B=5 C=0 k=0 Bx=10 sBx=-65525 Ax=2567 sJ=-16774648 raw=0x00050380
    [0051] LOADI          A=8 B=255 C=127 k=1 Bx=65535 sBx=0 Ax=16776968 sJ=-247 raw=0x7FFF8401
    [0052] LOADNIL        A=9 B=0 C=0 k=0 Bx=0 sBx=-65535 Ax=9 sJ=-16777206 raw=0x00000488
    [0053] NEWTABLE       A=10 B=0 C=2 k=0 Bx=1024 sBx=-64511 Ax=262154 sJ=-16515061 raw=0x02000513
    [0054] EXTRAARG       A=0 B=0 C=0 k=0 Bx=0 sBx=-65535 Ax=0 sJ=-16777215 raw=0x00000052
    [0055] MOVE           A=11 B=1 C=0 k=0 Bx=2 sBx=-65533 Ax=523 sJ=-16776692 raw=0x00010580
    [0056] MOVE           A=12 B=2 C=0 k=0 Bx=4 sBx=-65531 Ax=1036 sJ=-16776179 raw=0x00020600
    [0057] SETLIST        A=10 B=2 C=0 k=0 Bx=4 sBx=-65531 Ax=1034 sJ=-16776181 raw=0x0002054E
    [0058] CALL           A=6 B=5 C=2 k=0 Bx=1034 sBx=-64501 Ax=264710 sJ=-16512505 raw=0x02050344
    [0059] TESTSET        A=5 B=6 C=0 k=1 Bx=13 sBx=-65522 Ax=3333 sJ=-16773882 raw=0x000682C3
    [0060] JMP            A=255 B=255 C=127 k=1 Bx=65535 sBx=0 Ax=16777215 sJ=0 raw=0x7FFFFFB8
    [0061] GETFIELD       A=6 B=4 C=11 k=0 Bx=5640 sBx=-59895 Ax=1443846 sJ=-15333369 raw=0x0B04030E ; R[6] = R[4][K[11] "X"]
    [0062] GETFIELD       A=7 B=5 C=11 k=0 Bx=5642 sBx=-59893 Ax=1444359 sJ=-15332856 raw=0x0B05038E ; R[7] = R[5][K[11] "X"]
    [0063] SUB            A=6 B=6 C=7 k=0 Bx=3596 sBx=-61939 Ax=920582 sJ=-15856633 raw=0x07060323
    [0064] MMBIN          A=6 B=7 C=7 k=0 Bx=3598 sBx=-61937 Ax=921094 sJ=-15856121 raw=0x0707032E
    [0065] GETFIELD       A=7 B=4 C=12 k=0 Bx=6152 sBx=-59383 Ax=1574919 sJ=-15202296 raw=0x0C04038E ; R[7] = R[4][K[12] "Y"]
    [0066] GETFIELD       A=8 B=5 C=12 k=0 Bx=6154 sBx=-59381 Ax=1575432 sJ=-15201783 raw=0x0C05040E ; R[8] = R[5][K[12] "Y"]
    [0067] SUB            A=7 B=7 C=8 k=0 Bx=4110 sBx=-61425 Ax=1052167 sJ=-15725048 raw=0x080703A3
    [0068] MMBIN          A=7 B=8 C=7 k=0 Bx=3600 sBx=-61935 Ax=921607 sJ=-15855608 raw=0x070803AE
    [0069] GETFIELD       A=8 B=4 C=13 k=0 Bx=6664 sBx=-58871 Ax=1705992 sJ=-15071223 raw=0x0D04040E ; R[8] = R[4][K[13] "Z"]
    [0070] GETFIELD       A=9 B=5 C=13 k=0 Bx=6666 sBx=-58869 Ax=1706505 sJ=-15070710 raw=0x0D05048E ; R[9] = R[5][K[13] "Z"]
    [0071] SUB            A=8 B=8 C=9 k=0 Bx=4624 sBx=-60911 Ax=1183752 sJ=-15593463 raw=0x09080423
    [0072] MMBIN          A=8 B=9 C=7 k=0 Bx=3602 sBx=-61933 Ax=922120 sJ=-15855095 raw=0x0709042E
    [0073] MUL            A=9 B=8 C=8 k=0 Bx=4112 sBx=-61423 Ax=1052681 sJ=-15724534 raw=0x080804A4
    [0074] MMBIN          A=8 B=8 C=8 k=0 Bx=4112 sBx=-61423 Ax=1052680 sJ=-15724535 raw=0x0808042E
    [0075] MUL            A=10 B=6 C=6 k=0 Bx=3084 sBx=-62451 Ax=789514 sJ=-15987701 raw=0x06060524
    [0076] MMBIN          A=6 B=6 C=8 k=0 Bx=4108 sBx=-61427 Ax=1051654 sJ=-15725561 raw=0x0806032E
    [0077] MUL            A=11 B=7 C=7 k=0 Bx=3598 sBx=-61937 Ax=921099 sJ=-15856116 raw=0x070705A4
    [0078] MMBIN          A=7 B=7 C=8 k=0 Bx=4110 sBx=-61425 Ax=1052167 sJ=-15725048 raw=0x080703AE
    [0079] ADD            A=10 B=10 C=11 k=0 Bx=5652 sBx=-59883 Ax=1446922 sJ=-15330293 raw=0x0B0A0522
    [0080] MMBIN          A=10 B=11 C=6 k=0 Bx=3094 sBx=-62441 Ax=792074 sJ=-15985141 raw=0x060B052E
    [0081] DIV            A=9 B=9 C=10 k=0 Bx=5138 sBx=-60397 Ax=1315337 sJ=-15461878 raw=0x0A0904A7
    [0082] MMBIN          A=9 B=10 C=11 k=0 Bx=5652 sBx=-59883 Ax=1446921 sJ=-15330294 raw=0x0B0A04AE
    [0083] GETTABUP       A=10 B=0 C=14 k=0 Bx=7168 sBx=-58367 Ax=1835018 sJ=-14942197 raw=0x0E00050B ; R[10] = U[0][K[14] "UE4"]
    [0084] GETFIELD       A=10 B=10 C=15 k=0 Bx=7700 sBx=-57835 Ax=1971210 sJ=-14806005 raw=0x0F0A050E ; R[10] = R[10][K[15] "UKismetMathLibrary"]
    [0085] GETFIELD       A=10 B=10 C=16 k=0 Bx=8212 sBx=-57323 Ax=2102282 sJ=-14674933 raw=0x100A050E ; R[10] = R[10][K[16] "GetYawPitchFromVector"]
    [0086] SUB            A=11 B=4 C=5 k=0 Bx=2568 sBx=-62967 Ax=657419 sJ=-16119796 raw=0x050405A3
    [0087] MMBIN          A=4 B=5 C=7 k=0 Bx=3594 sBx=-61941 Ax=920068 sJ=-15857147 raw=0x0705022E
    [0088] CALL           A=10 B=2 C=3 k=0 Bx=1540 sBx=-63995 Ax=394250 sJ=-16382965 raw=0x03020544
    [0089] TEST           A=0 B=0 C=0 k=0 Bx=0 sBx=-65535 Ax=0 sJ=-16777215 raw=0x00000042
    [0090] JMP            A=3 B=0 C=128 k=0 Bx=65536 sBx=1 Ax=16777219 sJ=4 raw=0x800001B8
    [0091] GETTABUP       A=12 B=2 C=17 k=0 Bx=8708 sBx=-56827 Ax=2229260 sJ=-14547955 raw=0x1102060B ; R[12] = U[2][K[17] "DebugSegmentBox"]
    [0092] MOVE           A=13 B=4 C=0 k=0 Bx=8 sBx=-65527 Ax=2061 sJ=-16775154 raw=0x00040680
    [0093] MOVE           A=14 B=5 C=0 k=0 Bx=10 sBx=-65525 Ax=2574 sJ=-16774641 raw=0x00050700
    [0094] CALL           A=12 B=3 C=1 k=0 Bx=518 sBx=-65017 Ax=132620 sJ=-16644595 raw=0x01030644
    [0095] GETFIELD       A=12 B=4 C=13 k=0 Bx=6664 sBx=-58871 Ax=1705996 sJ=-15071219 raw=0x0D04060E ; R[12] = R[4][K[13] "Z"]
    [0096] SELF           A=13 B=1 C=18 k=1 Bx=9219 sBx=-56316 Ax=2360077 sJ=-14417138 raw=0x12018694
    [0097] CALL           A=13 B=2 C=2 k=0 Bx=1028 sBx=-64507 Ax=263181 sJ=-16514034 raw=0x020206C4
    [0098] ADD            A=12 B=12 C=13 k=0 Bx=6680 sBx=-58855 Ax=1710092 sJ=-15067123 raw=0x0D0C0622
    [0099] MMBIN          A=12 B=13 C=6 k=0 Bx=3098 sBx=-62437 Ax=793100 sJ=-15984115 raw=0x060D062E
    [0100] SETFIELD       A=4 B=13 C=12 k=0 Bx=6170 sBx=-59365 Ax=1579524 sJ=-15197691 raw=0x0C0D0212 ; R[4][K[13] "Z"] = R[12]
    [0101] GETFIELD       A=12 B=5 C=13 k=0 Bx=6666 sBx=-58869 Ax=1706508 sJ=-15070707 raw=0x0D05060E ; R[12] = R[5][K[13] "Z"]
    [0102] SELF           A=13 B=2 C=18 k=1 Bx=9221 sBx=-56314 Ax=2360589 sJ=-14416626 raw=0x12028694
    [0103] CALL           A=13 B=2 C=2 k=0 Bx=1028 sBx=-64507 Ax=263181 sJ=-16514034 raw=0x020206C4
    [0104] ADD            A=12 B=12 C=13 k=0 Bx=6680 sBx=-58855 Ax=1710092 sJ=-15067123 raw=0x0D0C0622
    [0105] MMBIN          A=12 B=13 C=6 k=0 Bx=3098 sBx=-62437 Ax=793100 sJ=-15984115 raw=0x060D062E
    [0106] SETFIELD       A=5 B=13 C=12 k=0 Bx=6170 sBx=-59365 Ax=1579525 sJ=-15197690 raw=0x0C0D0292 ; R[5][K[13] "Z"] = R[12]
    [0107] GETFIELD       A=12 B=4 C=13 k=0 Bx=6664 sBx=-58871 Ax=1705996 sJ=-15071219 raw=0x0D04060E ; R[12] = R[4][K[13] "Z"]
    [0108] GETFIELD       A=13 B=5 C=13 k=0 Bx=6666 sBx=-58869 Ax=1706509 sJ=-15070706 raw=0x0D05068E ; R[13] = R[5][K[13] "Z"]
    [0109] SUB            A=12 B=12 C=13 k=0 Bx=6680 sBx=-58855 Ax=1710092 sJ=-15067123 raw=0x0D0C0623
    [0110] MMBIN          A=12 B=13 C=7 k=0 Bx=3610 sBx=-61925 Ax=924172 sJ=-15853043 raw=0x070D062E
    [0111] MUL            A=13 B=12 C=12 k=0 Bx=6168 sBx=-59367 Ax=1579021 sJ=-15198194 raw=0x0C0C06A4
    [0112] MMBIN          A=12 B=12 C=8 k=0 Bx=4120 sBx=-61415 Ax=1054732 sJ=-15722483 raw=0x080C062E
    [0113] MUL            A=14 B=6 C=6 k=0 Bx=3084 sBx=-62451 Ax=789518 sJ=-15987697 raw=0x06060724
    [0114] MMBIN          A=6 B=6 C=8 k=0 Bx=4108 sBx=-61427 Ax=1051654 sJ=-15725561 raw=0x0806032E
    [0115] MUL            A=15 B=7 C=7 k=0 Bx=3598 sBx=-61937 Ax=921103 sJ=-15856112 raw=0x070707A4
    [0116] MMBIN          A=7 B=7 C=8 k=0 Bx=4110 sBx=-61425 Ax=1052167 sJ=-15725048 raw=0x080703AE
    [0117] ADD            A=14 B=14 C=15 k=0 Bx=7708 sBx=-57827 Ax=1973262 sJ=-14803953 raw=0x0F0E0722
    [0118] MMBIN          A=14 B=15 C=6 k=0 Bx=3102 sBx=-62433 Ax=794126 sJ=-15983089 raw=0x060F072E
    [0119] DIV            A=13 B=13 C=14 k=0 Bx=7194 sBx=-58341 Ax=1841677 sJ=-14935538 raw=0x0E0D06A7
    [0120] MMBIN          A=13 B=14 C=11 k=0 Bx=5660 sBx=-59875 Ax=1448973 sJ=-15328242 raw=0x0B0E06AE
    [0121] GETTABUP       A=14 B=0 C=14 k=0 Bx=7168 sBx=-58367 Ax=1835022 sJ=-14942193 raw=0x0E00070B ; R[14] = U[0][K[14] "UE4"]
    [0122] GETFIELD       A=14 B=14 C=15 k=0 Bx=7708 sBx=-57827 Ax=1973262 sJ=-14803953 raw=0x0F0E070E ; R[14] = R[14][K[15] "UKismetMathLibrary"]
    [0123] GETFIELD       A=14 B=14 C=16 k=0 Bx=8220 sBx=-57315 Ax=2104334 sJ=-14672881 raw=0x100E070E ; R[14] = R[14][K[16] "GetYawPitchFromVector"]
    [0124] SUB            A=15 B=4 C=5 k=0 Bx=2568 sBx=-62967 Ax=657423 sJ=-16119792 raw=0x050407A3
    [0125] MMBIN          A=4 B=5 C=7 k=0 Bx=3594 sBx=-61941 Ax=920068 sJ=-15857147 raw=0x0705022E
    [0126] CALL           A=14 B=2 C=3 k=0 Bx=1540 sBx=-63995 Ax=394254 sJ=-16382961 raw=0x03020744
    [0127] TEST           A=0 B=0 C=0 k=0 Bx=0 sBx=-65535 Ax=0 sJ=-16777215 raw=0x00000042
    [0128] JMP            A=3 B=0 C=128 k=0 Bx=65536 sBx=1 Ax=16777219 sJ=4 raw=0x800001B8
    [0129] GETTABUP       A=16 B=2 C=17 k=0 Bx=8708 sBx=-56827 Ax=2229264 sJ=-14547951 raw=0x1102080B ; R[16] = U[2][K[17] "DebugSegmentBox"]
    [0130] MOVE           A=17 B=4 C=0 k=0 Bx=8 sBx=-65527 Ax=2065 sJ=-16775150 raw=0x00040880
    [0131] MOVE           A=18 B=5 C=0 k=0 Bx=10 sBx=-65525 Ax=2578 sJ=-16774637 raw=0x00050900
    [0132] CALL           A=16 B=3 C=1 k=0 Bx=518 sBx=-65017 Ax=132624 sJ=-16644591 raw=0x01030844
    [0133] TEST           A=3 B=0 C=0 k=0 Bx=0 sBx=-65535 Ax=3 sJ=-16777212 raw=0x000001C2
    [0134] JMP            A=7 B=0 C=128 k=0 Bx=65536 sBx=1 Ax=16777223 sJ=8 raw=0x800003B8
    [0135] GETFIELD       A=16 B=1 C=7 k=0 Bx=3586 sBx=-61949 Ax=918032 sJ=-15859183 raw=0x0701080E ; R[16] = R[1][K[7] "model"]
    [0136] SELF           A=16 B=16 C=8 k=1 Bx=4129 sBx=-61406 Ax=1057040 sJ=-15720175 raw=0x08108814
    [0137] LOADTRUE       A=18 B=0 C=0 k=0 Bx=0 sBx=-65535 Ax=18 sJ=-16777197 raw=0x00000907
    [0138] CALL           A=16 B=3 C=1 k=0 Bx=518 sBx=-65017 Ax=132624 sJ=-16644591 raw=0x01030844
    [0139] GETFIELD       A=16 B=2 C=7 k=0 Bx=3588 sBx=-61947 Ax=918544 sJ=-15858671 raw=0x0702080E ; R[16] = R[2][K[7] "model"]
    [0140] SELF           A=16 B=16 C=8 k=1 Bx=4129 sBx=-61406 Ax=1057040 sJ=-15720175 raw=0x08108814
    [0141] LOADTRUE       A=18 B=0 C=0 k=0 Bx=0 sBx=-65535 Ax=18 sJ=-16777197 raw=0x00000907
    [0142] CALL           A=16 B=3 C=1 k=0 Bx=518 sBx=-65017 Ax=132624 sJ=-16644591 raw=0x01030844
    [0143] MOVE           A=16 B=11 C=0 k=0 Bx=22 sBx=-65513 Ax=5648 sJ=-16771567 raw=0x000B0800
    [0144] MOVE           A=17 B=15 C=0 k=0 Bx=30 sBx=-65505 Ax=7697 sJ=-16769518 raw=0x000F0880
    [0145] MOVE           A=18 B=13 C=0 k=0 Bx=26 sBx=-65509 Ax=6674 sJ=-16770541 raw=0x000D0900
    [0146] MOVE           A=19 B=9 C=0 k=0 Bx=18 sBx=-65517 Ax=4627 sJ=-16772588 raw=0x00090980
    [0147] RETURN         A=16 B=5 C=0 k=0 Bx=10 sBx=-65525 Ax=2576 sJ=-16774639 raw=0x00050846
    [0148] RETURN0        A=16 B=1 C=0 k=0 Bx=2 sBx=-65533 Ax=528 sJ=-16776687 raw=0x00010847

  function[10] source="" lines=728-740 params=1 vararg=0 stack=255 upvalues=3
  constants (5):
    K[0] = "GetPetSlope"
    K[1] = "sublevelPetSlope"
    K[2] = "Log"
    K[3] = "Error"
    K[4] = "\u5761\u5EA6\u4E0D\u6EE1\u8DB3\u8981\u6C42"
  upvalues (3):
    U[0] = instack=6 idx=0 kind=1 name="BattleField"
    U[1] = instack=2 idx=0 kind=0 name="BattleFieldConst"
    U[2] = instack=0 idx=0 kind=8 name="_ENV"
  locals (6):
    L[0] = "debug" pc=0-16
    L[1] = "valid" pc=1-16
    L[2] = "pitch1" pc=4-16
    L[3] = "pitch2" pc=4-16
    L[4] = "divc" pc=4-16
    L[5] = "divl" pc=4-16
  instructions (16):
    [0001] LOADTRUE       A=1 B=0 C=0 k=0 Bx=0 sBx=-65535 Ax=1 sJ=-16777214 raw=0x00000087
    [0002] GETTABUP       A=2 B=0 C=0 k=0 Bx=0 sBx=-65535 Ax=2 sJ=-16777213 raw=0x0000010B ; R[2] = U[0][K[0] "GetPetSlope"]
    [0003] MOVE           A=3 B=0 C=0 k=0 Bx=0 sBx=-65535 Ax=3 sJ=-16777212 raw=0x00000180
    [0004] CALL           A=2 B=2 C=5 k=0 Bx=2564 sBx=-62971 Ax=656386 sJ=-16120829 raw=0x05020144
    [0005] GETTABUP       A=6 B=1 C=1 k=0 Bx=514 sBx=-65021 Ax=131590 sJ=-16645625 raw=0x0101030B ; R[6] = U[1][K[1] "sublevelPetSlope"]
    [0006] LT             A=6 B=2 C=0 k=0 Bx=4 sBx=-65531 Ax=1030 sJ=-16776185 raw=0x0002033A
    [0007] JMP            A=6 B=0 C=128 k=0 Bx=65536 sBx=1 Ax=16777222 sJ=7 raw=0x80000338
    [0008] TEST           A=0 B=0 C=0 k=0 Bx=0 sBx=-65535 Ax=0 sJ=-16777215 raw=0x00000042
    [0009] JMP            A=3 B=0 C=128 k=0 Bx=65536 sBx=1 Ax=16777219 sJ=4 raw=0x800001B8
    [0010] GETTABUP       A=6 B=2 C=2 k=0 Bx=1028 sBx=-64507 Ax=263174 sJ=-16514041 raw=0x0202030B ; R[6] = U[2][K[2] "Log"]
    [0011] GETFIELD       A=6 B=6 C=3 k=0 Bx=1548 sBx=-63987 Ax=396294 sJ=-16380921 raw=0x0306030E ; R[6] = R[6][K[3] "Error"]
    [0012] LOADK          A=7 B=2 C=0 k=0 Bx=4 sBx=-65531 Ax=1031 sJ=-16776184 raw=0x00020383 ; R[7] = K[4] "\u5761\u5EA6\u4E0D\u6EE1\u8DB3\u8981\u6C42"
    [0013] CALL           A=6 B=2 C=1 k=0 Bx=516 sBx=-65019 Ax=132102 sJ=-16645113 raw=0x01020344
    [0014] LOADFALSE      A=1 B=0 C=0 k=0 Bx=0 sBx=-65535 Ax=1 sJ=-16777214 raw=0x00000085
    [0015] RETURN1        A=1 B=2 C=0 k=0 Bx=4 sBx=-65531 Ax=1025 sJ=-16776190 raw=0x000200C8
    [0016] RETURN0        A=6 B=1 C=0 k=0 Bx=2 sBx=-65533 Ax=518 sJ=-16776697 raw=0x00010347

  function[11] source="" lines=764-820 params=3 vararg=0 stack=255 upvalues=6
  constants (35):
    K[0] = "UE4"
    K[1] = "FVector"
    K[2] = "X"
    K[3] = "Y"
    K[4] = "Z"
    K[5] = "sublevelEllipseRadius"
    K[6] = 100
    K[7] = "subLevelStepHeight"
    K[8] = "ipairs"
    K[9] = "UKismetMathLibrary"
    K[10] = "RotateAngleAxis"
    K[11] = "UKismetSystemLibrary"
    K[12] = "Abs_LineTraceSingle"
    K[13] = "_G"
    K[14] = "UE4Helper"
    K[15] = "GetCurrentWorld"
    K[16] = "ETraceTypeQuery"
    K[17] = "TraceTypeQuery_MAX"
    K[18] = "table"
    K[19] = "insert"
    K[20] = "ImpactPoint"
    K[21] = "Log"
    K[22] = "Error"
    K[23] = "\u5355\u5143\u6D4B\u8BD5\u975E\u6CD5,\u6D4B\u8BD5\u9879\uFF1A"
    K[24] = "\u4E2D\u5FC3\u70B9:"
    K[25] = "GetPosCopyStr"
    K[26] = "UNRCStatics"
    K[27] = "ClipboardCopy"
    K[28] = "pairs"
    K[29] = "sublevelEllipseRatio"
    K[30] = "\u5355\u5143\u6D4B\u8BD5\u692D\u5706\u975E\u6CD5, \u4E2D\u5FC3\u70B9:"
    K[31] = "DebugSegmentSphere"
    K[32] = "FLinearColor"
    K[33] = "DebugSegmentBox"
    K[34] = "DebugDrawBox"
  upvalues (6):
    U[0] = instack=0 idx=0 kind=1 name="_ENV"
    U[1] = instack=2 idx=0 kind=1 name="BattleFieldConst"
    U[2] = instack=10 idx=0 kind=1 name="PointTests"
    U[3] = instack=7 idx=0 kind=1 name="upVec"
    U[4] = instack=4 idx=0 kind=1 name="DebugUtils"
    U[5] = instack=11 idx=0 kind=23 name="EllipseTests"
  locals (34):
    L[0] = "pos" pc=0-234
    L[1] = "rotate" pc=0-234
    L[2] = "forceDraw" pc=0-234
    L[3] = "valid" pc=18-234
    L[4] = "draws" pc=20-234
    L[5] = "(for state)" pc=23-93
    L[6] = "(for state)" pc=23-93
    L[7] = "(for state)" pc=23-93
    L[8] = "(for state)" pc=23-93
    L[9] = "_" pc=24-90
    L[10] = "test" pc=24-90
    L[11] = "vec" pc=25-90
    L[12] = "debugInfo" pc=26-90
    L[13] = "rotateVec" pc=33-90
    L[14] = "endPoint" pc=35-90
    L[15] = "Hit" pc=51-90
    L[16] = "Success" pc=51-90
    L[17] = "(for state)" pc=96-178
    L[18] = "(for state)" pc=96-178
    L[19] = "(for state)" pc=96-178
    L[20] = "(for state)" pc=96-178
    L[21] = "_" pc=97-175
    L[22] = "test" pc=97-175
    L[23] = "vec" pc=108-175
    L[24] = "rotateVec" pc=120-175
    L[25] = "endPoint" pc=122-175
    L[26] = "Hit" pc=138-175
    L[27] = "Success" pc=138-175
    L[28] = "(for state)" pc=185-232
    L[29] = "(for state)" pc=185-232
    L[30] = "(for state)" pc=185-232
    L[31] = "(for state)" pc=185-232
    L[32] = "_" pc=186-229
    L[33] = "data" pc=186-229
  instructions (234):
    [0001] GETTABUP       A=3 B=0 C=0 k=0 Bx=0 sBx=-65535 Ax=3 sJ=-16777212 raw=0x0000018B ; R[3] = U[0][K[0] "UE4"]
    [0002] GETFIELD       A=3 B=3 C=1 k=0 Bx=518 sBx=-65017 Ax=132611 sJ=-16644604 raw=0x0103018E ; R[3] = R[3][K[1] "FVector"]
    [0003] GETFIELD       A=4 B=0 C=2 k=0 Bx=1024 sBx=-64511 Ax=262148 sJ=-16515067 raw=0x0200020E ; R[4] = R[0][K[2] "X"]
    [0004] GETFIELD       A=5 B=0 C=3 k=0 Bx=1536 sBx=-63999 Ax=393221 sJ=-16383994 raw=0x0300028E ; R[5] = R[0][K[3] "Y"]
    [0005] GETFIELD       A=6 B=0 C=4 k=0 Bx=2048 sBx=-63487 Ax=524294 sJ=-16252921 raw=0x0400030E ; R[6] = R[0][K[4] "Z"]
    [0006] CALL           A=3 B=4 C=2 k=0 Bx=1032 sBx=-64503 Ax=264195 sJ=-16513020 raw=0x020401C4
    [0007] MOVE           A=0 B=3 C=0 k=0 Bx=6 sBx=-65529 Ax=1536 sJ=-16775679 raw=0x00030000
    [0008] GETFIELD       A=3 B=0 C=4 k=0 Bx=2048 sBx=-63487 Ax=524291 sJ=-16252924 raw=0x0400018E ; R[3] = R[0][K[4] "Z"]
    [0009] GETTABUP       A=4 B=1 C=5 k=0 Bx=2562 sBx=-62973 Ax=655876 sJ=-16121339 raw=0x0501020B ; R[4] = U[1][K[5] "sublevelEllipseRadius"]
    [0010] MULK           A=4 B=4 C=6 k=0 Bx=3080 sBx=-62455 Ax=788484 sJ=-15988731 raw=0x06040218 ; K[6] 100
    [0011] MMBINK         A=4 B=6 C=8 k=0 Bx=4108 sBx=-61427 Ax=1051652 sJ=-15725563 raw=0x08060230
    [0012] GETTABUP       A=5 B=1 C=7 k=0 Bx=3586 sBx=-61949 Ax=918021 sJ=-15859194 raw=0x0701028B ; R[5] = U[1][K[7] "subLevelStepHeight"]
    [0013] MUL            A=4 B=4 C=5 k=0 Bx=2568 sBx=-62967 Ax=657412 sJ=-16119803 raw=0x05040224
    [0014] MMBIN          A=4 B=5 C=8 k=0 Bx=4106 sBx=-61429 Ax=1051140 sJ=-15726075 raw=0x0805022E
    [0015] ADD            A=3 B=3 C=4 k=0 Bx=2054 sBx=-63481 Ax=525827 sJ=-16251388 raw=0x040301A2
    [0016] MMBIN          A=3 B=4 C=6 k=0 Bx=3080 sBx=-62455 Ax=788483 sJ=-15988732 raw=0x060401AE
    [0017] SETFIELD       A=0 B=4 C=3 k=0 Bx=1544 sBx=-63991 Ax=395264 sJ=-16381951 raw=0x03040012 ; R[0][K[4] "Z"] = R[3]
    [0018] LOADTRUE       A=3 B=0 C=0 k=0 Bx=0 sBx=-65535 Ax=3 sJ=-16777212 raw=0x00000187
    [0019] NEWTABLE       A=4 B=0 C=0 k=0 Bx=0 sBx=-65535 Ax=4 sJ=-16777211 raw=0x00000213
    [0020] EXTRAARG       A=0 B=0 C=0 k=0 Bx=0 sBx=-65535 Ax=0 sJ=-16777215 raw=0x00000052
    [0021] GETTABUP       A=5 B=0 C=8 k=0 Bx=4096 sBx=-61439 Ax=1048581 sJ=-15728634 raw=0x0800028B ; R[5] = U[0][K[8] "ipairs"]
    [0022] GETUPVAL       A=6 B=2 C=0 k=0 Bx=4 sBx=-65531 Ax=1030 sJ=-16776185 raw=0x00020309
    [0023] CALL           A=5 B=2 C=5 k=0 Bx=2564 sBx=-62971 Ax=656389 sJ=-16120826 raw=0x050202C4
    [0024] TFORPREP       A=5 B=33 C=0 k=0 Bx=66 sBx=-65469 Ax=16901 sJ=-16760314 raw=0x002102CB
    [0025] GETI           A=11 B=10 C=1 k=0 Bx=532 sBx=-65003 Ax=136203 sJ=-16641012 raw=0x010A058D
    [0026] GETI           A=12 B=10 C=2 k=0 Bx=1044 sBx=-64491 Ax=267276 sJ=-16509939 raw=0x020A060D
    [0027] GETTABUP       A=13 B=0 C=0 k=0 Bx=0 sBx=-65535 Ax=13 sJ=-16777202 raw=0x0000068B ; R[13] = U[0][K[0] "UE4"]
    [0028] GETFIELD       A=13 B=13 C=9 k=0 Bx=4634 sBx=-60901 Ax=1186317 sJ=-15590898 raw=0x090D068E ; R[13] = R[13][K[9] "UKismetMathLibrary"]
    [0029] GETFIELD       A=13 B=13 C=10 k=0 Bx=5146 sBx=-60389 Ax=1317389 sJ=-15459826 raw=0x0A0D068E ; R[13] = R[13][K[10] "RotateAngleAxis"]
    [0030] MOVE           A=14 B=11 C=0 k=0 Bx=22 sBx=-65513 Ax=5646 sJ=-16771569 raw=0x000B0700
    [0031] MOVE           A=15 B=1 C=0 k=0 Bx=2 sBx=-65533 Ax=527 sJ=-16776688 raw=0x00010780
    [0032] GETUPVAL       A=16 B=3 C=0 k=0 Bx=6 sBx=-65529 Ax=1552 sJ=-16775663 raw=0x00030809
    [0033] CALL           A=13 B=4 C=2 k=0 Bx=1032 sBx=-64503 Ax=264205 sJ=-16513010 raw=0x020406C4
    [0034] ADD            A=14 B=0 C=13 k=0 Bx=6656 sBx=-58879 Ax=1703950 sJ=-15073265 raw=0x0D000722
    [0035] MMBIN          A=0 B=13 C=6 k=0 Bx=3098 sBx=-62437 Ax=793088 sJ=-15984127 raw=0x060D002E
    [0036] GETTABUP       A=15 B=0 C=0 k=0 Bx=0 sBx=-65535 Ax=15 sJ=-16777200 raw=0x0000078B ; R[15] = U[0][K[0] "UE4"]
    [0037] GETFIELD       A=15 B=15 C=11 k=0 Bx=5662 sBx=-59873 Ax=1449487 sJ=-15327728 raw=0x0B0F078E ; R[15] = R[15][K[11] "UKismetSystemLibrary"]
    [0038] GETFIELD       A=15 B=15 C=12 k=0 Bx=6174 sBx=-59361 Ax=1580559 sJ=-15196656 raw=0x0C0F078E ; R[15] = R[15][K[12] "Abs_LineTraceSingle"]
    [0039] GETTABUP       A=16 B=0 C=13 k=0 Bx=6656 sBx=-58879 Ax=1703952 sJ=-15073263 raw=0x0D00080B ; R[16] = U[0][K[13] "_G"]
    [0040] GETFIELD       A=16 B=16 C=14 k=0 Bx=7200 sBx=-58335 Ax=1843216 sJ=-14933999 raw=0x0E10080E ; R[16] = R[16][K[14] "UE4Helper"]
    [0041] GETFIELD       A=16 B=16 C=15 k=0 Bx=7712 sBx=-57823 Ax=1974288 sJ=-14802927 raw=0x0F10080E ; R[16] = R[16][K[15] "GetCurrentWorld"]
    [0042] CALL           A=16 B=1 C=2 k=0 Bx=1026 sBx=-64509 Ax=262672 sJ=-16514543 raw=0x02010844
    [0043] MOVE           A=17 B=0 C=0 k=0 Bx=0 sBx=-65535 Ax=17 sJ=-16777198 raw=0x00000880
    [0044] MOVE           A=18 B=14 C=0 k=0 Bx=28 sBx=-65507 Ax=7186 sJ=-16770029 raw=0x000E0900
    [0045] GETTABUP       A=19 B=0 C=0 k=0 Bx=0 sBx=-65535 Ax=19 sJ=-16777196 raw=0x0000098B ; R[19] = U[0][K[0] "UE4"]
    [0046] GETFIELD       A=19 B=19 C=16 k=0 Bx=8230 sBx=-57305 Ax=2106899 sJ=-14670316 raw=0x1013098E ; R[19] = R[19][K[16] "ETraceTypeQuery"]
    [0047] GETFIELD       A=19 B=19 C=17 k=0 Bx=8742 sBx=-56793 Ax=2237971 sJ=-14539244 raw=0x1113098E ; R[19] = R[19][K[17] "TraceTypeQuery_MAX"]
    [0048] LOADFALSE      A=20 B=0 C=0 k=0 Bx=0 sBx=-65535 Ax=20 sJ=-16777195 raw=0x00000A05
    [0049] LOADNIL        A=21 B=0 C=0 k=0 Bx=0 sBx=-65535 Ax=21 sJ=-16777194 raw=0x00000A88
    [0050] LOADI          A=22 B=255 C=127 k=1 Bx=65535 sBx=0 Ax=16776982 sJ=-233 raw=0x7FFF8B01
    [0051] CALL           A=15 B=8 C=3 k=0 Bx=1552 sBx=-63983 Ax=397327 sJ=-16379888 raw=0x030807C4
    [0052] GETTABUP       A=17 B=0 C=18 k=0 Bx=9216 sBx=-56319 Ax=2359313 sJ=-14417902 raw=0x1200088B ; R[17] = U[0][K[18] "table"]
    [0053] GETFIELD       A=17 B=17 C=19 k=0 Bx=9762 sBx=-55773 Ax=2499089 sJ=-14278126 raw=0x1311088E ; R[17] = R[17][K[19] "insert"]
    [0054] MOVE           A=18 B=4 C=0 k=0 Bx=8 sBx=-65527 Ax=2066 sJ=-16775149 raw=0x00040900
    [0055] NEWTABLE       A=19 B=0 C=3 k=0 Bx=1536 sBx=-63999 Ax=393235 sJ=-16383980 raw=0x03000993
    [0056] EXTRAARG       A=0 B=0 C=0 k=0 Bx=0 sBx=-65535 Ax=0 sJ=-16777215 raw=0x00000052
    [0057] MOVE           A=20 B=0 C=0 k=0 Bx=0 sBx=-65535 Ax=20 sJ=-16777195 raw=0x00000A00
    [0058] MOVE           A=21 B=14 C=0 k=0 Bx=28 sBx=-65507 Ax=7189 sJ=-16770026 raw=0x000E0A80
    [0059] LOADI          A=22 B=0 C=128 k=0 Bx=65536 sBx=1 Ax=16777238 sJ=23 raw=0x80000B01
    [0060] SETLIST        A=19 B=3 C=0 k=0 Bx=6 sBx=-65529 Ax=1555 sJ=-16775660 raw=0x000309CE
    [0061] CALL           A=17 B=3 C=1 k=0 Bx=518 sBx=-65017 Ax=132625 sJ=-16644590 raw=0x010308C4
    [0062] TEST           A=16 B=0 C=0 k=0 Bx=0 sBx=-65535 Ax=16 sJ=-16777199 raw=0x00000842
    [0063] JMP            A=26 B=0 C=128 k=0 Bx=65536 sBx=1 Ax=16777242 sJ=27 raw=0x80000D38
    [0064] GETTABUP       A=17 B=0 C=18 k=0 Bx=9216 sBx=-56319 Ax=2359313 sJ=-14417902 raw=0x1200088B ; R[17] = U[0][K[18] "table"]
    [0065] GETFIELD       A=17 B=17 C=19 k=0 Bx=9762 sBx=-55773 Ax=2499089 sJ=-14278126 raw=0x1311088E ; R[17] = R[17][K[19] "insert"]
    [0066] MOVE           A=18 B=4 C=0 k=0 Bx=8 sBx=-65527 Ax=2066 sJ=-16775149 raw=0x00040900
    [0067] NEWTABLE       A=19 B=0 C=3 k=0 Bx=1536 sBx=-63999 Ax=393235 sJ=-16383980 raw=0x03000993
    [0068] EXTRAARG       A=0 B=0 C=0 k=0 Bx=0 sBx=-65535 Ax=0 sJ=-16777215 raw=0x00000052
    [0069] GETFIELD       A=20 B=15 C=20 k=0 Bx=10270 sBx=-55265 Ax=2629140 sJ=-14148075 raw=0x140F0A0E ; R[20] = R[15][K[20] "ImpactPoint"]
    [0070] LOADNIL        A=21 B=0 C=0 k=0 Bx=0 sBx=-65535 Ax=21 sJ=-16777194 raw=0x00000A88
    [0071] LOADI          A=22 B=1 C=128 k=0 Bx=65538 sBx=3 Ax=16777750 sJ=535 raw=0x80010B01
    [0072] SETLIST        A=19 B=3 C=0 k=0 Bx=6 sBx=-65529 Ax=1555 sJ=-16775660 raw=0x000309CE
    [0073] CALL           A=17 B=3 C=1 k=0 Bx=518 sBx=-65017 Ax=132625 sJ=-16644590 raw=0x010308C4
    [0074] GETTABUP       A=17 B=0 C=21 k=0 Bx=10752 sBx=-54783 Ax=2752529 sJ=-14024686 raw=0x1500088B ; R[17] = U[0][K[21] "Log"]
    [0075] GETFIELD       A=17 B=17 C=22 k=0 Bx=11298 sBx=-54237 Ax=2892305 sJ=-13884910 raw=0x1611088E ; R[17] = R[17][K[22] "Error"]
    [0076] LOADK          A=18 B=11 C=0 k=1 Bx=23 sBx=-65512 Ax=5906 sJ=-16771309 raw=0x000B8903 ; R[18] = K[23] "\u5355\u5143\u6D4B\u8BD5\u975E\u6CD5,\u6D4B\u8BD5\u9879\uFF1A"
    [0077] MOVE           A=19 B=12 C=0 k=0 Bx=24 sBx=-65511 Ax=6163 sJ=-16771052 raw=0x000C0980
    [0078] LOADK          A=20 B=12 C=0 k=0 Bx=24 sBx=-65511 Ax=6164 sJ=-16771051 raw=0x000C0A03 ; R[20] = K[24] "\u4E2D\u5FC3\u70B9:"
    [0079] GETTABUP       A=21 B=4 C=25 k=0 Bx=12808 sBx=-52727 Ax=3278869 sJ=-13498346 raw=0x19040A8B ; R[21] = U[4][K[25] "GetPosCopyStr"]
    [0080] MOVE           A=22 B=0 C=0 k=0 Bx=0 sBx=-65535 Ax=22 sJ=-16777193 raw=0x00000B00
    [0081] CALL           A=21 B=2 C=0 k=0 Bx=4 sBx=-65531 Ax=1045 sJ=-16776170 raw=0x00020AC4
    [0082] CALL           A=17 B=0 C=1 k=0 Bx=512 sBx=-65023 Ax=131089 sJ=-16646126 raw=0x010008C4
    [0083] GETTABUP       A=17 B=0 C=0 k=0 Bx=0 sBx=-65535 Ax=17 sJ=-16777198 raw=0x0000088B ; R[17] = U[0][K[0] "UE4"]
    [0084] GETFIELD       A=17 B=17 C=26 k=0 Bx=13346 sBx=-52189 Ax=3416593 sJ=-13360622 raw=0x1A11088E ; R[17] = R[17][K[26] "UNRCStatics"]
    [0085] GETFIELD       A=17 B=17 C=27 k=0 Bx=13858 sBx=-51677 Ax=3547665 sJ=-13229550 raw=0x1B11088E ; R[17] = R[17][K[27] "ClipboardCopy"]
    [0086] GETTABUP       A=18 B=4 C=25 k=0 Bx=12808 sBx=-52727 Ax=3278866 sJ=-13498349 raw=0x1904090B ; R[18] = U[4][K[25] "GetPosCopyStr"]
    [0087] MOVE           A=19 B=0 C=0 k=0 Bx=0 sBx=-65535 Ax=19 sJ=-16777196 raw=0x00000980
    [0088] CALL           A=18 B=2 C=0 k=0 Bx=4 sBx=-65531 Ax=1042 sJ=-16776173 raw=0x00020944
    [0089] CALL           A=17 B=0 C=1 k=0 Bx=512 sBx=-65023 Ax=131089 sJ=-16646126 raw=0x010008C4
    [0090] LOADFALSE      A=3 B=0 C=0 k=0 Bx=0 sBx=-65535 Ax=3 sJ=-16777212 raw=0x00000185
    [0091] TFORCALL       A=5 B=0 C=2 k=0 Bx=1024 sBx=-64511 Ax=262149 sJ=-16515066 raw=0x020002CC
    [0092] TFORLOOP       A=5 B=34 C=0 k=0 Bx=68 sBx=-65467 Ax=17413 sJ=-16759802 raw=0x002202CD
    [0093] CLOSE          A=5 B=0 C=0 k=0 Bx=0 sBx=-65535 Ax=5 sJ=-16777210 raw=0x000002B6
    [0094] GETTABUP       A=5 B=0 C=28 k=0 Bx=14336 sBx=-51199 Ax=3670021 sJ=-13107194 raw=0x1C00028B ; R[5] = U[0][K[28] "pairs"]
    [0095] GETUPVAL       A=6 B=5 C=0 k=0 Bx=10 sBx=-65525 Ax=2566 sJ=-16774649 raw=0x00050309
    [0096] CALL           A=5 B=2 C=5 k=0 Bx=2564 sBx=-62971 Ax=656389 sJ=-16120826 raw=0x050202C4
    [0097] TFORPREP       A=5 B=39 C=0 k=0 Bx=78 sBx=-65457 Ax=19973 sJ=-16757242 raw=0x002702CB
    [0098] GETTABUP       A=11 B=0 C=0 k=0 Bx=0 sBx=-65535 Ax=11 sJ=-16777204 raw=0x0000058B ; R[11] = U[0][K[0] "UE4"]
    [0099] GETFIELD       A=11 B=11 C=1 k=0 Bx=534 sBx=-65001 Ax=136715 sJ=-16640500 raw=0x010B058E ; R[11] = R[11][K[1] "FVector"]
    [0100] GETFIELD       A=12 B=10 C=2 k=0 Bx=1044 sBx=-64491 Ax=267276 sJ=-16509939 raw=0x020A060E ; R[12] = R[10][K[2] "X"]
    [0101] GETFIELD       A=13 B=10 C=3 k=0 Bx=1556 sBx=-63979 Ax=398349 sJ=-16378866 raw=0x030A068E ; R[13] = R[10][K[3] "Y"]
    [0102] GETFIELD       A=14 B=10 C=4 k=0 Bx=2068 sBx=-63467 Ax=529422 sJ=-16247793 raw=0x040A070E ; R[14] = R[10][K[4] "Z"]
    [0103] CALL           A=11 B=4 C=2 k=0 Bx=1032 sBx=-64503 Ax=264203 sJ=-16513012 raw=0x020405C4
    [0104] GETTABUP       A=12 B=1 C=5 k=0 Bx=2562 sBx=-62973 Ax=655884 sJ=-16121331 raw=0x0501060B ; R[12] = U[1][K[5] "sublevelEllipseRadius"]
    [0105] MUL            A=11 B=11 C=12 k=0 Bx=6166 sBx=-59369 Ax=1578507 sJ=-15198708 raw=0x0C0B05A4
    [0106] MMBIN          A=11 B=12 C=8 k=0 Bx=4120 sBx=-61415 Ax=1054731 sJ=-15722484 raw=0x080C05AE
    [0107] MULK           A=11 B=11 C=6 k=0 Bx=3094 sBx=-62441 Ax=792075 sJ=-15985140 raw=0x060B0598 ; K[6] 100
    [0108] MMBINK         A=11 B=6 C=8 k=0 Bx=4108 sBx=-61427 Ax=1051659 sJ=-15725556 raw=0x080605B0
    [0109] GETFIELD       A=12 B=11 C=2 k=0 Bx=1046 sBx=-64489 Ax=267788 sJ=-16509427 raw=0x020B060E ; R[12] = R[11][K[2] "X"]
    [0110] GETTABUP       A=13 B=1 C=29 k=0 Bx=14850 sBx=-50685 Ax=3801613 sJ=-12975602 raw=0x1D01068B ; R[13] = U[1][K[29] "sublevelEllipseRatio"]
    [0111] DIV            A=12 B=12 C=13 k=0 Bx=6680 sBx=-58855 Ax=1710092 sJ=-15067123 raw=0x0D0C0627
    [0112] MMBIN          A=12 B=13 C=11 k=0 Bx=5658 sBx=-59877 Ax=1448460 sJ=-15328755 raw=0x0B0D062E
    [0113] SETFIELD       A=11 B=2 C=12 k=0 Bx=6148 sBx=-59387 Ax=1573899 sJ=-15203316 raw=0x0C020592 ; R[11][K[2] "X"] = R[12]
    [0114] GETTABUP       A=12 B=0 C=0 k=0 Bx=0 sBx=-65535 Ax=12 sJ=-16777203 raw=0x0000060B ; R[12] = U[0][K[0] "UE4"]
    [0115] GETFIELD       A=12 B=12 C=9 k=0 Bx=4632 sBx=-60903 Ax=1185804 sJ=-15591411 raw=0x090C060E ; R[12] = R[12][K[9] "UKismetMathLibrary"]
    [0116] GETFIELD       A=12 B=12 C=10 k=0 Bx=5144 sBx=-60391 Ax=1316876 sJ=-15460339 raw=0x0A0C060E ; R[12] = R[12][K[10] "RotateAngleAxis"]
    [0117] MOVE           A=13 B=11 C=0 k=0 Bx=22 sBx=-65513 Ax=5645 sJ=-16771570 raw=0x000B0680
    [0118] MOVE           A=14 B=1 C=0 k=0 Bx=2 sBx=-65533 Ax=526 sJ=-16776689 raw=0x00010700
    [0119] GETUPVAL       A=15 B=3 C=0 k=0 Bx=6 sBx=-65529 Ax=1551 sJ=-16775664 raw=0x00030789
    [0120] CALL           A=12 B=4 C=2 k=0 Bx=1032 sBx=-64503 Ax=264204 sJ=-16513011 raw=0x02040644
    [0121] ADD            A=13 B=0 C=12 k=0 Bx=6144 sBx=-59391 Ax=1572877 sJ=-15204338 raw=0x0C0006A2
    [0122] MMBIN          A=0 B=12 C=6 k=0 Bx=3096 sBx=-62439 Ax=792576 sJ=-15984639 raw=0x060C002E
    [0123] GETTABUP       A=14 B=0 C=0 k=0 Bx=0 sBx=-65535 Ax=14 sJ=-16777201 raw=0x0000070B ; R[14] = U[0][K[0] "UE4"]
    [0124] GETFIELD       A=14 B=14 C=11 k=0 Bx=5660 sBx=-59875 Ax=1448974 sJ=-15328241 raw=0x0B0E070E ; R[14] = R[14][K[11] "UKismetSystemLibrary"]
    [0125] GETFIELD       A=14 B=14 C=12 k=0 Bx=6172 sBx=-59363 Ax=1580046 sJ=-15197169 raw=0x0C0E070E ; R[14] = R[14][K[12] "Abs_LineTraceSingle"]
    [0126] GETTABUP       A=15 B=0 C=13 k=0 Bx=6656 sBx=-58879 Ax=1703951 sJ=-15073264 raw=0x0D00078B ; R[15] = U[0][K[13] "_G"]
    [0127] GETFIELD       A=15 B=15 C=14 k=0 Bx=7198 sBx=-58337 Ax=1842703 sJ=-14934512 raw=0x0E0F078E ; R[15] = R[15][K[14] "UE4Helper"]
    [0128] GETFIELD       A=15 B=15 C=15 k=0 Bx=7710 sBx=-57825 Ax=1973775 sJ=-14803440 raw=0x0F0F078E ; R[15] = R[15][K[15] "GetCurrentWorld"]
    [0129] CALL           A=15 B=1 C=2 k=0 Bx=1026 sBx=-64509 Ax=262671 sJ=-16514544 raw=0x020107C4
    [0130] MOVE           A=16 B=0 C=0 k=0 Bx=0 sBx=-65535 Ax=16 sJ=-16777199 raw=0x00000800
    [0131] MOVE           A=17 B=13 C=0 k=0 Bx=26 sBx=-65509 Ax=6673 sJ=-16770542 raw=0x000D0880
    [0132] GETTABUP       A=18 B=0 C=0 k=0 Bx=0 sBx=-65535 Ax=18 sJ=-16777197 raw=0x0000090B ; R[18] = U[0][K[0] "UE4"]
    [0133] GETFIELD       A=18 B=18 C=16 k=0 Bx=8228 sBx=-57307 Ax=2106386 sJ=-14670829 raw=0x1012090E ; R[18] = R[18][K[16] "ETraceTypeQuery"]
    [0134] GETFIELD       A=18 B=18 C=17 k=0 Bx=8740 sBx=-56795 Ax=2237458 sJ=-14539757 raw=0x1112090E ; R[18] = R[18][K[17] "TraceTypeQuery_MAX"]
    [0135] LOADFALSE      A=19 B=0 C=0 k=0 Bx=0 sBx=-65535 Ax=19 sJ=-16777196 raw=0x00000985
    [0136] LOADNIL        A=20 B=0 C=0 k=0 Bx=0 sBx=-65535 Ax=20 sJ=-16777195 raw=0x00000A08
    [0137] LOADI          A=21 B=255 C=127 k=1 Bx=65535 sBx=0 Ax=16776981 sJ=-234 raw=0x7FFF8A81
    [0138] CALL           A=14 B=8 C=3 k=0 Bx=1552 sBx=-63983 Ax=397326 sJ=-16379889 raw=0x03080744
    [0139] GETTABUP       A=16 B=0 C=18 k=0 Bx=9216 sBx=-56319 Ax=2359312 sJ=-14417903 raw=0x1200080B ; R[16] = U[0][K[18] "table"]
    [0140] GETFIELD       A=16 B=16 C=19 k=0 Bx=9760 sBx=-55775 Ax=2498576 sJ=-14278639 raw=0x1310080E ; R[16] = R[16][K[19] "insert"]
    [0141] MOVE           A=17 B=4 C=0 k=0 Bx=8 sBx=-65527 Ax=2065 sJ=-16775150 raw=0x00040880
    [0142] NEWTABLE       A=18 B=0 C=3 k=0 Bx=1536 sBx=-63999 Ax=393234 sJ=-16383981 raw=0x03000913
    [0143] EXTRAARG       A=0 B=0 C=0 k=0 Bx=0 sBx=-65535 Ax=0 sJ=-16777215 raw=0x00000052
    [0144] MOVE           A=19 B=0 C=0 k=0 Bx=0 sBx=-65535 Ax=19 sJ=-16777196 raw=0x00000980
    [0145] MOVE           A=20 B=13 C=0 k=0 Bx=26 sBx=-65509 Ax=6676 sJ=-16770539 raw=0x000D0A00
    [0146] LOADI          A=21 B=0 C=128 k=1 Bx=65537 sBx=2 Ax=16777493 sJ=278 raw=0x80008A81
    [0147] SETLIST        A=18 B=3 C=0 k=0 Bx=6 sBx=-65529 Ax=1554 sJ=-16775661 raw=0x0003094E
    [0148] CALL           A=16 B=3 C=1 k=0 Bx=518 sBx=-65017 Ax=132624 sJ=-16644591 raw=0x01030844
    [0149] TEST           A=15 B=0 C=0 k=0 Bx=0 sBx=-65535 Ax=15 sJ=-16777200 raw=0x000007C2
    [0150] JMP            A=24 B=0 C=128 k=0 Bx=65536 sBx=1 Ax=16777240 sJ=25 raw=0x80000C38
    [0151] GETTABUP       A=16 B=0 C=18 k=0 Bx=9216 sBx=-56319 Ax=2359312 sJ=-14417903 raw=0x1200080B ; R[16] = U[0][K[18] "table"]
    [0152] GETFIELD       A=16 B=16 C=19 k=0 Bx=9760 sBx=-55775 Ax=2498576 sJ=-14278639 raw=0x1310080E ; R[16] = R[16][K[19] "insert"]
    [0153] MOVE           A=17 B=4 C=0 k=0 Bx=8 sBx=-65527 Ax=2065 sJ=-16775150 raw=0x00040880
    [0154] NEWTABLE       A=18 B=0 C=3 k=0 Bx=1536 sBx=-63999 Ax=393234 sJ=-16383981 raw=0x03000913
    [0155] EXTRAARG       A=0 B=0 C=0 k=0 Bx=0 sBx=-65535 Ax=0 sJ=-16777215 raw=0x00000052
    [0156] GETFIELD       A=19 B=14 C=20 k=0 Bx=10268 sBx=-55267 Ax=2628627 sJ=-14148588 raw=0x140E098E ; R[19] = R[14][K[20] "ImpactPoint"]
    [0157] LOADNIL        A=20 B=0 C=0 k=0 Bx=0 sBx=-65535 Ax=20 sJ=-16777195 raw=0x00000A08
    [0158] LOADI          A=21 B=1 C=128 k=0 Bx=65538 sBx=3 Ax=16777749 sJ=534 raw=0x80010A81
    [0159] SETLIST        A=18 B=3 C=0 k=0 Bx=6 sBx=-65529 Ax=1554 sJ=-16775661 raw=0x0003094E
    [0160] CALL           A=16 B=3 C=1 k=0 Bx=518 sBx=-65017 Ax=132624 sJ=-16644591 raw=0x01030844
    [0161] GETTABUP       A=16 B=0 C=21 k=0 Bx=10752 sBx=-54783 Ax=2752528 sJ=-14024687 raw=0x1500080B ; R[16] = U[0][K[21] "Log"]
    [0162] GETFIELD       A=16 B=16 C=22 k=0 Bx=11296 sBx=-54239 Ax=2891792 sJ=-13885423 raw=0x1610080E ; R[16] = R[16][K[22] "Error"]
    [0163] LOADK          A=17 B=15 C=0 k=0 Bx=30 sBx=-65505 Ax=7697 sJ=-16769518 raw=0x000F0883 ; R[17] = K[30] "\u5355\u5143\u6D4B\u8BD5\u692D\u5706\u975E\u6CD5, \u4E2D\u5FC3\u70B9:"
    [0164] GETTABUP       A=18 B=4 C=25 k=0 Bx=12808 sBx=-52727 Ax=3278866 sJ=-13498349 raw=0x1904090B ; R[18] = U[4][K[25] "GetPosCopyStr"]
    [0165] MOVE           A=19 B=0 C=0 k=0 Bx=0 sBx=-65535 Ax=19 sJ=-16777196 raw=0x00000980
    [0166] CALL           A=18 B=2 C=0 k=0 Bx=4 sBx=-65531 Ax=1042 sJ=-16776173 raw=0x00020944
    [0167] CALL           A=16 B=0 C=1 k=0 Bx=512 sBx=-65023 Ax=131088 sJ=-16646127 raw=0x01000844
    [0168] GETTABUP       A=16 B=0 C=0 k=0 Bx=0 sBx=-65535 Ax=16 sJ=-16777199 raw=0x0000080B ; R[16] = U[0][K[0] "UE4"]
    [0169] GETFIELD       A=16 B=16 C=26 k=0 Bx=13344 sBx=-52191 Ax=3416080 sJ=-13361135 raw=0x1A10080E ; R[16] = R[16][K[26] "UNRCStatics"]
    [0170] GETFIELD       A=16 B=16 C=27 k=0 Bx=13856 sBx=-51679 Ax=3547152 sJ=-13230063 raw=0x1B10080E ; R[16] = R[16][K[27] "ClipboardCopy"]
    [0171] GETTABUP       A=17 B=4 C=25 k=0 Bx=12808 sBx=-52727 Ax=3278865 sJ=-13498350 raw=0x1904088B ; R[17] = U[4][K[25] "GetPosCopyStr"]
    [0172] MOVE           A=18 B=0 C=0 k=0 Bx=0 sBx=-65535 Ax=18 sJ=-16777197 raw=0x00000900
    [0173] CALL           A=17 B=2 C=0 k=0 Bx=4 sBx=-65531 Ax=1041 sJ=-16776174 raw=0x000208C4
    [0174] CALL           A=16 B=0 C=1 k=0 Bx=512 sBx=-65023 Ax=131088 sJ=-16646127 raw=0x01000844
    [0175] LOADFALSE      A=3 B=0 C=0 k=0 Bx=0 sBx=-65535 Ax=3 sJ=-16777212 raw=0x00000185
    [0176] TFORCALL       A=5 B=0 C=2 k=0 Bx=1024 sBx=-64511 Ax=262149 sJ=-16515066 raw=0x020002CC
    [0177] TFORLOOP       A=5 B=40 C=0 k=0 Bx=80 sBx=-65455 Ax=20485 sJ=-16756730 raw=0x002802CD
    [0178] CLOSE          A=5 B=0 C=0 k=0 Bx=0 sBx=-65535 Ax=5 sJ=-16777210 raw=0x000002B6
    [0179] TEST           A=3 B=0 C=0 k=0 Bx=0 sBx=-65535 Ax=3 sJ=-16777212 raw=0x000001C2
    [0180] JMP            A=1 B=0 C=128 k=0 Bx=65536 sBx=1 Ax=16777217 sJ=2 raw=0x800000B8
    [0181] TEST           A=2 B=0 C=0 k=0 Bx=0 sBx=-65535 Ax=2 sJ=-16777213 raw=0x00000142
    [0182] JMP            A=49 B=0 C=128 k=0 Bx=65536 sBx=1 Ax=16777265 sJ=50 raw=0x800018B8
    [0183] GETTABUP       A=5 B=0 C=28 k=0 Bx=14336 sBx=-51199 Ax=3670021 sJ=-13107194 raw=0x1C00028B ; R[5] = U[0][K[28] "pairs"]
    [0184] MOVE           A=6 B=4 C=0 k=0 Bx=8 sBx=-65527 Ax=2054 sJ=-16775161 raw=0x00040300
    [0185] CALL           A=5 B=2 C=5 k=0 Bx=2564 sBx=-62971 Ax=656389 sJ=-16120826 raw=0x050202C4
    [0186] TFORPREP       A=5 B=21 C=0 k=1 Bx=43 sBx=-65492 Ax=11013 sJ=-16766202 raw=0x001582CB
    [0187] GETI           A=11 B=10 C=3 k=0 Bx=1556 sBx=-63979 Ax=398347 sJ=-16378868 raw=0x030A058D
    [0188] EQI            A=11 B=128 C=0 k=0 Bx=256 sBx=-65279 Ax=65547 sJ=-16711668 raw=0x008005BD
    [0189] JMP            A=12 B=0 C=128 k=0 Bx=65536 sBx=1 Ax=16777228 sJ=13 raw=0x80000638
    [0190] GETTABUP       A=11 B=4 C=31 k=0 Bx=15880 sBx=-49655 Ax=4065291 sJ=-12711924 raw=0x1F04058B ; R[11] = U[4][K[31] "DebugSegmentSphere"]
    [0191] GETI           A=12 B=10 C=1 k=0 Bx=532 sBx=-65003 Ax=136204 sJ=-16641011 raw=0x010A060D
    [0192] GETI           A=13 B=10 C=2 k=0 Bx=1044 sBx=-64491 Ax=267277 sJ=-16509938 raw=0x020A068D
    [0193] LOADI          A=14 B=49 C=128 k=1 Bx=65635 sBx=100 Ax=16802574 sJ=25359 raw=0x80318701
    [0194] GETTABUP       A=15 B=0 C=0 k=0 Bx=0 sBx=-65535 Ax=15 sJ=-16777200 raw=0x0000078B ; R[15] = U[0][K[0] "UE4"]
    [0195] GETFIELD       A=15 B=15 C=32 k=0 Bx=16414 sBx=-49121 Ax=4201999 sJ=-12575216 raw=0x200F078E ; R[15] = R[15][K[32] "FLinearColor"]
    [0196] LOADI          A=16 B=255 C=127 k=1 Bx=65535 sBx=0 Ax=16776976 sJ=-239 raw=0x7FFF8801
    [0197] LOADI          A=17 B=0 C=128 k=0 Bx=65536 sBx=1 Ax=16777233 sJ=18 raw=0x80000881
    [0198] LOADI          A=18 B=255 C=127 k=1 Bx=65535 sBx=0 Ax=16776978 sJ=-237 raw=0x7FFF8901
    [0199] LOADI          A=19 B=0 C=128 k=0 Bx=65536 sBx=1 Ax=16777235 sJ=20 raw=0x80000981
    [0200] CALL           A=15 B=5 C=0 k=0 Bx=10 sBx=-65525 Ax=2575 sJ=-16774640 raw=0x000507C4
    [0201] CALL           A=11 B=0 C=1 k=0 Bx=512 sBx=-65023 Ax=131083 sJ=-16646132 raw=0x010005C4
    [0202] JMP            A=26 B=0 C=128 k=0 Bx=65536 sBx=1 Ax=16777242 sJ=27 raw=0x80000D38
    [0203] GETI           A=11 B=10 C=3 k=0 Bx=1556 sBx=-63979 Ax=398347 sJ=-16378868 raw=0x030A058D
    [0204] EQI            A=11 B=129 C=0 k=0 Bx=258 sBx=-65277 Ax=66059 sJ=-16711156 raw=0x008105BD
    [0205] JMP            A=12 B=0 C=128 k=0 Bx=65536 sBx=1 Ax=16777228 sJ=13 raw=0x80000638
    [0206] GETTABUP       A=11 B=4 C=33 k=0 Bx=16904 sBx=-48631 Ax=4327435 sJ=-12449780 raw=0x2104058B ; R[11] = U[4][K[33] "DebugSegmentBox"]
    [0207] GETI           A=12 B=10 C=1 k=0 Bx=532 sBx=-65003 Ax=136204 sJ=-16641011 raw=0x010A060D
    [0208] GETI           A=13 B=10 C=2 k=0 Bx=1044 sBx=-64491 Ax=267277 sJ=-16509938 raw=0x020A068D
    [0209] LOADI          A=14 B=49 C=128 k=1 Bx=65635 sBx=100 Ax=16802574 sJ=25359 raw=0x80318701
    [0210] GETTABUP       A=15 B=0 C=0 k=0 Bx=0 sBx=-65535 Ax=15 sJ=-16777200 raw=0x0000078B ; R[15] = U[0][K[0] "UE4"]
    [0211] GETFIELD       A=15 B=15 C=32 k=0 Bx=16414 sBx=-49121 Ax=4201999 sJ=-12575216 raw=0x200F078E ; R[15] = R[15][K[32] "FLinearColor"]
    [0212] LOADI          A=16 B=255 C=127 k=1 Bx=65535 sBx=0 Ax=16776976 sJ=-239 raw=0x7FFF8801
    [0213] LOADI          A=17 B=0 C=128 k=0 Bx=65536 sBx=1 Ax=16777233 sJ=18 raw=0x80000881
    [0214] LOADI          A=18 B=255 C=127 k=1 Bx=65535 sBx=0 Ax=16776978 sJ=-237 raw=0x7FFF8901
    [0215] LOADI          A=19 B=0 C=128 k=0 Bx=65536 sBx=1 Ax=16777235 sJ=20 raw=0x80000981
    [0216] CALL           A=15 B=5 C=0 k=0 Bx=10 sBx=-65525 Ax=2575 sJ=-16774640 raw=0x000507C4
    [0217] CALL           A=11 B=0 C=1 k=0 Bx=512 sBx=-65023 Ax=131083 sJ=-16646132 raw=0x010005C4
    [0218] JMP            A=10 B=0 C=128 k=0 Bx=65536 sBx=1 Ax=16777226 sJ=11 raw=0x80000538
    [0219] GETTABUP       A=11 B=4 C=34 k=0 Bx=17416 sBx=-48119 Ax=4458507 sJ=-12318708 raw=0x2204058B ; R[11] = U[4][K[34] "DebugDrawBox"]
    [0220] GETI           A=12 B=10 C=1 k=0 Bx=532 sBx=-65003 Ax=136204 sJ=-16641011 raw=0x010A060D
    [0221] LOADI          A=13 B=49 C=128 k=1 Bx=65635 sBx=100 Ax=16802573 sJ=25358 raw=0x80318681
    [0222] GETTABUP       A=14 B=0 C=0 k=0 Bx=0 sBx=-65535 Ax=14 sJ=-16777201 raw=0x0000070B ; R[14] = U[0][K[0] "UE4"]
    [0223] GETFIELD       A=14 B=14 C=32 k=0 Bx=16412 sBx=-49123 Ax=4201486 sJ=-12575729 raw=0x200E070E ; R[14] = R[14][K[32] "FLinearColor"]
    [0224] LOADI          A=15 B=0 C=128 k=0 Bx=65536 sBx=1 Ax=16777231 sJ=16 raw=0x80000781
    [0225] LOADI          A=16 B=255 C=127 k=1 Bx=65535 sBx=0 Ax=16776976 sJ=-239 raw=0x7FFF8801
    [0226] LOADI          A=17 B=255 C=127 k=1 Bx=65535 sBx=0 Ax=16776977 sJ=-238 raw=0x7FFF8881
    [0227] LOADI          A=18 B=0 C=128 k=0 Bx=65536 sBx=1 Ax=16777234 sJ=19 raw=0x80000901
    [0228] CALL           A=14 B=5 C=0 k=0 Bx=10 sBx=-65525 Ax=2574 sJ=-16774641 raw=0x00050744
    [0229] CALL           A=11 B=0 C=1 k=0 Bx=512 sBx=-65023 Ax=131083 sJ=-16646132 raw=0x010005C4
    [0230] TFORCALL       A=5 B=0 C=2 k=0 Bx=1024 sBx=-64511 Ax=262149 sJ=-16515066 raw=0x020002CC
    [0231] TFORLOOP       A=5 B=22 C=0 k=1 Bx=45 sBx=-65490 Ax=11525 sJ=-16765690 raw=0x001682CD
    [0232] CLOSE          A=5 B=0 C=0 k=0 Bx=0 sBx=-65535 Ax=5 sJ=-16777210 raw=0x000002B6
    [0233] RETURN         A=3 B=2 C=0 k=1 Bx=5 sBx=-65530 Ax=1283 sJ=-16775932 raw=0x000281C6
    [0234] RETURN         A=5 B=1 C=0 k=1 Bx=3 sBx=-65532 Ax=773 sJ=-16776442 raw=0x000182C6

  function[12] source="" lines=822-858 params=0 vararg=0 stack=255 upvalues=2
  constants (12):
    K[0] = "ipairs"
    K[1] = "mapData"
    K[2] = "x"
    K[3] = 0
    K[4] = "y"
    K[5] = "z"
    K[6] = "CalcEncounterRotate"
    K[7] = "UE4"
    K[8] = "FVector"
    K[9] = 100
    K[10] = "EncounterRotateTable"
    K[11] = "UnitTest3D"
  upvalues (2):
    U[0] = instack=0 idx=0 kind=1 name="_ENV"
    U[1] = instack=6 idx=0 kind=21 name="BattleField"
  locals (18):
    L[0] = "finalValid" pc=1-67
    L[1] = "(for state)" pc=4-65
    L[2] = "(for state)" pc=4-65
    L[3] = "(for state)" pc=4-65
    L[4] = "(for state)" pc=4-65
    L[5] = "i" pc=5-62
    L[6] = "d" pc=5-62
    L[7] = "data" pc=10-62
    L[8] = "rotate" pc=11-62
    L[9] = "extendType" pc=11-62
    L[10] = "erotate" pc=24-62
    L[11] = "ans" pc=38-62
    L[12] = "rotateAns" pc=39-62
    L[13] = "(for state)" pc=42-62
    L[14] = "(for state)" pc=42-62
    L[15] = "(for state)" pc=42-62
    L[16] = "i" pc=43-61
    L[17] = "foward" pc=51-61
  instructions (67):
    [0001] LOADTRUE       A=0 B=0 C=0 k=0 Bx=0 sBx=-65535 Ax=0 sJ=-16777215 raw=0x00000007
    [0002] GETTABUP       A=1 B=0 C=0 k=0 Bx=0 sBx=-65535 Ax=1 sJ=-16777214 raw=0x0000008B ; R[1] = U[0][K[0] "ipairs"]
    [0003] GETTABUP       A=2 B=1 C=1 k=0 Bx=514 sBx=-65021 Ax=131586 sJ=-16645629 raw=0x0101010B ; R[2] = U[1][K[1] "mapData"]
    [0004] CALL           A=1 B=2 C=5 k=0 Bx=2564 sBx=-62971 Ax=656385 sJ=-16120830 raw=0x050200C4
    [0005] TFORPREP       A=1 B=28 C=0 k=1 Bx=57 sBx=-65478 Ax=14593 sJ=-16762622 raw=0x001C80CB
    [0006] NEWTABLE       A=7 B=3 C=0 k=0 Bx=6 sBx=-65529 Ax=1543 sJ=-16775672 raw=0x00030393
    [0007] EXTRAARG       A=0 B=0 C=0 k=0 Bx=0 sBx=-65535 Ax=0 sJ=-16777215 raw=0x00000052
    [0008] SETFIELD       A=7 B=2 C=3 k=1 Bx=1541 sBx=-63994 Ax=394503 sJ=-16382712 raw=0x03028392 ; R[7][K[2] "x"] = R[3]
    [0009] SETFIELD       A=7 B=4 C=3 k=1 Bx=1545 sBx=-63990 Ax=395527 sJ=-16381688 raw=0x03048392 ; R[7][K[4] "y"] = R[3]
    [0010] SETFIELD       A=7 B=5 C=3 k=1 Bx=1547 sBx=-63988 Ax=396039 sJ=-16381176 raw=0x03058392 ; R[7][K[5] "z"] = R[3]
    [0011] LOADNIL        A=8 B=1 C=0 k=0 Bx=2 sBx=-65533 Ax=520 sJ=-16776695 raw=0x00010408
    [0012] GETI           A=10 B=6 C=4 k=0 Bx=2060 sBx=-63475 Ax=527370 sJ=-16249845 raw=0x0406050D
    [0013] SETFIELD       A=7 B=2 C=10 k=0 Bx=5124 sBx=-60411 Ax=1311751 sJ=-15465464 raw=0x0A020392 ; R[7][K[2] "x"] = R[10]
    [0014] GETI           A=10 B=6 C=5 k=0 Bx=2572 sBx=-62963 Ax=658442 sJ=-16118773 raw=0x0506050D
    [0015] SETFIELD       A=7 B=4 C=10 k=0 Bx=5128 sBx=-60407 Ax=1312775 sJ=-15464440 raw=0x0A040392 ; R[7][K[4] "y"] = R[10]
    [0016] GETI           A=10 B=6 C=6 k=0 Bx=3084 sBx=-62451 Ax=789514 sJ=-15987701 raw=0x0606050D
    [0017] SETFIELD       A=7 B=5 C=10 k=0 Bx=5130 sBx=-60405 Ax=1313287 sJ=-15463928 raw=0x0A050392 ; R[7][K[5] "z"] = R[10]
    [0018] GETI           A=8 B=6 C=7 k=0 Bx=3596 sBx=-61939 Ax=920584 sJ=-15856631 raw=0x0706040D
    [0019] GETI           A=9 B=6 C=8 k=0 Bx=4108 sBx=-61427 Ax=1051657 sJ=-15725558 raw=0x0806048D
    [0020] TEST           A=9 B=0 C=0 k=1 Bx=1 sBx=-65534 Ax=265 sJ=-16776950 raw=0x000084C2
    [0021] JMP            A=40 B=0 C=128 k=0 Bx=65536 sBx=1 Ax=16777256 sJ=41 raw=0x80001438
    [0022] GETTABUP       A=10 B=1 C=6 k=0 Bx=3074 sBx=-62461 Ax=786954 sJ=-15990261 raw=0x0601050B ; R[10] = U[1][K[6] "CalcEncounterRotate"]
    [0023] MOVE           A=11 B=8 C=0 k=0 Bx=16 sBx=-65519 Ax=4107 sJ=-16773108 raw=0x00080580
    [0024] CALL           A=10 B=2 C=2 k=0 Bx=1028 sBx=-64507 Ax=263178 sJ=-16514037 raw=0x02020544
    [0025] GETTABUP       A=11 B=0 C=7 k=0 Bx=3584 sBx=-61951 Ax=917515 sJ=-15859700 raw=0x0700058B ; R[11] = U[0][K[7] "UE4"]
    [0026] GETFIELD       A=11 B=11 C=8 k=0 Bx=4118 sBx=-61417 Ax=1054219 sJ=-15722996 raw=0x080B058E ; R[11] = R[11][K[8] "FVector"]
    [0027] GETFIELD       A=12 B=7 C=2 k=0 Bx=1038 sBx=-64497 Ax=265740 sJ=-16511475 raw=0x0207060E ; R[12] = R[7][K[2] "x"]
    [0028] UNM            A=12 B=12 C=0 k=0 Bx=24 sBx=-65511 Ax=6156 sJ=-16771059 raw=0x000C0631
    [0029] MULK           A=12 B=12 C=9 k=0 Bx=4632 sBx=-60903 Ax=1185804 sJ=-15591411 raw=0x090C0618 ; K[9] 100
    [0030] MMBINK         A=12 B=9 C=8 k=0 Bx=4114 sBx=-61421 Ax=1053196 sJ=-15724019 raw=0x08090630
    [0031] GETFIELD       A=13 B=7 C=5 k=0 Bx=2574 sBx=-62961 Ax=658957 sJ=-16118258 raw=0x0507068E ; R[13] = R[7][K[5] "z"]
    [0032] UNM            A=13 B=13 C=0 k=0 Bx=26 sBx=-65509 Ax=6669 sJ=-16770546 raw=0x000D06B1
    [0033] MULK           A=13 B=13 C=9 k=0 Bx=4634 sBx=-60901 Ax=1186317 sJ=-15590898 raw=0x090D0698 ; K[9] 100
    [0034] MMBINK         A=13 B=9 C=8 k=0 Bx=4114 sBx=-61421 Ax=1053197 sJ=-15724018 raw=0x080906B0
    [0035] GETFIELD       A=14 B=7 C=4 k=0 Bx=2062 sBx=-63473 Ax=527886 sJ=-16249329 raw=0x0407070E ; R[14] = R[7][K[4] "y"]
    [0036] MULK           A=14 B=14 C=9 k=0 Bx=4636 sBx=-60899 Ax=1186830 sJ=-15590385 raw=0x090E0718 ; K[9] 100
    [0037] MMBINK         A=14 B=9 C=8 k=0 Bx=4114 sBx=-61421 Ax=1053198 sJ=-15724017 raw=0x08090730
    [0038] CALL           A=11 B=4 C=2 k=0 Bx=1032 sBx=-64503 Ax=264203 sJ=-16513012 raw=0x020405C4
    [0039] LOADNIL        A=12 B=0 C=0 k=0 Bx=0 sBx=-65535 Ax=12 sJ=-16777203 raw=0x00000608
    [0040] LOADI          A=13 B=255 C=127 k=1 Bx=65535 sBx=0 Ax=16776973 sJ=-242 raw=0x7FFF8681
    [0041] LOADI          A=14 B=3 C=128 k=0 Bx=65542 sBx=7 Ax=16778766 sJ=1551 raw=0x80030701
    [0042] LOADI          A=15 B=0 C=128 k=0 Bx=65536 sBx=1 Ax=16777231 sJ=16 raw=0x80000781
    [0043] FORPREP        A=13 B=9 C=0 k=0 Bx=18 sBx=-65517 Ax=4621 sJ=-16772594 raw=0x000906CA
    [0044] SHLI           A=17 B=16 C=128 k=0 Bx=65568 sBx=33 Ax=16785425 sJ=8210 raw=0x801008A1
    [0045] MMBINI         A=16 B=128 C=16 k=1 Bx=8449 sBx=-57086 Ax=2162960 sJ=-14614255 raw=0x1080882F
    [0046] BAND           A=17 B=10 C=17 k=0 Bx=8724 sBx=-56811 Ax=2233361 sJ=-14543854 raw=0x110A08A9
    [0047] MMBIN          A=10 B=17 C=13 k=0 Bx=6690 sBx=-58845 Ax=1712650 sJ=-15064565 raw=0x0D11052E
    [0048] EQI            A=17 B=127 C=0 k=1 Bx=255 sBx=-65280 Ax=65297 sJ=-16711918 raw=0x007F88BD
    [0049] JMP            A=11 B=0 C=128 k=0 Bx=65536 sBx=1 Ax=16777227 sJ=12 raw=0x800005B8
    [0050] ADDI           A=17 B=16 C=128 k=0 Bx=65568 sBx=33 Ax=16785425 sJ=8210 raw=0x80100895
    [0051] MMBINI         A=16 B=128 C=6 k=0 Bx=3328 sBx=-62207 Ax=851984 sJ=-15925231 raw=0x0680082F
    [0052] GETTABUP       A=18 B=1 C=10 k=0 Bx=5122 sBx=-60413 Ax=1311250 sJ=-15465965 raw=0x0A01090B ; R[18] = U[1][K[10] "EncounterRotateTable"]
    [0053] GETTABLE       A=12 B=18 C=17 k=0 Bx=8740 sBx=-56795 Ax=2237452 sJ=-14539763 raw=0x1112060C
    [0054] GETTABUP       A=18 B=1 C=11 k=0 Bx=5634 sBx=-59901 Ax=1442322 sJ=-15334893 raw=0x0B01090B ; R[18] = U[1][K[11] "UnitTest3D"]
    [0055] MOVE           A=19 B=11 C=0 k=0 Bx=22 sBx=-65513 Ax=5651 sJ=-16771564 raw=0x000B0980
    [0056] MOVE           A=20 B=12 C=0 k=0 Bx=24 sBx=-65511 Ax=6164 sJ=-16771051 raw=0x000C0A00
    [0057] CALL           A=18 B=3 C=2 k=0 Bx=1030 sBx=-64505 Ax=263698 sJ=-16513517 raw=0x02030944
    [0058] TEST           A=18 B=0 C=0 k=1 Bx=1 sBx=-65534 Ax=274 sJ=-16776941 raw=0x00008942
    [0059] JMP            A=1 B=0 C=128 k=0 Bx=65536 sBx=1 Ax=16777217 sJ=2 raw=0x800000B8
    [0060] LOADFALSE      A=18 B=0 C=0 k=0 Bx=0 sBx=-65535 Ax=18 sJ=-16777197 raw=0x00000905
    [0061] RETURN         A=18 B=2 C=0 k=1 Bx=5 sBx=-65530 Ax=1298 sJ=-16775917 raw=0x00028946
    [0062] FORLOOP        A=13 B=9 C=0 k=1 Bx=19 sBx=-65516 Ax=4877 sJ=-16772338 raw=0x000986C9
    [0063] TFORCALL       A=1 B=0 C=2 k=0 Bx=1024 sBx=-64511 Ax=262145 sJ=-16515070 raw=0x020000CC
    [0064] TFORLOOP       A=1 B=29 C=0 k=1 Bx=59 sBx=-65476 Ax=15105 sJ=-16762110 raw=0x001D80CD
    [0065] CLOSE          A=1 B=0 C=0 k=0 Bx=0 sBx=-65535 Ax=1 sJ=-16777214 raw=0x000000B6
    [0066] RETURN         A=0 B=2 C=0 k=1 Bx=5 sBx=-65530 Ax=1280 sJ=-16775935 raw=0x00028046
    [0067] RETURN         A=1 B=1 C=0 k=1 Bx=3 sBx=-65532 Ax=769 sJ=-16776446 raw=0x000180C6
